14/04/2011 19:52:59 - Connection 0 sent SNAC(17,06), 38 bytes
2a 02 00 02 00 20 00 17 00 06 00 00 00 00 00 00 	*.... ..........
00 01 00 0a 36 32 35 38 35 30 36 32 36 20 00 4b 	....625850626 .K
00 00 00 5a 00 00 	...Z..

14/04/2011 19:53:00 - SNAC: (0017,0007), flags = 0000, requestID = 00000000
FLAP: channel = 2, sequence = ba52, datasize = 16
00 17 00 07 00 00 00 00 00 00 00 0a 33 36 37 39 	............3679
39 32 34 34 32 39 	924429

14/04/2011 19:53:00 - Connection 0 sent SNAC(17,02), 158 bytes
2a 02 00 03 00 98 00 17 00 02 00 00 00 00 00 01 	*...............
00 01 00 0a 36 32 35 38 35 30 36 32 36 20 00 03 	....625850626 ..
00 2d 41 4f 4c 20 49 6e 73 74 61 6e 74 20 4d 65 	.-AOL Instant Me
73 73 65 6e 67 65 72 2c 20 76 65 72 73 69 6f 6e 	ssenger, version
20 35 2e 31 2e 33 30 33 36 2f 57 49 4e 33 32 00 	 5.1.3036/WIN32.
0f 00 02 65 6e 00 0e 00 02 75 73 00 14 00 04 00 	...en....us.....
00 00 d2 00 16 00 02 01 09 00 17 00 02 00 05 00 	................
18 00 02 00 01 00 19 00 02 00 00 00 1a 00 02 0b 	................
dc 00 25 00 10 3c 5a a9 b7 1e 51 5a 21 d8 7d 48 	..%..<Z...QZ!.}H
5c b0 19 51 33 00 4a 00 01 01 00 4c 00 00 	\..Q3.J....L..

14/04/2011 19:53:00 - Received close connection FLAP

14/04/2011 19:53:00 - SNAC: (0017,0003), flags = 0000, requestID = 00000001
FLAP: channel = 2, sequence = ba53, datasize = 26b
00 17 00 03 00 00 00 00 00 01 00 8e 00 01 00 00 	................
01 00 09 36 32 35 38 35 30 36 32 36 00 05 00 11 	...625850626....
32 30 35 2e 31 38 38 2e 34 2e 34 38 3a 35 31 39 	205.188.4.48:519
30 00 06 01 00 42 2b bc 1e 69 aa b7 9a 09 a0 7e 	0....B+..i.....~
d8 f7 f2 c9 7d a1 eb fe ac 58 5a 1a b6 e7 3a 0a 	....}....XZ...:.
12 b6 75 ed b8 bb 77 5c 59 3c 7e f6 e6 cb bc 4f 	..u...w\Y<~....O
5a 06 a8 69 ba f9 36 38 14 2d 38 b5 80 01 db e8 	Z..i..68.-8.....
27 68 01 9c 0a f6 fb 5e 15 80 12 b3 3e 9a d9 f7 	'h.....^....>...
f9 4f ee 8f bf ef 16 e8 1f cf bc 3a 75 9f 95 dd 	.O.........:u...
0a 81 a9 56 09 55 6f 74 e7 be 70 7c b4 86 27 84 	...V.Uot..p|..'.
24 dd df ae 5e 3f 8c 4e bf 53 d7 23 a3 20 19 cf 	$...^?.N.S.#. ..
f9 56 1f 80 ec cd 59 d4 aa 18 ca 74 e4 76 2d 87 	.V....Y....t.v-.
e4 e3 d1 0b 42 c1 db 72 5e 07 48 c5 ae ff 1e 7f 	....B..r^.H.....
a2 69 11 22 0a 28 d5 74 0d 87 61 74 fb 0d e8 12 	.i.".(.t..at....
dd c0 99 62 31 79 0f d7 29 e4 3e f1 47 49 66 c7 	...b1y..).>.GIf.
85 b9 29 b4 d6 35 ad b2 50 16 14 c6 6a b7 2f 03 	..)..5..P...j./.
4c 6e 95 8b 44 b5 b4 b7 8d c8 5d 8a 50 ad 64 e6 	Ln..D.....].P.d.
5b c7 96 d4 27 45 b4 8c 78 6f 2f c8 2a 7c 9c 03 	[...'E..xo/.*|..
de 4d db 79 89 e7 1d 49 70 ce 9f 21 df 99 50 19 	.M.y...Ip..!..P.
27 fa 79 f7 8e 00 40 00 04 00 00 1b 6d 00 43 00 	'.y...@.....m.C.
07 37 2e 32 2e 36 2e 31 00 41 00 4a 68 74 74 70 	.7.2.6.1.A.Jhttp
3a 2f 2f 64 6f 77 6e 6c 6f 61 64 2e 6e 65 77 61 	://download.newa
6f 6c 2e 63 6f 6d 2f 61 69 6d 2f 77 69 6e 39 35 	ol.com/aim/win95
2f 49 6e 73 74 61 6c 6c 5f 41 49 4d 5f 55 70 67 	/Install_AIM_Upg
72 61 64 65 41 49 4d 35 2e 78 5f 37 2e 32 2e 36 	radeAIM5.x_7.2.6
2e 31 2e 65 78 65 00 42 00 12 68 74 74 70 3a 2f 	.1.exe.B..http:/
2f 77 77 77 2e 61 69 6d 2e 63 6f 6d 00 48 00 20 	/www.aim.com.H. 
35 33 64 31 32 65 32 33 39 32 31 62 38 32 39 34 	53d12e23921b8294
61 64 65 30 30 66 36 35 35 37 36 35 64 65 38 33 	ade00f655765de83
00 44 00 04 00 00 1b 6e 00 47 00 07 37 2e 32 2e 	.D.....n.G..7.2.
36 2e 31 00 45 00 4a 68 74 74 70 3a 2f 2f 64 6f 	6.1.E.Jhttp://do
77 6e 6c 6f 61 64 2e 6e 65 77 61 6f 6c 2e 63 6f 	wnload.newaol.co
6d 2f 61 69 6d 2f 77 69 6e 39 35 2f 49 6e 73 74 	m/aim/win95/Inst
61 6c 6c 5f 41 49 4d 5f 55 70 67 72 61 64 65 41 	all_AIM_UpgradeA
49 4d 35 2e 78 5f 37 2e 32 2e 36 2e 31 2e 65 78 	IM5.x_7.2.6.1.ex
65 00 46 00 12 68 74 74 70 3a 2f 2f 77 77 77 2e 	e.F..http://www.
61 69 6d 2e 63 6f 6d 00 49 00 20 35 33 64 31 32 	aim.com.I. 53d12
65 32 33 39 32 31 62 38 32 39 34 61 64 65 30 30 	e23921b8294ade00
66 36 35 35 37 36 35 64 65 38 33 	f655765de83

14/04/2011 19:53:10 - SNAC: (0001,0003), flags = 0000, requestID = c5175f22
FLAP: channel = 2, sequence = e7c3, datasize = 28
00 01 00 03 00 00 c5 17 5f 22 00 01 00 02 00 03 	........_"......
00 04 00 06 00 08 00 09 00 0a 00 0b 00 0c 00 13 	................
00 15 00 22 00 24 00 25 	...".$.%

14/04/2011 19:53:10 - Connection 1 sent SNAC(01,17), 64 bytes
2a 02 00 02 00 3a 00 01 00 17 00 00 00 00 00 02 	*....:..........
00 15 00 01 00 13 00 04 00 0c 00 01 00 0b 00 01 	................
00 0a 00 01 00 09 00 01 00 08 00 01 00 06 00 01 	................
00 04 00 01 00 03 00 01 00 02 00 01 00 01 00 03 	................
	

14/04/2011 19:53:10 - SNAC: (0001,0015), flags = 0000, requestID = c5175f23
FLAP: channel = 2, sequence = e7c4, datasize = 13c
00 01 00 15 00 00 c5 17 5f 23 00 03 00 1e 68 74 	........_#....ht
74 70 3a 2f 2f 61 70 69 2e 69 63 71 2e 6e 65 74 	tp://api.icq.net
2f 6c 69 66 65 73 74 72 65 61 6d 2f 00 07 00 25 	/lifestream/...%
68 74 74 70 3a 2f 2f 6f 2e 69 63 71 63 64 6e 2e 	http://o.icqcdn.
63 6f 6d 2f 6c 69 66 65 73 74 72 65 61 6d 2f 70 	com/lifestream/p
68 6f 74 6f 2f 00 08 00 27 68 74 74 70 3a 2f 2f 	hoto/...'http://
6c 69 66 65 73 74 72 65 61 6d 2e 69 63 71 2e 63 	lifestream.icq.c
6f 6d 2f 70 68 6f 74 6f 2f 75 70 6c 6f 61 64 3f 	om/photo/upload?
00 09 00 13 68 74 74 70 3a 2f 2f 61 70 69 2e 69 	....http://api.i
63 71 2e 6e 65 74 2f 00 0a 00 22 68 74 74 70 3a 	cq.net/..."http:
2f 2f 6c 69 66 65 73 74 72 65 61 6d 2e 69 63 71 	//lifestream.icq
2e 63 6f 6d 2f 73 65 74 74 69 6e 67 73 00 0f 00 	.com/settings...
1a 68 74 74 70 3a 2f 2f 6c 69 66 65 73 74 72 65 	.http://lifestre
61 6d 2e 69 63 71 2e 63 6f 6d 2f 00 10 00 2b 68 	am.icq.com/...+h
74 74 70 3a 2f 2f 6c 69 66 65 73 74 72 65 61 6d 	ttp://lifestream
2e 69 63 71 2e 63 6f 6d 2f 70 68 6f 74 6f 2f 6c 	.icq.com/photo/l
69 66 65 73 74 72 65 61 6d 2f 00 13 00 2e 68 74 	ifestream/....ht
74 70 3a 2f 2f 6f 2e 61 6f 6c 63 64 6e 2e 63 6f 	tp://o.aolcdn.co
6d 2f 6c 69 66 65 73 74 72 65 61 6d 2f 63 6c 69 	m/lifestream/cli
65 6e 74 2f 77 61 74 63 68 65 72 73 	ent/watchers

14/04/2011 19:53:10 - SNAC: (0001,0018), flags = 0000, requestID = c51760f8
FLAP: channel = 2, sequence = e7c5, datasize = 46
00 01 00 18 00 00 c5 17 60 f8 00 01 00 04 00 02 	........`.......
00 01 00 03 00 01 00 04 00 01 00 06 00 01 00 08 	................
00 01 00 09 00 01 00 0a 00 01 00 0b 00 01 00 0c 	................
00 01 00 13 00 05 00 15 00 02 00 22 00 01 00 24 	..........."...$
00 01 00 25 00 01 	...%..

14/04/2011 19:53:10 - Connection 1 sent SNAC(01,06), 16 bytes
2a 02 00 03 00 0a 00 01 00 06 00 00 00 00 00 03 	*...............
	

14/04/2011 19:53:10 - SNAC: (0001,0013), flags = 0000, requestID = c51760f9
FLAP: channel = 2, sequence = e7c6, datasize = 18
00 01 00 13 00 00 c5 17 60 f9 00 05 00 02 00 02 	........`.......
00 1e 00 03 00 02 04 b0 	........

14/04/2011 19:53:10 - SNAC: (0001,0007), flags = 0000, requestID = 00000003
FLAP: channel = 2, sequence = e7c7, datasize = 5ff
00 01 00 07 00 00 00 00 00 03 00 05 00 01 00 00 	................
00 50 00 00 09 c4 00 00 07 d0 00 00 05 dc 00 00 	.P..............
03 20 00 00 16 e1 00 00 17 70 00 00 00 00 00 00 	. .......p......
02 00 00 00 50 00 00 0b b8 00 00 07 d0 00 00 05 	....P...........
dc 00 00 03 e8 00 00 17 70 00 00 17 70 00 00 02 	........p...p...
06 00 00 03 00 00 00 14 00 00 0c 1c 00 00 09 c4 	................
00 00 07 d0 00 00 05 dc 00 00 0d ac 00 00 11 94 	................
00 00 02 06 00 00 04 00 00 00 14 00 00 15 7c 00 	..............|.
00 14 b4 00 00 10 68 00 00 0b b8 00 00 17 70 00 	......h.......p.
00 1f 40 00 00 02 06 00 00 05 00 00 00 0a 00 00 	..@.............
15 7c 00 00 14 b4 00 00 10 68 00 00 0b b8 00 00 	.|.......h......
17 70 00 00 1f 40 00 00 02 06 00 00 01 01 41 00 	.p...@........A.
01 00 01 00 01 00 02 00 01 00 03 00 01 00 04 00 	................
01 00 05 00 01 00 06 00 01 00 07 00 01 00 08 00 	................
01 00 09 00 01 00 0a 00 01 00 0b 00 01 00 0c 00 	................
01 00 0d 00 01 00 0e 00 01 00 0f 00 01 00 10 00 	................
01 00 11 00 01 00 12 00 01 00 13 00 01 00 14 00 	................
01 00 15 00 01 00 16 00 01 00 17 00 01 00 18 00 	................
01 00 19 00 01 00 1a 00 01 00 1b 00 01 00 1c 00 	................
01 00 1d 00 01 00 1f 00 01 00 20 00 01 00 21 00 	.......... ...!.
01 00 22 00 01 00 23 00 01 00 24 00 01 00 25 00 	.."...#...$...%.
01 00 26 00 01 00 27 00 01 00 28 00 01 00 29 00 	..&...'...(...).
01 00 2a 00 02 00 01 00 02 00 02 00 02 00 03 00 	..*.............
02 00 04 00 02 00 06 00 02 00 07 00 02 00 08 00 	................
02 00 0a 00 02 00 0c 00 02 00 0d 00 02 00 0e 00 	................
02 00 0f 00 02 00 10 00 02 00 11 00 02 00 12 00 	................
02 00 13 00 02 00 14 00 02 00 15 00 02 00 16 00 	................
02 00 17 00 02 00 18 00 02 00 19 00 03 00 01 00 	................
03 00 02 00 03 00 03 00 03 00 06 00 03 00 07 00 	................
03 00 08 00 03 00 09 00 03 00 0a 00 03 00 0b 00 	................
03 00 0c 00 03 00 0d 00 03 00 0e 00 03 00 0f 00 	................
03 00 10 00 03 00 11 00 03 00 12 00 03 00 13 00 	................
03 00 14 00 03 00 15 00 04 00 01 00 04 00 02 00 	................
04 00 03 00 04 00 04 00 04 00 05 00 04 00 07 00 	................
04 00 08 00 04 00 09 00 04 00 0a 00 04 00 0b 00 	................
04 00 0c 00 04 00 0d 00 04 00 0e 00 04 00 0f 00 	................
04 00 10 00 04 00 11 00 04 00 12 00 04 00 13 00 	................
04 00 14 00 04 00 15 00 04 00 16 00 04 00 17 00 	................
04 00 18 00 04 00 19 00 06 00 01 00 06 00 02 00 	................
06 00 03 00 08 00 01 00 08 00 02 00 09 00 01 00 	................
09 00 02 00 09 00 03 00 09 00 04 00 09 00 09 00 	................
09 00 0a 00 09 00 0b 00 0a 00 01 00 0a 00 02 00 	................
0a 00 03 00 0b 00 01 00 0b 00 02 00 0b 00 03 00 	................
0b 00 04 00 0c 00 01 00 0c 00 02 00 0c 00 03 00 	................
13 00 01 00 13 00 02 00 13 00 03 00 13 00 04 00 	................
13 00 05 00 13 00 06 00 13 00 07 00 13 00 08 00 	................
13 00 09 00 13 00 0a 00 13 00 0b 00 13 00 0c 00 	................
13 00 0d 00 13 00 0e 00 13 00 0f 00 13 00 10 00 	................
13 00 11 00 13 00 12 00 13 00 13 00 13 00 14 00 	................
13 00 15 00 13 00 16 00 13 00 17 00 13 00 18 00 	................
13 00 19 00 13 00 1a 00 13 00 1b 00 13 00 1c 00 	................
13 00 1d 00 13 00 1e 00 13 00 1f 00 13 00 20 00 	.............. .
13 00 21 00 13 00 22 00 13 00 23 00 13 00 24 00 	..!..."...#...$.
13 00 25 00 13 00 26 00 13 00 27 00 13 00 28 00 	..%...&...'...(.
13 00 29 00 13 00 2a 00 13 00 2b 00 13 00 2c 00 	..)...*...+...,.
13 00 2d 00 13 00 2e 00 13 00 2f 00 13 00 30 00 	..-......./...0.
13 00 31 00 13 00 32 00 13 00 33 00 13 00 34 00 	..1...2...3...4.
13 00 35 00 13 00 36 00 13 00 37 00 13 00 38 00 	..5...6...7...8.
13 00 39 00 13 00 3a 00 13 00 3b 00 13 00 3c 00 	..9...:...;...<.
13 00 3d 00 13 00 3e 00 13 00 3f 00 13 00 40 00 	..=...>...?...@.
13 00 41 00 13 00 42 00 13 00 43 00 13 00 44 00 	..A...B...C...D.
13 00 45 00 13 00 46 00 13 00 47 00 13 00 48 00 	..E...F...G...H.
13 00 49 00 13 00 4a 00 13 00 4b 00 13 00 4c 00 	..I...J...K...L.
13 00 4d 00 13 00 4e 00 13 00 4f 00 13 00 50 00 	..M...N...O...P.
13 00 51 00 13 00 52 00 13 00 53 00 13 00 54 00 	..Q...R...S...T.
13 00 55 00 13 00 56 00 15 00 01 00 15 00 02 00 	..U...V.........
15 00 03 00 22 00 01 00 22 00 02 00 22 00 03 00 	...."..."..."...
24 00 01 00 24 00 02 00 24 00 03 00 24 00 04 00 	$...$...$...$...
24 00 05 00 24 00 06 00 24 00 07 00 24 00 08 00 	$...$...$...$...
24 00 09 00 24 00 0a 00 24 00 0b 00 24 00 0c 00 	$...$...$...$...
24 00 0d 00 24 00 0e 00 24 00 0f 00 24 00 10 00 	$...$...$...$...
24 00 11 00 24 00 12 00 24 00 13 00 24 00 14 00 	$...$...$...$...
24 00 15 00 24 00 16 00 24 00 17 00 24 00 18 00 	$...$...$...$...
24 00 19 00 24 00 1a 00 24 00 1b 00 24 00 1c 00 	$...$...$...$...
24 00 1d 00 24 00 1e 00 24 00 1f 00 24 00 20 00 	$...$...$...$. .
24 00 21 00 24 00 22 00 24 00 23 00 24 00 24 00 	$.!.$.".$.#.$.$.
24 00 25 00 24 00 26 00 24 00 27 00 24 00 28 00 	$.%.$.&.$.'.$.(.
24 00 29 00 24 00 2a 00 24 00 2b 00 24 00 2c 00 	$.).$.*.$.+.$.,.
24 00 2d 00 24 00 2e 00 24 00 2f 00 24 00 30 00 	$.-.$...$./.$.0.
24 00 31 00 24 00 32 00 24 00 33 00 24 00 34 00 	$.1.$.2.$.3.$.4.
24 00 35 00 24 00 36 00 24 00 37 00 24 00 38 00 	$.5.$.6.$.7.$.8.
24 00 39 00 24 00 3a 00 24 00 3b 00 24 00 3c 00 	$.9.$.:.$.;.$.<.
24 00 3d 00 24 00 3e 00 24 00 3f 00 24 00 40 00 	$.=.$.>.$.?.$.@.
24 00 41 00 24 00 42 00 24 00 43 00 24 00 44 00 	$.A.$.B.$.C.$.D.
24 00 45 00 24 00 46 00 24 00 47 00 24 00 48 00 	$.E.$.F.$.G.$.H.
24 00 49 00 24 00 4a 00 24 00 4b 00 24 00 4c 00 	$.I.$.J.$.K.$.L.
24 00 4d 00 24 00 4e 00 24 00 4f 00 24 00 50 00 	$.M.$.N.$.O.$.P.
24 00 51 00 24 00 52 00 24 00 53 00 24 00 54 00 	$.Q.$.R.$.S.$.T.
24 00 55 00 24 00 56 00 24 00 57 00 24 00 58 00 	$.U.$.V.$.W.$.X.
24 00 59 00 24 00 5a 00 24 00 5b 00 24 00 5c 00 	$.Y.$.Z.$.[.$.\.
25 00 01 00 25 00 02 00 25 00 03 00 25 00 04 00 	%...%...%...%...
25 00 05 00 25 00 06 00 25 00 07 00 25 00 08 00 	%...%...%...%...
25 00 09 00 02 00 06 00 03 00 04 00 03 00 05 00 	%...............
09 00 05 00 09 00 06 00 09 00 07 00 09 00 08 00 	................
03 00 03 00 01 00 1e 00 02 00 05 00 04 00 06 00 	................
04 00 02 00 02 00 09 00 02 00 0b 00 05 00 00 	...............

14/04/2011 19:53:10 - Connection 1 sent SNAC(01,08), 26 bytes
2a 02 00 04 00 14 00 01 00 08 00 00 00 00 00 04 	*...............
00 01 00 02 00 03 00 04 00 05 	..........

14/04/2011 19:53:10 - Connection 1 sent SNAC(01,0e), 16 bytes
2a 02 00 05 00 0a 00 01 00 0e 00 00 00 00 00 05 	*...............
	

14/04/2011 19:53:10 - Connection 1 sent SNAC(13,02), 16 bytes
2a 02 00 06 00 0a 00 13 00 02 00 00 00 00 00 06 	*...............
	

14/04/2011 19:53:10 - Connection 1 sent SNAC(13,04), 16 bytes
2a 02 00 07 00 0a 00 13 00 04 00 00 00 00 00 07 	*...............
	

14/04/2011 19:53:10 - Connection 1 sent SNAC(02,02), 16 bytes
2a 02 00 08 00 0a 00 02 00 02 00 00 00 00 00 08 	*...............
	

14/04/2011 19:53:11 - Connection 1 sent SNAC(03,02), 16 bytes
2a 02 00 09 00 0a 00 03 00 02 00 00 00 00 00 09 	*...............
	

14/04/2011 19:53:11 - Connection 1 sent SNAC(04,04), 16 bytes
2a 02 00 0a 00 0a 00 04 00 04 00 00 00 00 00 0a 	*...............
	

14/04/2011 19:53:11 - Connection 1 sent SNAC(09,02), 16 bytes
2a 02 00 0b 00 0a 00 09 00 02 00 00 00 00 00 0b 	*...............
	

14/04/2011 19:53:11 - SNAC: (0001,000f), flags = 0000, requestID = 00000005
FLAP: channel = 2, sequence = e7c8, datasize = 128
00 01 00 0f 00 00 00 00 00 05 09 36 32 35 38 35 	...........62585
30 36 32 36 00 00 00 0e 00 01 00 02 00 51 00 0c 	0626.........Q..
00 25 00 00 00 00 00 00 00 00 00 00 00 00 00 00 	.%..............
00 00 00 00 00 00 00 00 00 00 00 00 00 00 00 00 	................
00 00 00 00 00 00 00 00 0a 00 04 84 40 51 bc 00 	............@Q..
05 00 04 4d a6 cb 05 00 0f 00 04 00 00 00 01 00 	...M............
03 00 04 4d a7 26 7b 00 15 00 04 00 00 08 00 00 	...M.&{.........
22 00 02 13 74 00 1e 00 04 00 00 00 00 00 28 00 	"...t.........(.
01 0d 00 2d 00 04 00 00 00 00 00 2c 00 04 00 00 	...-.......,....
00 00 00 18 00 0c 4f 66 65 72 66 72 69 64 20 53 	......Oferfrid S
4d 53 00 37 00 04 00 00 00 00 09 36 32 35 38 35 	MS.7.......62585
30 36 32 36 00 00 00 0b 00 01 00 02 00 51 00 0c 	0626.........Q..
00 25 00 00 00 00 00 00 00 00 00 00 00 00 00 00 	.%..............
00 00 00 00 00 00 00 00 00 00 00 00 00 00 00 00 	................
00 00 00 00 00 00 00 00 0a 00 04 84 40 51 bc 00 	............@Q..
0f 00 04 00 00 00 01 00 2a 00 02 69 6c 00 14 00 	........*..il...
01 0d 00 03 00 04 4d a7 26 7b 00 15 00 04 00 00 	......M.&{......
08 00 00 22 00 02 13 74 00 1e 00 04 00 00 00 00 	..."...t........
00 05 00 04 4d a6 cb 05 	....M...

14/04/2011 19:53:11 - Connection 1 sent SNAC(02,04), 84 bytes
2a 02 00 0c 00 4e 00 02 00 04 00 00 00 00 00 0c 	*....N..........
00 05 00 40 09 19 19 82 de ad be ef ca fe 44 45 	...@..........DE
53 54 00 00 09 46 13 43 4c 7f 11 d1 82 22 44 45 	ST...F.CL...."DE
53 54 00 00 09 46 13 45 4c 7f 11 d1 82 22 44 45 	ST...F.EL...."DE
53 54 00 00 74 8f 24 20 62 87 11 d1 82 22 44 45 	ST..t.$ b...."DE
53 54 00 00 	ST..

14/04/2011 19:53:11 - Connection 1 sent SNAC(02,04), 16 bytes
2a 02 00 0d 00 0a 00 02 00 04 00 00 00 00 00 0d 	*...............
	

14/04/2011 19:53:11 - SNAC: (0013,0003), flags = 0000, requestID = 00000006
FLAP: channel = 2, sequence = e7c9, datasize = b8
00 13 00 03 00 00 00 00 00 06 00 04 00 5e 0d ac 	.............^..
00 64 05 dc 05 dc 00 01 00 01 00 32 00 00 00 00 	.d.........2....
00 03 00 00 00 00 00 00 00 80 03 e8 00 14 00 c8 	................
00 01 00 00 00 01 00 0f 00 01 00 28 00 00 00 00 	...........(....
00 c8 00 01 00 14 00 c8 00 01 00 08 00 14 00 01 	................
00 00 00 00 00 00 00 32 00 00 00 05 01 f4 00 01 	.......2........
00 08 05 dc 00 01 00 00 00 00 05 dc 00 02 00 02 	................
00 fe 00 03 00 02 06 a2 00 05 00 02 00 64 00 06 	.............d..
00 02 00 61 00 07 00 02 00 c8 00 08 00 02 00 0a 	...a............
00 09 00 04 00 06 97 80 00 0a 00 04 00 00 00 0e 	................
00 0b 00 02 00 00 00 0c 00 02 02 58 00 0d 00 02 	...........X....
00 00 00 0e 00 02 00 20 	....... 

14/04/2011 19:53:12 - SNAC: (0013,0006), flags = 0000, requestID = 00000007
FLAP: channel = 2, sequence = e7ca, datasize = 29f
00 13 00 06 00 00 00 00 00 07 00 00 11 00 00 00 	................
00 00 00 00 01 00 0a 00 c8 00 06 00 01 00 03 00 	................
02 00 00 00 00 00 01 00 04 00 05 01 6e 00 01 03 	............n...
00 00 00 00 00 02 00 05 00 10 00 c9 00 04 00 00 	................
00 00 00 d6 00 04 00 00 00 00 00 08 49 43 51 2d 	............ICQ-
4d 44 49 52 00 00 00 03 00 20 00 20 01 5c 00 10 	MDIR..... . .\..
e1 3a 1c c5 d2 53 4e 0f ab e0 af 1b 81 7b 55 3e 	.:...SN......{U>
01 5d 00 08 40 e3 d8 ad d8 45 c8 a1 00 08 66 61 	.]..@....E....fa
63 65 62 6f 6f 6b 00 00 00 05 00 29 00 22 00 8b 	cebook.....)."..
00 04 4d a6 cb 48 00 81 00 01 01 00 85 00 04 4d 	..M..H.........M
a6 cb 48 00 82 00 01 01 00 98 00 04 00 00 00 01 	..H.............
00 00 00 00 00 06 00 15 00 06 00 c8 00 02 00 02 	................
00 00 00 00 00 08 00 28 00 08 01 c2 00 04 4d a6 	.......(......M.
cc 28 00 0d 2b 39 37 32 35 32 33 35 35 31 30 32 	.(..+97252355102
31 00 00 00 09 00 19 00 0c 00 6d 00 08 4d a6 cc 	1.........m..M..
e8 3f 80 00 00 00 00 00 00 00 0a 00 1d 00 70 00 	.?............p.
67 00 04 4d a6 cd ac 01 50 00 04 00 00 00 04 01 	g..M....P.......
53 00 04 00 00 00 07 01 52 00 04 00 00 00 00 01 	S.......R.......
51 00 04 00 00 39 5f 01 60 00 04 4d a7 22 e5 01 	Q....9_.`..M."..
64 00 04 00 00 00 00 01 6f 00 04 00 00 00 00 01 	d.......o.......
70 00 04 00 00 00 00 01 71 00 04 00 00 00 00 01 	p.......q.......
c3 00 04 4d a6 cd ac 01 c4 00 04 4d a6 cd ac 01 	...M.......M....
c5 00 04 4d a6 cd ac 01 c6 00 04 4d a6 cb 05 00 	...M.......M....
0d 2b 39 37 32 35 34 34 35 32 36 33 39 31 00 00 	.+972544526391..
00 0d 00 19 00 0c 00 6d 00 08 4d a7 09 f8 3f 80 	.......m..M...?.
00 00 00 05 50 68 6f 6e 65 00 01 00 00 00 01 00 	....Phone.......
08 00 c8 00 04 00 01 00 02 00 0a 4f 66 65 72 20 	...........Ofer 
70 68 6f 6e 65 00 01 00 01 00 00 00 23 01 4a 00 	phone.......#.J.
00 01 3a 00 0d 2b 39 37 32 35 34 34 35 32 36 33 	..:..+9725445263
39 31 01 31 00 0a 4f 66 65 72 20 70 68 6f 6e 65 	91.1..Ofer phone
00 09 36 35 31 37 39 23 65 78 74 00 01 00 02 00 	..65179#ext.....
00 00 24 01 4a 00 00 01 3a 00 0d 2b 39 37 32 35 	..$.J...:..+9725
32 33 35 35 31 30 32 31 01 31 00 0b 49 69 72 69 	23551021.1..Iiri
74 20 50 68 6f 6e 65 00 0b 4e 6f 74 20 49 6e 20 	t Phone..Not In 
4c 69 73 74 00 02 00 00 00 01 00 12 00 6a 00 00 	List.........j..
00 76 00 04 00 00 01 52 00 c8 00 02 00 02 00 09 	.v.....R........
32 32 31 33 34 35 31 38 32 00 02 00 02 00 00 00 	221345182.......
14 01 49 00 00 00 6a 00 00 00 6d 00 08 4d a6 cf 	..I...j...m..M..
81 3f 80 00 00 00 07 46 72 69 65 6e 64 73 00 03 	.?.....Friends..
00 00 00 01 00 06 00 c8 00 02 00 01 00 09 33 38 	..............38
39 34 34 34 31 31 38 00 03 00 01 00 00 00 0c 00 	9444118.........
6d 00 08 4d a7 17 88 00 00 00 00 4d a7 22 e5 	m..M.......M.".

14/04/2011 19:53:13 - Got unrecognized SSI item of type 32

14/04/2011 19:53:13 - Got unrecognized SSI item of type 41

14/04/2011 19:53:13 - Got unrecognized SSI item of type 21

14/04/2011 19:53:13 - Got unrecognized SSI item of type 40

14/04/2011 19:53:13 - Got unrecognized SSI item of type 25

14/04/2011 19:53:13 - Got unrecognized SSI item of type 29

14/04/2011 19:53:13 - Got unrecognized SSI item of type 25

14/04/2011 19:53:18 - Connection 1 sent SNAC(01,02), 112 bytes
2a 02 00 0e 00 6a 00 01 00 02 00 00 00 00 00 0e 	*....j..........
00 15 00 01 01 10 04 7c 00 13 00 04 01 10 06 29 	.......|.......)
00 0c 00 01 01 04 00 01 00 0b 00 01 01 04 00 01 	................
00 0a 00 01 01 10 06 29 00 09 00 01 01 10 06 29 	.......).......)
00 08 00 01 01 04 00 01 00 06 00 01 01 10 06 29 	...............)
00 04 00 01 01 10 06 29 00 03 00 01 01 10 06 29 	.......).......)
00 02 00 01 01 10 06 29 00 01 00 03 01 10 06 29 	.......).......)
	

14/04/2011 19:53:18 - Connection 1 sent SNAC(01,1e), 28 bytes
2a 02 00 0f 00 16 00 01 00 1e 00 00 00 00 00 0f 	*...............
00 1d 00 08 00 02 04 04 00 00 00 00 	............

14/04/2011 19:53:18 - Connection 1 sent SNAC(13,07), 16 bytes
2a 02 00 10 00 0a 00 13 00 07 00 00 00 00 00 11 	*...............
	

14/04/2011 19:53:18 - Connection 1 sent SNAC(01,1e), 24 bytes
2a 02 00 11 00 12 00 01 00 1e 00 00 00 00 00 10 	*...............
00 06 00 04 00 00 00 00 	........

14/04/2011 19:53:18 - SNAC: (0002,0003), flags = 0000, requestID = 00000008
FLAP: channel = 2, sequence = e7cb, datasize = 28
00 02 00 03 00 00 00 00 00 08 00 01 00 02 10 00 	................
00 02 00 02 00 12 00 05 00 02 00 80 00 03 00 02 	................
00 0a 00 04 00 02 10 00 	........

14/04/2011 19:53:18 - SNAC: (0003,0003), flags = 0000, requestID = 00000009
FLAP: channel = 2, sequence = e7cc, datasize = 22
00 03 00 03 00 00 00 00 00 09 00 02 00 02 0b b8 	................
00 01 00 02 05 dc 00 03 00 02 02 00 00 04 00 02 	................
00 a0 	..

14/04/2011 19:53:18 - SNAC: (0004,0005), flags = 0000, requestID = 0000000a
FLAP: channel = 2, sequence = e7cd, datasize = 1a
00 04 00 05 00 00 00 00 00 0a 00 04 00 00 00 03 	................
0f a0 03 84 03 e7 00 00 03 e8 	..........

14/04/2011 19:53:18 - SNAC: (0009,0003), flags = 0000, requestID = 0000000b
FLAP: channel = 2, sequence = e7ce, datasize = 16
00 09 00 03 00 00 00 00 00 0b 00 02 00 02 03 e8 	................
00 01 00 02 03 e8 	......

14/04/2011 19:53:18 - SNAC: (0002,0001), flags = 0000, requestID = 0000000d
FLAP: channel = 2, sequence = e7cf, datasize = 0c
00 02 00 01 00 00 00 00 00 0d 00 0e 	............

14/04/2011 19:53:18 - SNAC: (0001,000f), flags = 0000, requestID = c5176b1c
FLAP: channel = 2, sequence = e7d0, datasize = c5
00 01 00 0f 00 00 c5 17 6b 1c 09 36 32 35 38 35 	........k..62585
30 36 32 36 00 00 00 0e 00 01 00 02 00 51 00 05 	0626.........Q..
00 04 4d a6 cb 05 00 0d 00 40 09 19 19 82 de ad 	..M......@......
be ef ca fe 44 45 53 54 00 00 09 46 13 43 4c 7f 	....DEST...F.CL.
11 d1 82 22 44 45 53 54 00 00 09 46 13 45 4c 7f 	..."DEST...F.EL.
11 d1 82 22 44 45 53 54 00 00 74 8f 24 20 62 87 	..."DEST..t.$ b.
11 d1 82 22 44 45 53 54 00 00 00 0f 00 04 00 00 	..."DEST........
00 02 00 03 00 04 4d a7 26 7b 00 15 00 04 00 00 	......M.&{......
08 00 00 0a 00 04 84 40 51 bc 00 22 00 02 13 74 	.......@Q.."...t
00 1e 00 04 00 00 00 00 00 28 00 01 0d 00 2d 00 	.........(....-.
04 00 00 00 00 00 2c 00 04 00 00 00 00 00 18 00 	......,.........
0c 4f 66 65 72 66 72 69 64 20 53 4d 53 00 37 00 	.Oferfrid SMS.7.
04 00 00 00 00 	.....

14/04/2011 19:53:19 - Connection 1 sent SNAC(02,04), 84 bytes
2a 02 00 12 00 4e 00 02 00 04 00 00 00 00 00 12 	*....N..........
00 05 00 40 09 19 19 82 de ad be ef ca fe 44 45 	...@..........DE
53 54 00 00 09 46 13 43 4c 7f 11 d1 82 22 44 45 	ST...F.CL...."DE
53 54 00 00 09 46 13 45 4c 7f 11 d1 82 22 44 45 	ST...F.EL...."DE
53 54 00 00 74 8f 24 20 62 87 11 d1 82 22 44 45 	ST..t.$ b...."DE
53 54 00 00 	ST..

14/04/2011 19:53:19 - Connection 1 sent SNAC(04,02), 32 bytes
2a 02 00 13 00 1a 00 04 00 02 00 00 00 00 00 13 	*...............
00 00 00 00 01 1b 1f 40 03 e7 03 e7 00 00 00 00 	.......@........
	

14/04/2011 19:53:19 - SNAC: (000b,0002), flags = 0000, requestID = c51792ef
FLAP: channel = 2, sequence = e7d1, datasize = 0e
00 0b 00 02 00 00 c5 17 92 ef 00 1e 00 00 	..............

14/04/2011 19:53:19 - SNAC: (0001,0021), flags = 8000, requestID = c51793c8
FLAP: channel = 2, sequence = e7d2, datasize = 1a
00 01 00 21 80 00 c5 17 93 c8 00 06 00 01 00 02 	...!............
00 03 00 02 04 00 00 0d 04 00 	..........

14/04/2011 19:53:19 - SNAC: (0003,000a), flags = 0000, requestID = c51793c9
FLAP: channel = 2, sequence = e7d3, datasize = 28
00 03 00 0a 00 00 c5 17 93 c9 09 6f 66 65 72 70 	...........oferp
68 6f 6e 65 09 36 35 31 37 39 23 65 78 74 09 32 	hone.65179#ext.2
32 31 33 34 35 31 38 32 	21345182

14/04/2011 19:53:19 - SNAC: (0003,000b), flags = 0000, requestID = c51793cc
FLAP: channel = 2, sequence = e7d4, datasize = 8d
00 03 00 0b 00 00 c5 17 93 cc 09 33 38 39 34 34 	...........38944
34 31 31 38 00 00 00 08 00 01 00 02 00 10 00 05 	4118............
00 04 47 9d c2 02 00 0f 00 04 00 00 19 4c 00 03 	..G..........L..
00 04 4d a7 0d 38 00 29 00 04 4d a3 9c cc 00 37 	..M..8.)..M....7
00 04 00 00 00 00 00 0d 00 10 09 46 13 4e 4c 7f 	...........F.NL.
11 d1 82 22 44 45 53 54 00 00 00 1d 00 2f 00 01 	..."DEST...../..
00 05 02 01 d2 04 72 00 0d 04 04 4d a3 9c cc 00 	......r....M....
02 04 1a 00 16 49 27 6d 20 6e 6f 74 20 68 65 72 	.....I'm not her
65 20 72 69 67 68 74 20 6e 6f 77 00 00 	e right now..

14/04/2011 19:53:19 - SNAC: (0001,000f), flags = 8000, requestID = c517951e
FLAP: channel = 2, sequence = e7d5, datasize = cd
00 01 00 0f 80 00 c5 17 95 1e 00 06 00 01 00 02 	................
00 03 09 36 32 35 38 35 30 36 32 36 00 00 00 0e 	...625850626....
00 01 00 02 00 51 00 05 00 04 4d a6 cb 05 00 0d 	.....Q....M.....
00 40 09 19 19 82 de ad be ef ca fe 44 45 53 54 	.@..........DEST
00 00 09 46 13 43 4c 7f 11 d1 82 22 44 45 53 54 	...F.CL...."DEST
00 00 09 46 13 45 4c 7f 11 d1 82 22 44 45 53 54 	...F.EL...."DEST
00 00 74 8f 24 20 62 87 11 d1 82 22 44 45 53 54 	..t.$ b...."DEST
00 00 00 0f 00 04 00 00 00 09 00 03 00 04 4d a7 	..............M.
26 7b 00 15 00 04 00 00 08 00 00 0a 00 04 84 40 	&{.............@
51 bc 00 22 00 02 13 74 00 1e 00 04 00 00 00 00 	Q.."...t........
00 28 00 01 0d 00 2d 00 04 00 00 00 00 00 2c 00 	.(....-.......,.
04 00 00 00 00 00 18 00 0c 4f 66 65 72 66 72 69 	.........Oferfri
64 20 53 4d 53 00 37 00 04 00 00 00 00 	d SMS.7......

14/04/2011 19:53:20 - SNAC: (0003,000b), flags = 0000, requestID = c5179522
FLAP: channel = 2, sequence = e7d6, datasize = 8d
00 03 00 0b 00 00 c5 17 95 22 09 33 38 39 34 34 	.........".38944
34 31 31 38 00 00 00 08 00 01 00 02 00 10 00 05 	4118............
00 04 47 9d c2 02 00 0f 00 04 00 00 19 4c 00 03 	..G..........L..
00 04 4d a7 0d 38 00 29 00 04 4d a3 9c cc 00 37 	..M..8.)..M....7
00 04 00 00 00 00 00 0d 00 10 09 46 13 4e 4c 7f 	...........F.NL.
11 d1 82 22 44 45 53 54 00 00 00 1d 00 2f 00 01 	..."DEST...../..
00 05 02 01 d2 04 72 00 0d 04 04 4d a3 9c cc 00 	......r....M....
02 04 1a 00 16 49 27 6d 20 6e 6f 74 20 68 65 72 	.....I'm not her
65 20 72 69 67 68 74 20 6e 6f 77 00 00 	e right now..

14/04/2011 19:53:22 - Connection 1 sent SNAC(02,05), 28 bytes
2a 02 00 14 00 16 00 02 00 05 00 00 00 00 00 14 	*...............
00 03 09 33 38 39 34 34 34 31 31 38 	...389444118

14/04/2011 19:53:22 - SNAC: (0001,000f), flags = 8000, requestID = c517971c
FLAP: channel = 2, sequence = e7d7, datasize = cd
00 01 00 0f 80 00 c5 17 97 1c 00 06 00 01 00 02 	................
00 03 09 36 32 35 38 35 30 36 32 36 00 00 00 0e 	...625850626....
00 01 00 02 00 51 00 05 00 04 4d a6 cb 05 00 0d 	.....Q....M.....
00 40 09 19 19 82 de ad be ef ca fe 44 45 53 54 	.@..........DEST
00 00 09 46 13 43 4c 7f 11 d1 82 22 44 45 53 54 	...F.CL...."DEST
00 00 09 46 13 45 4c 7f 11 d1 82 22 44 45 53 54 	...F.EL...."DEST
00 00 74 8f 24 20 62 87 11 d1 82 22 44 45 53 54 	..t.$ b...."DEST
00 00 00 0f 00 04 00 00 00 0a 00 03 00 04 4d a7 	..............M.
26 7b 00 15 00 04 00 00 08 00 00 0a 00 04 84 40 	&{.............@
51 bc 00 22 00 02 13 74 00 1e 00 04 00 00 00 00 	Q.."...t........
00 28 00 01 0d 00 2d 00 04 00 00 00 00 00 2c 00 	.(....-.......,.
04 00 00 00 00 00 18 00 0c 4f 66 65 72 66 72 69 	.........Oferfri
64 20 53 4d 53 00 37 00 04 00 00 00 00 	d SMS.7......

14/04/2011 19:53:23 - Connection 1 sent SNAC(02,05), 28 bytes
2a 02 00 15 00 16 00 02 00 05 00 00 00 00 00 15 	*...............
00 03 09 33 38 39 34 34 34 31 31 38 	...389444118

14/04/2011 19:53:23 - SNAC: (0002,0006), flags = 0000, requestID = 00000014
FLAP: channel = 2, sequence = e7d8, datasize = 93
00 02 00 06 00 00 00 00 00 14 09 33 38 39 34 34 	...........38944
34 31 31 38 00 00 00 09 00 01 00 02 00 10 00 05 	4118............
00 04 47 9d c2 02 00 0d 00 10 09 46 13 4e 4c 7f 	..G........F.NL.
11 d1 82 22 44 45 53 54 00 00 00 19 00 02 13 4e 	..."DEST.......N
00 0f 00 04 00 00 19 50 00 1d 00 2f 00 01 00 05 	.......P.../....
02 01 d2 04 72 00 02 04 1a 00 16 49 27 6d 20 6e 	....r......I'm n
6f 74 20 68 65 72 65 20 72 69 67 68 74 20 6e 6f 	ot here right no
77 00 00 00 0d 04 04 4d a3 9c cc 00 03 00 04 4d 	w......M.......M
a7 0d 38 00 29 00 04 4d a3 9c cc 00 37 00 04 00 	..8.)..M....7...
00 00 00 	...

14/04/2011 19:53:24 - SNAC: (0002,0006), flags = 0000, requestID = 00000015
FLAP: channel = 2, sequence = e7d9, datasize = 93
00 02 00 06 00 00 00 00 00 15 09 33 38 39 34 34 	...........38944
34 31 31 38 00 00 00 09 00 01 00 02 00 10 00 05 	4118............
00 04 47 9d c2 02 00 0d 00 10 09 46 13 4e 4c 7f 	..G........F.NL.
11 d1 82 22 44 45 53 54 00 00 00 19 00 02 13 4e 	..."DEST.......N
00 0f 00 04 00 00 19 51 00 1d 00 2f 00 01 00 05 	.......Q.../....
02 01 d2 04 72 00 02 04 1a 00 16 49 27 6d 20 6e 	....r......I'm n
6f 74 20 68 65 72 65 20 72 69 67 68 74 20 6e 6f 	ot here right no
77 00 00 00 0d 04 04 4d a3 9c cc 00 03 00 04 4d 	w......M.......M
a7 0d 38 00 29 00 04 4d a3 9c cc 00 37 00 04 00 	..8.)..M....7...
00 00 00 	...

14/04/2011 19:53:51 - Connection 1 sent SNAC(15,02), 360 bytes
2a 02 00 16 01 62 00 15 00 02 00 00 00 00 00 16 	*....b..........
00 01 01 54 52 01 02 b9 4d 25 d0 07 16 00 82 14 	...TR...M%......
00 01 00 16 00 00 00 00 00 00 00 00 00 00 00 00 	................
00 00 00 00 00 00 01 30 3c 69 63 71 5f 73 6d 73 	.......0<icq_sms
5f 6d 65 73 73 61 67 65 3e 3c 64 65 73 74 69 6e 	_message><destin
61 74 69 6f 6e 3e 2b 39 37 32 35 34 34 35 32 36 	ation>+972544526
33 39 31 3c 2f 64 65 73 74 69 6e 61 74 69 6f 6e 	391</destination
3e 3c 74 65 78 74 3e 66 67 61 73 64 67 73 3c 2f 	><text>fgasdgs</
74 65 78 74 3e 3c 63 6f 64 65 70 61 67 65 3e 31 	text><codepage>1
32 35 32 3c 2f 63 6f 64 65 70 61 67 65 3e 3c 65 	252</codepage><e
6e 63 6f 64 69 6e 67 3e 75 74 66 38 3c 2f 65 6e 	ncoding>utf8</en
63 6f 64 69 6e 67 3e 3c 73 65 6e 64 65 72 73 5f 	coding><senders_
55 49 4e 3e 36 32 35 38 35 30 36 32 36 20 3c 2f 	UIN>625850626 </
73 65 6e 64 65 72 73 5f 55 49 4e 3e 3c 73 65 6e 	senders_UIN><sen
64 65 72 73 5f 6e 61 6d 65 3e 6f 66 65 72 20 70 	ders_name>ofer p
68 6f 6e 65 3c 2f 73 65 6e 64 65 72 73 5f 6e 61 	hone</senders_na
6d 65 3e 3c 64 65 6c 69 76 65 72 79 5f 72 65 63 	me><delivery_rec
65 69 70 74 3e 59 65 73 3c 2f 64 65 6c 69 76 65 	eipt>Yes</delive
72 79 5f 72 65 63 65 69 70 74 3e 3c 74 69 6d 65 	ry_receipt><time
3e 54 68 75 2c 20 31 34 20 41 70 72 20 32 30 31 	>Thu, 14 Apr 201
31 20 31 39 3a 35 33 3a 35 31 20 47 4d 54 3c 2f 	1 19:53:51 GMT</
74 69 6d 65 3e 3c 2f 69 63 71 5f 73 6d 73 5f 6d 	time></icq_sms_m
65 73 73 61 67 65 3e 00 	essage>.

14/04/2011 19:53:52 - SNAC: (0015,0003), flags = 0000, requestID = 00000016
FLAP: channel = 2, sequence = e7da, datasize = 10b
00 15 00 03 00 00 00 00 00 16 00 01 00 fd fb 00 	................
02 b9 4d 25 da 07 16 00 96 00 0a 00 01 00 08 00 	..M%............
01 00 00 00 e6 3c 73 6d 73 5f 72 65 73 70 6f 6e 	.....<sms_respon
73 65 3e 3c 73 6f 75 72 63 65 3e 6f 72 61 6e 67 	se><source>orang
65 20 49 4c 20 0d 0a 09 68 74 74 70 3a 2f 2f 77 	e IL ...http://w
77 77 2e 6f 72 61 6e 67 65 2e 63 6f 2e 69 6c 3c 	ww.orange.co.il<
2f 73 6f 75 72 63 65 3e 3c 64 65 6c 69 76 65 72 	/source><deliver
61 62 6c 65 3e 59 65 73 3c 2f 64 65 6c 69 76 65 	able>Yes</delive
72 61 62 6c 65 3e 3c 6e 65 74 77 6f 72 6b 3e 4f 	rable><network>O
72 61 6e 67 65 3c 2f 6e 65 74 77 6f 72 6b 3e 3c 	range</network><
6d 65 73 73 61 67 65 5f 69 64 3e 36 32 35 38 35 	message_id>62585
30 36 32 36 2d 31 35 2d 31 33 30 32 38 30 30 30 	0626-15-13028000
33 37 2d 39 37 32 35 34 34 35 32 36 33 39 31 3c 	37-972544526391<
2f 6d 65 73 73 61 67 65 5f 69 64 3e 3c 6d 65 73 	/message_id><mes
73 61 67 65 73 5f 6c 65 66 74 3e 30 3c 2f 6d 65 	sages_left>0</me
73 73 61 67 65 73 5f 6c 65 66 74 3e 3c 2f 73 6d 	ssages_left></sm
73 5f 72 65 73 70 6f 6e 73 65 3e 	s_response>

14/04/2011 19:54:32 - SNAC: (0004,0007), flags = 0000, requestID = c5191161
FLAP: channel = 2, sequence = e7db, datasize = 140
00 04 00 07 00 00 c5 19 11 61 4d a7 26 cd 00 28 	.........aM.&..(
9b 19 00 04 04 31 30 30 32 00 00 00 02 00 01 00 	.....1002.......
02 00 d0 00 37 00 04 00 00 00 00 00 05 00 e9 ea 	....7...........
03 00 00 1a 00 01 00 00 20 00 0e 28 f6 00 11 e7 	........ ..(....
d3 11 bc f3 00 04 ac 96 9d c2 00 00 07 00 00 00 	................
49 43 51 53 4d 53 00 00 00 00 ba 00 00 00 b6 00 	ICQSMS..........
00 00 3c 73 6d 73 5f 6d 65 73 73 61 67 65 3e 3c 	..<sms_message><
73 6f 75 72 63 65 3e 49 43 51 3c 2f 73 6f 75 72 	source>ICQ</sour
63 65 3e 3c 64 65 73 74 69 6e 61 74 69 6f 6e 5f 	ce><destination_
55 49 4e 3e 36 32 35 38 35 30 36 32 36 3c 2f 64 	UIN>625850626</d
65 73 74 69 6e 61 74 69 6f 6e 5f 55 49 4e 3e 3c 	estination_UIN><
73 65 6e 64 65 72 3e 2b 39 37 32 35 34 34 35 32 	sender>+97254452
36 33 39 31 3c 2f 73 65 6e 64 65 72 3e 3c 74 65 	6391</sender><te
78 74 3e 31 32 33 34 35 36 3c 2f 74 65 78 74 3e 	xt>123456</text>
3c 74 69 6d 65 3e 54 68 75 2c 20 31 34 20 41 70 	<time>Thu, 14 Ap
72 20 32 30 31 31 20 31 32 3a 35 34 3a 33 37 20 	r 2011 12:54:37 
45 44 54 3c 2f 74 69 6d 65 3e 3c 2f 73 6d 73 5f 	EDT</time></sms_
6d 65 73 73 61 67 65 3e 00 24 00 24 65 31 65 30 	message>.$.$e1e0
64 33 66 30 2d 36 36 62 37 2d 31 31 65 30 2d 39 	d3f0-66b7-11e0-9
35 35 66 2d 30 30 32 33 37 64 64 62 62 38 63 32 	55f-00237ddbb8c2
	

14/04/2011 19:55:32 - Sent keepalive over connection 1

14/04/2011 19:56:32 - Sent keepalive over connection 1

14/04/2011 19:57:32 - Sent keepalive over connection 1

14/04/2011 19:58:32 - Sent keepalive over connection 1

14/04/2011 19:59:32 - Sent keepalive over connection 1

14/04/2011 20:00:32 - Sent keepalive over connection 1

14/04/2011 20:01:32 - Sent keepalive over connection 1

14/04/2011 20:02:32 - Sent keepalive over connection 1

14/04/2011 20:03:32 - Sent keepalive over connection 1

14/04/2011 20:04:32 - Sent keepalive over connection 1

14/04/2011 20:04:51 - SNAC: (0004,0014), flags = 0000, requestID = c5253994
FLAP: channel = 2, sequence = e7dc, datasize = 20
00 04 00 14 00 00 c5 25 39 94 38 29 a7 4d 00 00 	.......%9.8).M..
00 00 00 01 09 33 38 39 34 34 34 31 31 38 00 02 	.....389444118..
	

14/04/2011 20:04:56 - SNAC: (0004,0014), flags = 0000, requestID = c5255373
FLAP: channel = 2, sequence = e7dd, datasize = 20
00 04 00 14 00 00 c5 25 53 73 3d 29 a7 4d 00 00 	.......%Ss=).M..
00 00 00 01 09 33 38 39 34 34 34 31 31 38 00 00 	.....389444118..
	

14/04/2011 20:04:56 - SNAC: (0004,0007), flags = 0000, requestID = c5255480
FLAP: channel = 2, sequence = e7de, datasize = c6
00 04 00 07 00 00 c5 25 54 80 3e 29 a7 4d 00 00 	.......%T.>).M..
00 00 00 01 09 33 38 39 34 34 34 31 31 38 00 00 	.....389444118..
00 09 00 01 00 02 00 10 00 05 00 04 47 9d c2 02 	............G...
00 0d 00 10 09 46 13 4e 4c 7f 11 d1 82 22 44 45 	.....F.NL...."DE
53 54 00 00 00 19 00 02 13 4e 00 0f 00 04 00 00 	ST.......N......
1c 06 00 1d 00 09 00 01 00 05 02 01 d2 04 72 00 	..............r.
03 00 04 4d a7 0d 38 00 29 00 04 4d a3 9c cc 00 	...M..8.)..M....
37 00 04 00 00 00 00 00 02 00 12 05 01 00 02 01 	7...............
06 01 01 00 08 00 00 00 00 31 32 33 34 00 24 00 	.........1234.$.
24 35 36 32 39 39 38 66 65 2d 36 36 62 39 2d 31 	$562998fe-66b9-1
31 65 30 2d 39 36 62 61 2d 30 30 32 33 37 64 35 	1e0-96ba-00237d5
65 36 63 39 34 00 0b 00 00 00 16 00 04 4d a7 29 	e6c94........M.)
3e 00 13 00 01 15 	>.....

14/04/2011 20:20:48 - SNAC: (0003,000b), flags = 0000, requestID = c52555a1
FLAP: channel = 2, sequence = e7df, datasize = 8d
00 03 00 0b 00 00 c5 25 55 a1 09 33 38 39 34 34 	.......%U..38944
34 31 31 38 00 00 00 08 00 01 00 02 00 10 00 05 	4118............
00 04 47 9d c2 02 00 0f 00 04 00 00 1c 06 00 03 	..G.............
00 04 4d a7 0d 38 00 29 00 04 4d a3 9c cc 00 37 	..M..8.)..M....7
00 04 00 00 00 00 00 0d 00 10 09 46 13 4e 4c 7f 	...........F.NL.
11 d1 82 22 44 45 53 54 00 00 00 1d 00 2f 00 01 	..."DEST...../..
00 05 02 01 d2 04 72 00 0d 04 04 4d a3 9c cc 00 	......r....M....
02 04 1a 00 16 49 27 6d 20 6e 6f 74 20 68 65 72 	.....I'm not her
65 20 72 69 67 68 74 20 6e 6f 77 00 00 	e right now..

14/04/2011 20:20:49 - Sent keepalive over connection 1

14/04/2011 20:20:49 - Connection 1 sent SNAC(02,05), 28 bytes
2a 02 00 22 00 16 00 02 00 05 00 00 00 00 00 17 	*.."............
00 03 09 33 38 39 34 34 34 31 31 38 	...389444118

14/04/2011 20:20:50 - SNAC: (0002,0006), flags = 0000, requestID = 00000017
FLAP: channel = 2, sequence = e7e0, datasize = 93
00 02 00 06 00 00 00 00 00 17 09 33 38 39 34 34 	...........38944
34 31 31 38 00 00 00 09 00 01 00 02 00 10 00 05 	4118............
00 04 47 9d c2 02 00 0d 00 10 09 46 13 4e 4c 7f 	..G........F.NL.
11 d1 82 22 44 45 53 54 00 00 00 19 00 02 13 4e 	..."DEST.......N
00 0f 00 04 00 00 1f bf 00 1d 00 2f 00 01 00 05 	.........../....
02 01 d2 04 72 00 02 04 1a 00 16 49 27 6d 20 6e 	....r......I'm n
6f 74 20 68 65 72 65 20 72 69 67 68 74 20 6e 6f 	ot here right no
77 00 00 00 0d 04 04 4d a3 9c cc 00 03 00 04 4d 	w......M.......M
a7 0d 38 00 29 00 04 4d a3 9c cc 00 37 00 04 00 	..8.)..M....7...
00 00 00 	...

14/04/2011 20:21:04 - SNAC: (0004,0014), flags = 0000, requestID = c5388e6f
FLAP: channel = 2, sequence = e7e1, datasize = 20
00 04 00 14 00 00 c5 38 8e 6f 05 2d a7 4d 00 00 	.......8.o.-.M..
00 00 00 01 09 33 38 39 34 34 34 31 31 38 00 02 	.....389444118..
	

14/04/2011 20:22:11 - Sent keepalive over connection 1

14/04/2011 20:22:11 - SNAC: (0004,0014), flags = 0000, requestID = c5388f25
FLAP: channel = 2, sequence = e7e2, datasize = 20
00 04 00 14 00 00 c5 38 8f 25 05 2d a7 4d 00 00 	.......8.%.-.M..
00 00 00 01 09 33 38 39 34 34 34 31 31 38 00 00 	.....389444118..
	

14/04/2011 20:22:11 - SNAC: (0004,0007), flags = 0000, requestID = c5388f2a
FLAP: channel = 2, sequence = e7e3, datasize = c6
00 04 00 07 00 00 c5 38 8f 2a 05 2d a7 4d 00 00 	.......8.*.-.M..
00 00 00 01 09 33 38 39 34 34 34 31 31 38 00 00 	.....389444118..
00 09 00 01 00 02 00 10 00 05 00 04 47 9d c2 02 	............G...
00 0d 00 10 09 46 13 4e 4c 7f 11 d1 82 22 44 45 	.....F.NL...."DE
53 54 00 00 00 19 00 02 13 4e 00 0f 00 04 00 00 	ST.......N......
1f cd 00 1d 00 09 00 01 00 05 02 01 d2 04 72 00 	..............r.
03 00 04 4d a7 0d 38 00 29 00 04 4d a3 9c cc 00 	...M..8.)..M....
37 00 04 00 00 00 00 00 02 00 12 05 01 00 02 01 	7...............
06 01 01 00 08 00 00 00 00 31 32 33 34 00 24 00 	.........1234.$.
24 39 36 65 38 30 61 39 30 2d 36 36 62 62 2d 31 	$96e80a90-66bb-1
31 65 30 2d 38 34 38 65 2d 30 30 32 33 37 64 35 	1e0-848e-00237d5
65 36 63 39 34 00 0b 00 00 00 16 00 04 4d a7 2d 	e6c94........M.-
05 00 13 00 01 15 	......

14/04/2011 20:22:11 - SNAC: (0003,000b), flags = 0000, requestID = c5388fbd
FLAP: channel = 2, sequence = e7e4, datasize = 8d
00 03 00 0b 00 00 c5 38 8f bd 09 33 38 39 34 34 	.......8...38944
34 31 31 38 00 00 00 08 00 01 00 02 00 10 00 05 	4118............
00 04 47 9d c2 02 00 0f 00 04 00 00 1f cd 00 03 	..G.............
00 04 4d a7 0d 38 00 29 00 04 4d a3 9c cc 00 37 	..M..8.)..M....7
00 04 00 00 00 00 00 0d 00 10 09 46 13 4e 4c 7f 	...........F.NL.
11 d1 82 22 44 45 53 54 00 00 00 1d 00 2f 00 01 	..."DEST...../..
00 05 02 01 d2 04 72 00 0d 04 04 4d a3 9c cc 00 	......r....M....
02 04 1a 00 16 49 27 6d 20 6e 6f 74 20 68 65 72 	.....I'm not her
65 20 72 69 67 68 74 20 6e 6f 77 00 00 	e right now..

14/04/2011 21:21:02 - Sent keepalive over connection 1

14/04/2011 21:21:02 - SNAC: (0003,000b), flags = 0000, requestID = c5533818
FLAP: channel = 2, sequence = e7e5, datasize = 8d
00 03 00 0b 00 00 c5 53 38 18 09 33 38 39 34 34 	.......S8..38944
34 31 31 38 00 00 00 08 00 01 00 02 00 10 00 05 	4118............
00 04 47 9d c2 02 00 0f 00 04 00 00 24 fb 00 03 	..G.........$...
00 04 4d a7 0d 38 00 29 00 04 4d a3 9c cc 00 37 	..M..8.)..M....7
00 04 00 00 00 00 00 0d 00 10 09 46 13 4e 4c 7f 	...........F.NL.
11 d1 82 22 44 45 53 54 00 00 00 1d 00 2f 00 01 	..."DEST...../..
00 05 02 01 d2 04 72 00 0d 04 04 4d a3 9c cc 00 	......r....M....
02 04 1a 00 16 49 27 6d 20 6e 6f 74 20 68 65 72 	.....I'm not her
65 20 72 69 67 68 74 20 6e 6f 77 00 00 	e right now..

14/04/2011 21:21:02 - Connection 1 sent SNAC(02,05), 28 bytes
2a 02 00 25 00 16 00 02 00 05 00 00 00 00 00 18 	*..%............
00 03 09 33 38 39 34 34 34 31 31 38 	...389444118

14/04/2011 21:21:05 - SNAC: (0002,0006), flags = 0000, requestID = 00000018
FLAP: channel = 2, sequence = e7e6, datasize = 93
00 02 00 06 00 00 00 00 00 18 09 33 38 39 34 34 	...........38944
34 31 31 38 00 00 00 09 00 01 00 02 00 10 00 05 	4118............
00 04 47 9d c2 02 00 0d 00 10 09 46 13 4e 4c 7f 	..G........F.NL.
11 d1 82 22 44 45 53 54 00 00 00 19 00 02 13 4e 	..."DEST.......N
00 0f 00 04 00 00 2d dc 00 1d 00 2f 00 01 00 05 	......-..../....
02 01 d2 04 72 00 02 04 1a 00 16 49 27 6d 20 6e 	....r......I'm n
6f 74 20 68 65 72 65 20 72 69 67 68 74 20 6e 6f 	ot here right no
77 00 00 00 0d 04 04 4d a3 9c cc 00 03 00 04 4d 	w......M.......M
a7 0d 38 00 29 00 04 4d a3 9c cc 00 37 00 04 00 	..8.)..M....7...
00 00 00 	...

14/04/2011 21:21:06 - Connection 1 sent SNAC(02,05), 28 bytes
2a 02 00 26 00 16 00 02 00 05 00 00 00 00 00 19 	*..&............
00 03 09 33 38 39 34 34 34 31 31 38 	...389444118

14/04/2011 21:21:07 - SNAC: (0002,0006), flags = 0000, requestID = 00000019
FLAP: channel = 2, sequence = e7e7, datasize = 93
00 02 00 06 00 00 00 00 00 19 09 33 38 39 34 34 	...........38944
34 31 31 38 00 00 00 09 00 01 00 02 00 10 00 05 	4118............
00 04 47 9d c2 02 00 0d 00 10 09 46 13 4e 4c 7f 	..G........F.NL.
11 d1 82 22 44 45 53 54 00 00 00 19 00 02 13 4e 	..."DEST.......N
00 0f 00 04 00 00 2d e0 00 1d 00 2f 00 01 00 05 	......-..../....
02 01 d2 04 72 00 02 04 1a 00 16 49 27 6d 20 6e 	....r......I'm n
6f 74 20 68 65 72 65 20 72 69 67 68 74 20 6e 6f 	ot here right no
77 00 00 00 0d 04 04 4d a3 9c cc 00 03 00 04 4d 	w......M.......M
a7 0d 38 00 29 00 04 4d a3 9c cc 00 37 00 04 00 	..8.)..M....7...
00 00 00 	...

14/04/2011 21:21:20 - SNAC: (0004,0014), flags = 0000, requestID = c583090b
FLAP: channel = 2, sequence = e7e8, datasize = 20
00 04 00 14 00 00 c5 83 09 0b 25 3b a7 4d 00 00 	..........%;.M..
00 00 00 01 09 33 38 39 34 34 34 31 31 38 00 02 	.....389444118..
	

14/04/2011 21:21:24 - SNAC: (0004,0014), flags = 0000, requestID = c5832034
FLAP: channel = 2, sequence = e7e9, datasize = 20
00 04 00 14 00 00 c5 83 20 34 29 3b a7 4d 00 00 	........ 4);.M..
00 00 00 01 09 33 38 39 34 34 34 31 31 38 00 01 	.....389444118..
	

14/04/2011 21:21:32 - SNAC: (0004,0014), flags = 0000, requestID = c5835117
FLAP: channel = 2, sequence = e7ea, datasize = 20
00 04 00 14 00 00 c5 83 51 17 31 3b a7 4d 00 00 	........Q.1;.M..
00 00 00 01 09 33 38 39 34 34 34 31 31 38 00 00 	.....389444118..
	

14/04/2011 21:21:49 - SNAC: (0004,0007), flags = 0000, requestID = c583524a
FLAP: channel = 2, sequence = e7eb, datasize = c6
00 04 00 07 00 00 c5 83 52 4a 32 3b a7 4d 00 00 	........RJ2;.M..
00 00 00 01 09 33 38 39 34 34 34 31 31 38 00 00 	.....389444118..
00 09 00 01 00 02 00 10 00 05 00 04 47 9d c2 02 	............G...
00 0d 00 10 09 46 13 4e 4c 7f 11 d1 82 22 44 45 	.....F.NL...."DE
53 54 00 00 00 19 00 02 13 4e 00 0f 00 04 00 00 	ST.......N......
2d fa 00 1d 00 09 00 01 00 05 02 01 d2 04 72 00 	-.............r.
03 00 04 4d a7 0d 38 00 29 00 04 4d a3 9c cc 00 	...M..8.)..M....
37 00 04 00 00 00 00 00 02 00 12 05 01 00 02 01 	7...............
06 01 01 00 08 00 00 00 00 31 32 33 34 00 24 00 	.........1234.$.
24 30 39 38 39 63 39 64 63 2d 36 36 63 34 2d 31 	$0989c9dc-66c4-1
31 65 30 2d 62 34 36 30 2d 30 30 32 33 37 64 35 	1e0-b460-00237d5
65 36 63 39 34 00 0b 00 00 00 16 00 04 4d a7 3b 	e6c94........M.;
32 00 13 00 01 15 	2.....

14/04/2011 21:21:49 - SNAC: (0003,000b), flags = 0000, requestID = c58352f8
FLAP: channel = 2, sequence = e7ec, datasize = 8d
00 03 00 0b 00 00 c5 83 52 f8 09 33 38 39 34 34 	........R..38944
34 31 31 38 00 00 00 08 00 01 00 02 00 10 00 05 	4118............
00 04 47 9d c2 02 00 0f 00 04 00 00 2d fa 00 03 	..G.........-...
00 04 4d a7 0d 38 00 29 00 04 4d a3 9c cc 00 37 	..M..8.)..M....7
00 04 00 00 00 00 00 0d 00 10 09 46 13 4e 4c 7f 	...........F.NL.
11 d1 82 22 44 45 53 54 00 00 00 1d 00 2f 00 01 	..."DEST...../..
00 05 02 01 d2 04 72 00 0d 04 04 4d a3 9c cc 00 	......r....M....
02 04 1a 00 16 49 27 6d 20 6e 6f 74 20 68 65 72 	.....I'm not her
65 20 72 69 67 68 74 20 6e 6f 77 00 00 	e right now..

14/04/2011 21:22:18 - Connection 1 sent SNAC(02,05), 28 bytes
2a 02 00 27 00 16 00 02 00 05 00 00 00 00 00 1a 	*..'............
00 03 09 33 38 39 34 34 34 31 31 38 	...389444118

14/04/2011 21:40:42 - Sent keepalive over connection 1

14/04/2011 21:40:42 - SNAC: (0002,0006), flags = 0000, requestID = 0000001a
FLAP: channel = 2, sequence = e7ed, datasize = 93
00 02 00 06 00 00 00 00 00 1a 09 33 38 39 34 34 	...........38944
34 31 31 38 00 00 00 09 00 01 00 02 00 10 00 05 	4118............
00 04 47 9d c2 02 00 0d 00 10 09 46 13 4e 4c 7f 	..G........F.NL.
11 d1 82 22 44 45 53 54 00 00 00 19 00 02 13 4e 	..."DEST.......N
00 0f 00 04 00 00 2e 28 00 1d 00 2f 00 01 00 05 	.......(.../....
02 01 d2 04 72 00 02 04 1a 00 16 49 27 6d 20 6e 	....r......I'm n
6f 74 20 68 65 72 65 20 72 69 67 68 74 20 6e 6f 	ot here right no
77 00 00 00 0d 04 04 4d a3 9c cc 00 03 00 04 4d 	w......M.......M
a7 0d 38 00 29 00 04 4d a3 9c cc 00 37 00 04 00 	..8.)..M....7...
00 00 00 	...

14/04/2011 21:40:42 - SNAC: (0003,000b), flags = 0000, requestID = c59249f5
FLAP: channel = 2, sequence = e7ee, datasize = 8d
00 03 00 0b 00 00 c5 92 49 f5 09 33 38 39 34 34 	........I..38944
34 31 31 38 00 00 00 08 00 01 00 02 00 10 00 05 	4118............
00 04 47 9d c2 02 00 0f 00 04 00 00 30 ca 00 03 	..G.........0...
00 04 4d a7 0d 38 00 29 00 04 4d a3 9c cc 00 37 	..M..8.)..M....7
00 04 00 00 00 00 00 0d 00 10 09 46 13 4e 4c 7f 	...........F.NL.
11 d1 82 22 44 45 53 54 00 00 00 1d 00 2f 00 01 	..."DEST...../..
00 05 02 01 d2 04 72 00 0d 04 04 4d a3 9c cc 00 	......r....M....
02 04 1a 00 16 49 27 6d 20 6e 6f 74 20 68 65 72 	.....I'm not her
65 20 72 69 67 68 74 20 6e 6f 77 00 00 	e right now..

14/04/2011 21:40:45 - Connection 1 sent SNAC(02,05), 28 bytes
2a 02 00 29 00 16 00 02 00 05 00 00 00 00 00 1b 	*..)............
00 03 09 33 38 39 34 34 34 31 31 38 	...389444118

14/04/2011 21:40:46 - SNAC: (0002,0006), flags = 0000, requestID = 0000001b
FLAP: channel = 2, sequence = e7ef, datasize = 93
00 02 00 06 00 00 00 00 00 1b 09 33 38 39 34 34 	...........38944
34 31 31 38 00 00 00 09 00 01 00 02 00 10 00 05 	4118............
00 04 47 9d c2 02 00 0d 00 10 09 46 13 4e 4c 7f 	..G........F.NL.
11 d1 82 22 44 45 53 54 00 00 00 19 00 02 13 4e 	..."DEST.......N
00 0f 00 04 00 00 32 7b 00 1d 00 2f 00 01 00 05 	......2{.../....
02 01 d2 04 72 00 02 04 1a 00 16 49 27 6d 20 6e 	....r......I'm n
6f 74 20 68 65 72 65 20 72 69 67 68 74 20 6e 6f 	ot here right no
77 00 00 00 0d 04 04 4d a3 9c cc 00 03 00 04 4d 	w......M.......M
a7 0d 38 00 29 00 04 4d a3 9c cc 00 37 00 04 00 	..8.)..M....7...
00 00 00 	...

14/04/2011 21:41:40 - SNAC: (0004,0007), flags = 0000, requestID = c59c63eb
FLAP: channel = 2, sequence = e7f0, datasize = 143
00 04 00 07 00 00 c5 9c 63 eb 4d a7 3f e9 00 28 	........c.M.?..(
a5 9d 00 04 04 31 30 30 32 00 00 00 02 00 01 00 	.....1002.......
02 00 d0 00 37 00 04 00 00 00 00 00 05 00 ec ea 	....7...........
03 00 00 1a 00 01 00 00 20 00 0e 28 f6 00 11 e7 	........ ..(....
d3 11 bc f3 00 04 ac 96 9d c2 00 00 07 00 00 00 	................
49 43 51 53 4d 53 00 00 00 00 bd 00 00 00 b9 00 	ICQSMS..........
00 00 3c 73 6d 73 5f 6d 65 73 73 61 67 65 3e 3c 	..<sms_message><
73 6f 75 72 63 65 3e 49 43 51 3c 2f 73 6f 75 72 	source>ICQ</sour
63 65 3e 3c 64 65 73 74 69 6e 61 74 69 6f 6e 5f 	ce><destination_
55 49 4e 3e 36 32 35 38 35 30 36 32 36 3c 2f 64 	UIN>625850626</d
65 73 74 69 6e 61 74 69 6f 6e 5f 55 49 4e 3e 3c 	estination_UIN><
73 65 6e 64 65 72 3e 2b 39 37 32 35 34 34 35 32 	sender>+97254452
36 33 39 31 3c 2f 73 65 6e 64 65 72 3e 3c 74 65 	6391</sender><te
78 74 3e 31 32 33 34 35 36 37 38 39 3c 2f 74 65 	xt>123456789</te
78 74 3e 3c 74 69 6d 65 3e 54 68 75 2c 20 31 34 	xt><time>Thu, 14
20 41 70 72 20 32 30 31 31 20 31 34 3a 34 31 3a 	 Apr 2011 14:41:
34 35 20 45 44 54 3c 2f 74 69 6d 65 3e 3c 2f 73 	45 EDT</time></s
6d 73 5f 6d 65 73 73 61 67 65 3e 00 24 00 24 64 	ms_message>.$.$d
39 35 66 34 62 37 36 2d 36 36 63 36 2d 31 31 65 	95f4b76-66c6-11e
30 2d 39 61 64 30 2d 30 30 32 33 37 64 64 62 62 	0-9ad0-00237ddbb
38 63 32 	8c2

14/04/2011 21:46:57 - Sent keepalive over connection 1

14/04/2011 21:47:57 - Sent keepalive over connection 1

14/04/2011 21:48:57 - Sent keepalive over connection 1

14/04/2011 21:49:57 - Sent keepalive over connection 1

14/04/2011 21:50:57 - Sent keepalive over connection 1

14/04/2011 21:51:57 - Sent keepalive over connection 1

14/04/2011 21:52:57 - Sent keepalive over connection 1

14/04/2011 21:53:57 - Sent keepalive over connection 1

14/04/2011 21:54:57 - Sent keepalive over connection 1

14/04/2011 21:55:19 - SNAC: (0004,0007), flags = 0000, requestID = c5ad2433
FLAP: channel = 2, sequence = e7f1, datasize = 13e
00 04 00 07 00 00 c5 ad 24 33 4d a7 43 1c 00 28 	........$3M.C..(
a7 26 00 04 04 31 30 30 32 00 00 00 02 00 01 00 	.&...1002.......
02 00 d0 00 37 00 04 00 00 00 00 00 05 00 e7 ea 	....7...........
03 00 00 1a 00 01 00 00 20 00 0e 28 f6 00 11 e7 	........ ..(....
d3 11 bc f3 00 04 ac 96 9d c2 00 00 07 00 00 00 	................
49 43 51 53 4d 53 00 00 00 00 b8 00 00 00 b4 00 	ICQSMS..........
00 00 3c 73 6d 73 5f 6d 65 73 73 61 67 65 3e 3c 	..<sms_message><
73 6f 75 72 63 65 3e 49 43 51 3c 2f 73 6f 75 72 	source>ICQ</sour
63 65 3e 3c 64 65 73 74 69 6e 61 74 69 6f 6e 5f 	ce><destination_
55 49 4e 3e 36 32 35 38 35 30 36 32 36 3c 2f 64 	UIN>625850626</d
65 73 74 69 6e 61 74 69 6f 6e 5f 55 49 4e 3e 3c 	estination_UIN><
73 65 6e 64 65 72 3e 2b 39 37 32 35 34 34 35 32 	sender>+97254452
36 33 39 31 3c 2f 73 65 6e 64 65 72 3e 3c 74 65 	6391</sender><te
78 74 3e 31 32 33 34 3c 2f 74 65 78 74 3e 3c 74 	xt>1234</text><t
69 6d 65 3e 54 68 75 2c 20 31 34 20 41 70 72 20 	ime>Thu, 14 Apr 
32 30 31 31 20 31 34 3a 35 35 3a 32 34 20 45 44 	2011 14:55:24 ED
54 3c 2f 74 69 6d 65 3e 3c 2f 73 6d 73 5f 6d 65 	T</time></sms_me
73 73 61 67 65 3e 00 24 00 24 63 31 61 61 39 64 	ssage>.$.$c1aa9d
39 65 2d 36 36 63 38 2d 31 31 65 30 2d 39 64 63 	9e-66c8-11e0-9dc
36 2d 30 30 32 33 37 64 64 62 62 38 63 32 	6-00237ddbb8c2

14/04/2011 22:02:46 - Sent keepalive over connection 1

