14/04/2011 17:59:37 - Connection 0 sent SNAC(17,06), 37 bytes
2a 02 00 02 00 1f 00 17 00 06 00 00 00 00 00 00 	*...............
00 01 00 09 36 32 35 38 35 30 36 32 36 00 4b 00 	....625850626.K.
00 00 5a 00 00 	..Z..

14/04/2011 17:59:38 - SNAC: (0017,0007), flags = 0000, requestID = 00000000
FLAP: channel = 2, sequence = 771b, datasize = 16
00 17 00 07 00 00 00 00 00 00 00 0a 31 32 31 31 	............1211
30 37 37 39 31 33 	077913

14/04/2011 17:59:38 - Connection 0 sent SNAC(17,02), 157 bytes
2a 02 00 03 00 97 00 17 00 02 00 00 00 00 00 01 	*...............
00 01 00 09 36 32 35 38 35 30 36 32 36 00 03 00 	....625850626...
2d 41 4f 4c 20 49 6e 73 74 61 6e 74 20 4d 65 73 	-AOL Instant Mes
73 65 6e 67 65 72 2c 20 76 65 72 73 69 6f 6e 20 	senger, version 
35 2e 31 2e 33 30 33 36 2f 57 49 4e 33 32 00 0f 	5.1.3036/WIN32..
00 02 65 6e 00 0e 00 02 75 73 00 14 00 04 00 00 	..en....us......
00 d2 00 16 00 02 01 09 00 17 00 02 00 05 00 18 	................
00 02 00 01 00 19 00 02 00 00 00 1a 00 02 0b dc 	................
00 25 00 10 aa 59 e8 62 f5 6b a0 97 41 16 fb 72 	.%...Y.b.k..A..r
d4 2d 5c a7 00 4a 00 01 01 00 4c 00 00 	.-\..J....L..

14/04/2011 17:59:38 - Received close connection FLAP

14/04/2011 17:59:38 - SNAC: (0017,0003), flags = 0000, requestID = 00000001
FLAP: channel = 2, sequence = 771c, datasize = 26b
00 17 00 03 00 00 00 00 00 01 00 8e 00 01 00 00 	................
01 00 09 36 32 35 38 35 30 36 32 36 00 05 00 11 	...625850626....
32 30 35 2e 31 38 38 2e 34 2e 34 39 3a 35 31 39 	205.188.4.49:519
30 00 06 01 00 83 f4 d9 71 13 e0 8f 2b 8d 16 60 	0.......q...+..`
07 39 b5 d8 c2 00 1d d7 10 df 21 1d e4 d5 80 a4 	.9........!.....
37 11 1c b0 52 b6 9f 75 aa 2a a6 f0 74 bf e7 39 	7...R..u.*..t..9
9a 98 70 1a 93 5f 97 eb e8 2b a2 aa 1c 58 01 e8 	..p.._...+...X..
c5 f4 10 d3 9b 3a aa f4 37 ff 2c 90 38 1a 90 a1 	.....:..7.,.8...
94 43 ea d8 f0 fc d0 f4 3d ca ac 2c 13 3e 85 79 	.C......=..,.>.y
08 0b 7a 26 06 f6 14 a2 a2 a4 03 c4 7f fd f6 77 	..z&...........w
ec ef 37 66 fa 2b 1a b5 a3 8d 30 fa d1 2b df 0c 	..7f.+....0..+..
8d 89 94 70 72 3a a3 67 4e 92 56 c2 28 0d 06 74 	...pr:.gN.V.(..t
96 2a da 17 42 ad 09 05 cc ce bc 42 a1 c0 b4 2c 	.*..B......B...,
05 ec 08 98 4a 65 12 48 ee 47 4e 84 67 af 7d 91 	....Je.H.GN.g.}.
fe 9f 6f 9f 7b d2 03 0c 75 18 02 82 4c 0b 60 20 	..o.{...u...L.` 
74 fc 77 f7 02 27 1f d8 5d 33 0e bf 40 2a 71 0e 	t.w..'..]3..@*q.
22 45 3b f9 b9 1c ee ad 60 2b cf 2b 46 b6 3d 20 	"E;.....`+.+F.= 
d8 2f 85 ba 27 52 f1 d0 6a a0 a9 72 ac 4b f3 17 	./..'R..j..r.K..
6f 07 ef 15 82 3a 54 9b 23 a9 30 4f 57 8f 6c f7 	o....:T.#.0OW.l.
f5 40 ff 45 a9 00 40 00 04 00 00 1b 6d 00 43 00 	.@.E..@.....m.C.
07 37 2e 32 2e 36 2e 31 00 41 00 4a 68 74 74 70 	.7.2.6.1.A.Jhttp
3a 2f 2f 64 6f 77 6e 6c 6f 61 64 2e 6e 65 77 61 	://download.newa
6f 6c 2e 63 6f 6d 2f 61 69 6d 2f 77 69 6e 39 35 	ol.com/aim/win95
2f 49 6e 73 74 61 6c 6c 5f 41 49 4d 5f 55 70 67 	/Install_AIM_Upg
72 61 64 65 41 49 4d 35 2e 78 5f 37 2e 32 2e 36 	radeAIM5.x_7.2.6
2e 31 2e 65 78 65 00 42 00 12 68 74 74 70 3a 2f 	.1.exe.B..http:/
2f 77 77 77 2e 61 69 6d 2e 63 6f 6d 00 48 00 20 	/www.aim.com.H. 
35 33 64 31 32 65 32 33 39 32 31 62 38 32 39 34 	53d12e23921b8294
61 64 65 30 30 66 36 35 35 37 36 35 64 65 38 33 	ade00f655765de83
00 44 00 04 00 00 1b 6e 00 47 00 07 37 2e 32 2e 	.D.....n.G..7.2.
36 2e 31 00 45 00 4a 68 74 74 70 3a 2f 2f 64 6f 	6.1.E.Jhttp://do
77 6e 6c 6f 61 64 2e 6e 65 77 61 6f 6c 2e 63 6f 	wnload.newaol.co
6d 2f 61 69 6d 2f 77 69 6e 39 35 2f 49 6e 73 74 	m/aim/win95/Inst
61 6c 6c 5f 41 49 4d 5f 55 70 67 72 61 64 65 41 	all_AIM_UpgradeA
49 4d 35 2e 78 5f 37 2e 32 2e 36 2e 31 2e 65 78 	IM5.x_7.2.6.1.ex
65 00 46 00 12 68 74 74 70 3a 2f 2f 77 77 77 2e 	e.F..http://www.
61 69 6d 2e 63 6f 6d 00 49 00 20 35 33 64 31 32 	aim.com.I. 53d12
65 32 33 39 32 31 62 38 32 39 34 61 64 65 30 30 	e23921b8294ade00
66 36 35 35 37 36 35 64 65 38 33 	f655765de83

14/04/2011 17:59:39 - SNAC: (0001,0003), flags = 0000, requestID = c4a01e72
FLAP: channel = 2, sequence = 3595, datasize = 28
00 01 00 03 00 00 c4 a0 1e 72 00 01 00 02 00 03 	.........r......
00 04 00 06 00 08 00 09 00 0a 00 0b 00 0c 00 13 	................
00 15 00 22 00 24 00 25 	...".$.%

14/04/2011 17:59:39 - Connection 1 sent SNAC(01,17), 64 bytes
2a 02 00 02 00 3a 00 01 00 17 00 00 00 00 00 02 	*....:..........
00 15 00 01 00 13 00 04 00 0c 00 01 00 0b 00 01 	................
00 0a 00 01 00 09 00 01 00 08 00 01 00 06 00 01 	................
00 04 00 01 00 03 00 01 00 02 00 01 00 01 00 03 	................
	

14/04/2011 17:59:39 - SNAC: (0001,0015), flags = 0000, requestID = c4a01e73
FLAP: channel = 2, sequence = 3596, datasize = 13c
00 01 00 15 00 00 c4 a0 1e 73 00 03 00 1e 68 74 	.........s....ht
74 70 3a 2f 2f 61 70 69 2e 69 63 71 2e 6e 65 74 	tp://api.icq.net
2f 6c 69 66 65 73 74 72 65 61 6d 2f 00 07 00 25 	/lifestream/...%
68 74 74 70 3a 2f 2f 6f 2e 69 63 71 63 64 6e 2e 	http://o.icqcdn.
63 6f 6d 2f 6c 69 66 65 73 74 72 65 61 6d 2f 70 	com/lifestream/p
68 6f 74 6f 2f 00 08 00 27 68 74 74 70 3a 2f 2f 	hoto/...'http://
6c 69 66 65 73 74 72 65 61 6d 2e 69 63 71 2e 63 	lifestream.icq.c
6f 6d 2f 70 68 6f 74 6f 2f 75 70 6c 6f 61 64 3f 	om/photo/upload?
00 09 00 13 68 74 74 70 3a 2f 2f 61 70 69 2e 69 	....http://api.i
63 71 2e 6e 65 74 2f 00 0a 00 22 68 74 74 70 3a 	cq.net/..."http:
2f 2f 6c 69 66 65 73 74 72 65 61 6d 2e 69 63 71 	//lifestream.icq
2e 63 6f 6d 2f 73 65 74 74 69 6e 67 73 00 0f 00 	.com/settings...
1a 68 74 74 70 3a 2f 2f 6c 69 66 65 73 74 72 65 	.http://lifestre
61 6d 2e 69 63 71 2e 63 6f 6d 2f 00 10 00 2b 68 	am.icq.com/...+h
74 74 70 3a 2f 2f 6c 69 66 65 73 74 72 65 61 6d 	ttp://lifestream
2e 69 63 71 2e 63 6f 6d 2f 70 68 6f 74 6f 2f 6c 	.icq.com/photo/l
69 66 65 73 74 72 65 61 6d 2f 00 13 00 2e 68 74 	ifestream/....ht
74 70 3a 2f 2f 6f 2e 61 6f 6c 63 64 6e 2e 63 6f 	tp://o.aolcdn.co
6d 2f 6c 69 66 65 73 74 72 65 61 6d 2f 63 6c 69 	m/lifestream/cli
65 6e 74 2f 77 61 74 63 68 65 72 73 	ent/watchers

14/04/2011 17:59:39 - SNAC: (0001,0018), flags = 0000, requestID = c4a01f15
FLAP: channel = 2, sequence = 3597, datasize = 46
00 01 00 18 00 00 c4 a0 1f 15 00 01 00 04 00 02 	................
00 01 00 03 00 01 00 04 00 01 00 06 00 01 00 08 	................
00 01 00 09 00 01 00 0a 00 01 00 0b 00 01 00 0c 	................
00 01 00 13 00 05 00 15 00 02 00 22 00 01 00 24 	..........."...$
00 01 00 25 00 01 	...%..

14/04/2011 17:59:39 - Connection 1 sent SNAC(01,06), 16 bytes
2a 02 00 03 00 0a 00 01 00 06 00 00 00 00 00 03 	*...............
	

14/04/2011 17:59:39 - SNAC: (0001,0013), flags = 0000, requestID = c4a01f16
FLAP: channel = 2, sequence = 3598, datasize = 18
00 01 00 13 00 00 c4 a0 1f 16 00 05 00 02 00 02 	................
00 1e 00 03 00 02 04 b0 	........

14/04/2011 17:59:39 - SNAC: (0001,0007), flags = 0000, requestID = 00000003
FLAP: channel = 2, sequence = 3599, datasize = 5ff
00 01 00 07 00 00 00 00 00 03 00 05 00 01 00 00 	................
00 50 00 00 09 c4 00 00 07 d0 00 00 05 dc 00 00 	.P..............
03 20 00 00 16 e0 00 00 17 70 00 00 00 00 00 00 	. .......p......
02 00 00 00 50 00 00 0b b8 00 00 07 d0 00 00 05 	....P...........
dc 00 00 03 e8 00 00 17 70 00 00 17 70 00 00 01 	........p...p...
e6 00 00 03 00 00 00 14 00 00 0c 1c 00 00 09 c4 	................
00 00 07 d0 00 00 05 dc 00 00 0d ac 00 00 11 94 	................
00 00 01 e6 00 00 04 00 00 00 14 00 00 15 7c 00 	..............|.
00 14 b4 00 00 10 68 00 00 0b b8 00 00 17 70 00 	......h.......p.
00 1f 40 00 00 01 e6 00 00 05 00 00 00 0a 00 00 	..@.............
15 7c 00 00 14 b4 00 00 10 68 00 00 0b b8 00 00 	.|.......h......
17 70 00 00 1f 40 00 00 01 e6 00 00 01 01 41 00 	.p...@........A.
01 00 01 00 01 00 02 00 01 00 03 00 01 00 04 00 	................
01 00 05 00 01 00 06 00 01 00 07 00 01 00 08 00 	................
01 00 09 00 01 00 0a 00 01 00 0b 00 01 00 0c 00 	................
01 00 0d 00 01 00 0e 00 01 00 0f 00 01 00 10 00 	................
01 00 11 00 01 00 12 00 01 00 13 00 01 00 14 00 	................
01 00 15 00 01 00 16 00 01 00 17 00 01 00 18 00 	................
01 00 19 00 01 00 1a 00 01 00 1b 00 01 00 1c 00 	................
01 00 1d 00 01 00 1f 00 01 00 20 00 01 00 21 00 	.......... ...!.
01 00 22 00 01 00 23 00 01 00 24 00 01 00 25 00 	.."...#...$...%.
01 00 26 00 01 00 27 00 01 00 28 00 01 00 29 00 	..&...'...(...).
01 00 2a 00 02 00 01 00 02 00 02 00 02 00 03 00 	..*.............
02 00 04 00 02 00 06 00 02 00 07 00 02 00 08 00 	................
02 00 0a 00 02 00 0c 00 02 00 0d 00 02 00 0e 00 	................
02 00 0f 00 02 00 10 00 02 00 11 00 02 00 12 00 	................
02 00 13 00 02 00 14 00 02 00 15 00 02 00 16 00 	................
02 00 17 00 02 00 18 00 02 00 19 00 03 00 01 00 	................
03 00 02 00 03 00 03 00 03 00 06 00 03 00 07 00 	................
03 00 08 00 03 00 09 00 03 00 0a 00 03 00 0b 00 	................
03 00 0c 00 03 00 0d 00 03 00 0e 00 03 00 0f 00 	................
03 00 10 00 03 00 11 00 03 00 12 00 03 00 13 00 	................
03 00 14 00 03 00 15 00 04 00 01 00 04 00 02 00 	................
04 00 03 00 04 00 04 00 04 00 05 00 04 00 07 00 	................
04 00 08 00 04 00 09 00 04 00 0a 00 04 00 0b 00 	................
04 00 0c 00 04 00 0d 00 04 00 0e 00 04 00 0f 00 	................
04 00 10 00 04 00 11 00 04 00 12 00 04 00 13 00 	................
04 00 14 00 04 00 15 00 04 00 16 00 04 00 17 00 	................
04 00 18 00 04 00 19 00 06 00 01 00 06 00 02 00 	................
06 00 03 00 08 00 01 00 08 00 02 00 09 00 01 00 	................
09 00 02 00 09 00 03 00 09 00 04 00 09 00 09 00 	................
09 00 0a 00 09 00 0b 00 0a 00 01 00 0a 00 02 00 	................
0a 00 03 00 0b 00 01 00 0b 00 02 00 0b 00 03 00 	................
0b 00 04 00 0c 00 01 00 0c 00 02 00 0c 00 03 00 	................
13 00 01 00 13 00 02 00 13 00 03 00 13 00 04 00 	................
13 00 05 00 13 00 06 00 13 00 07 00 13 00 08 00 	................
13 00 09 00 13 00 0a 00 13 00 0b 00 13 00 0c 00 	................
13 00 0d 00 13 00 0e 00 13 00 0f 00 13 00 10 00 	................
13 00 11 00 13 00 12 00 13 00 13 00 13 00 14 00 	................
13 00 15 00 13 00 16 00 13 00 17 00 13 00 18 00 	................
13 00 19 00 13 00 1a 00 13 00 1b 00 13 00 1c 00 	................
13 00 1d 00 13 00 1e 00 13 00 1f 00 13 00 20 00 	.............. .
13 00 21 00 13 00 22 00 13 00 23 00 13 00 24 00 	..!..."...#...$.
13 00 25 00 13 00 26 00 13 00 27 00 13 00 28 00 	..%...&...'...(.
13 00 29 00 13 00 2a 00 13 00 2b 00 13 00 2c 00 	..)...*...+...,.
13 00 2d 00 13 00 2e 00 13 00 2f 00 13 00 30 00 	..-......./...0.
13 00 31 00 13 00 32 00 13 00 33 00 13 00 34 00 	..1...2...3...4.
13 00 35 00 13 00 36 00 13 00 37 00 13 00 38 00 	..5...6...7...8.
13 00 39 00 13 00 3a 00 13 00 3b 00 13 00 3c 00 	..9...:...;...<.
13 00 3d 00 13 00 3e 00 13 00 3f 00 13 00 40 00 	..=...>...?...@.
13 00 41 00 13 00 42 00 13 00 43 00 13 00 44 00 	..A...B...C...D.
13 00 45 00 13 00 46 00 13 00 47 00 13 00 48 00 	..E...F...G...H.
13 00 49 00 13 00 4a 00 13 00 4b 00 13 00 4c 00 	..I...J...K...L.
13 00 4d 00 13 00 4e 00 13 00 4f 00 13 00 50 00 	..M...N...O...P.
13 00 51 00 13 00 52 00 13 00 53 00 13 00 54 00 	..Q...R...S...T.
13 00 55 00 13 00 56 00 15 00 01 00 15 00 02 00 	..U...V.........
15 00 03 00 22 00 01 00 22 00 02 00 22 00 03 00 	...."..."..."...
24 00 01 00 24 00 02 00 24 00 03 00 24 00 04 00 	$...$...$...$...
24 00 05 00 24 00 06 00 24 00 07 00 24 00 08 00 	$...$...$...$...
24 00 09 00 24 00 0a 00 24 00 0b 00 24 00 0c 00 	$...$...$...$...
24 00 0d 00 24 00 0e 00 24 00 0f 00 24 00 10 00 	$...$...$...$...
24 00 11 00 24 00 12 00 24 00 13 00 24 00 14 00 	$...$...$...$...
24 00 15 00 24 00 16 00 24 00 17 00 24 00 18 00 	$...$...$...$...
24 00 19 00 24 00 1a 00 24 00 1b 00 24 00 1c 00 	$...$...$...$...
24 00 1d 00 24 00 1e 00 24 00 1f 00 24 00 20 00 	$...$...$...$. .
24 00 21 00 24 00 22 00 24 00 23 00 24 00 24 00 	$.!.$.".$.#.$.$.
24 00 25 00 24 00 26 00 24 00 27 00 24 00 28 00 	$.%.$.&.$.'.$.(.
24 00 29 00 24 00 2a 00 24 00 2b 00 24 00 2c 00 	$.).$.*.$.+.$.,.
24 00 2d 00 24 00 2e 00 24 00 2f 00 24 00 30 00 	$.-.$...$./.$.0.
24 00 31 00 24 00 32 00 24 00 33 00 24 00 34 00 	$.1.$.2.$.3.$.4.
24 00 35 00 24 00 36 00 24 00 37 00 24 00 38 00 	$.5.$.6.$.7.$.8.
24 00 39 00 24 00 3a 00 24 00 3b 00 24 00 3c 00 	$.9.$.:.$.;.$.<.
24 00 3d 00 24 00 3e 00 24 00 3f 00 24 00 40 00 	$.=.$.>.$.?.$.@.
24 00 41 00 24 00 42 00 24 00 43 00 24 00 44 00 	$.A.$.B.$.C.$.D.
24 00 45 00 24 00 46 00 24 00 47 00 24 00 48 00 	$.E.$.F.$.G.$.H.
24 00 49 00 24 00 4a 00 24 00 4b 00 24 00 4c 00 	$.I.$.J.$.K.$.L.
24 00 4d 00 24 00 4e 00 24 00 4f 00 24 00 50 00 	$.M.$.N.$.O.$.P.
24 00 51 00 24 00 52 00 24 00 53 00 24 00 54 00 	$.Q.$.R.$.S.$.T.
24 00 55 00 24 00 56 00 24 00 57 00 24 00 58 00 	$.U.$.V.$.W.$.X.
24 00 59 00 24 00 5a 00 24 00 5b 00 24 00 5c 00 	$.Y.$.Z.$.[.$.\.
25 00 01 00 25 00 02 00 25 00 03 00 25 00 04 00 	%...%...%...%...
25 00 05 00 25 00 06 00 25 00 07 00 25 00 08 00 	%...%...%...%...
25 00 09 00 02 00 06 00 03 00 04 00 03 00 05 00 	%...............
09 00 05 00 09 00 06 00 09 00 07 00 09 00 08 00 	................
03 00 03 00 01 00 1e 00 02 00 05 00 04 00 06 00 	................
04 00 02 00 02 00 09 00 02 00 0b 00 05 00 00 	...............

14/04/2011 17:59:39 - Connection 1 sent SNAC(01,08), 26 bytes
2a 02 00 04 00 14 00 01 00 08 00 00 00 00 00 04 	*...............
00 01 00 02 00 03 00 04 00 05 	..........

14/04/2011 17:59:39 - Connection 1 sent SNAC(01,0e), 16 bytes
2a 02 00 05 00 0a 00 01 00 0e 00 00 00 00 00 05 	*...............
	

14/04/2011 17:59:39 - Connection 1 sent SNAC(13,02), 16 bytes
2a 02 00 06 00 0a 00 13 00 02 00 00 00 00 00 06 	*...............
	

14/04/2011 17:59:40 - Connection 1 sent SNAC(13,04), 16 bytes
2a 02 00 07 00 0a 00 13 00 04 00 00 00 00 00 07 	*...............
	

14/04/2011 17:59:40 - Connection 1 sent SNAC(02,02), 16 bytes
2a 02 00 08 00 0a 00 02 00 02 00 00 00 00 00 08 	*...............
	

14/04/2011 17:59:40 - Connection 1 sent SNAC(03,02), 16 bytes
2a 02 00 09 00 0a 00 03 00 02 00 00 00 00 00 09 	*...............
	

14/04/2011 17:59:40 - Connection 1 sent SNAC(04,04), 16 bytes
2a 02 00 0a 00 0a 00 04 00 04 00 00 00 00 00 0a 	*...............
	

14/04/2011 17:59:40 - Connection 1 sent SNAC(09,02), 16 bytes
2a 02 00 0b 00 0a 00 09 00 02 00 00 00 00 00 0b 	*...............
	

14/04/2011 17:59:40 - SNAC: (0001,000f), flags = 0000, requestID = 00000005
FLAP: channel = 2, sequence = 359a, datasize = 128
00 01 00 0f 00 00 00 00 00 05 09 36 32 35 38 35 	...........62585
30 36 32 36 00 00 00 0e 00 01 00 02 00 51 00 0c 	0626.........Q..
00 25 00 00 00 00 00 00 00 00 00 00 00 00 00 00 	.%..............
00 00 00 00 00 00 00 00 00 00 00 00 00 00 00 00 	................
00 00 00 00 00 00 00 00 0a 00 04 84 40 51 bc 00 	............@Q..
05 00 04 4d a6 cb 05 00 0f 00 04 00 00 00 01 00 	...M............
03 00 04 4d a7 0b e0 00 15 00 04 00 00 08 00 00 	...M............
22 00 02 0f f8 00 1e 00 04 00 00 00 00 00 28 00 	".............(.
01 0c 00 2d 00 04 00 00 00 00 00 2c 00 04 00 00 	...-.......,....
00 00 00 18 00 0c 4f 66 65 72 66 72 69 64 20 53 	......Oferfrid S
4d 53 00 37 00 04 00 00 00 00 09 36 32 35 38 35 	MS.7.......62585
30 36 32 36 00 00 00 0b 00 01 00 02 00 51 00 0c 	0626.........Q..
00 25 00 00 00 00 00 00 00 00 00 00 00 00 00 00 	.%..............
00 00 00 00 00 00 00 00 00 00 00 00 00 00 00 00 	................
00 00 00 00 00 00 00 00 0a 00 04 84 40 51 bc 00 	............@Q..
0f 00 04 00 00 00 01 00 2a 00 02 69 6c 00 14 00 	........*..il...
01 0c 00 03 00 04 4d a7 0b e0 00 15 00 04 00 00 	......M.........
08 00 00 22 00 02 0f f8 00 1e 00 04 00 00 00 00 	..."............
00 05 00 04 4d a6 cb 05 	....M...

14/04/2011 17:59:40 - SNAC: (0013,0003), flags = 0000, requestID = 00000006
FLAP: channel = 2, sequence = 359b, datasize = b8
00 13 00 03 00 00 00 00 00 06 00 04 00 5e 0d ac 	.............^..
00 64 05 dc 05 dc 00 01 00 01 00 32 00 00 00 00 	.d.........2....
00 03 00 00 00 00 00 00 00 80 03 e8 00 14 00 c8 	................
00 01 00 00 00 01 00 0f 00 01 00 28 00 00 00 00 	...........(....
00 c8 00 01 00 14 00 c8 00 01 00 08 00 14 00 01 	................
00 00 00 00 00 00 00 32 00 00 00 05 01 f4 00 01 	.......2........
00 08 05 dc 00 01 00 00 00 00 05 dc 00 02 00 02 	................
00 fe 00 03 00 02 06 a2 00 05 00 02 00 64 00 06 	.............d..
00 02 00 61 00 07 00 02 00 c8 00 08 00 02 00 0a 	...a............
00 09 00 04 00 06 97 80 00 0a 00 04 00 00 00 0e 	................
00 0b 00 02 00 00 00 0c 00 02 02 58 00 0d 00 02 	...........X....
00 00 00 0e 00 02 00 20 	....... 

14/04/2011 17:59:40 - SNAC: (0013,0006), flags = 0000, requestID = 00000007
FLAP: channel = 2, sequence = 359c, datasize = 297
00 13 00 06 00 00 00 00 00 07 00 00 11 00 00 00 	................
00 00 00 00 01 00 0a 00 c8 00 06 00 01 00 03 00 	................
02 00 00 00 00 00 01 00 04 00 05 01 6e 00 01 03 	............n...
00 00 00 00 00 02 00 05 00 10 00 c9 00 04 00 00 	................
00 00 00 d6 00 04 00 00 00 00 00 08 49 43 51 2d 	............ICQ-
4d 44 49 52 00 00 00 03 00 20 00 20 01 5c 00 10 	MDIR..... . .\..
e1 3a 1c c5 d2 53 4e 0f ab e0 af 1b 81 7b 55 3e 	.:...SN......{U>
01 5d 00 08 40 e3 d8 ad d8 45 c8 a1 00 08 66 61 	.]..@....E....fa
63 65 62 6f 6f 6b 00 00 00 05 00 29 00 22 00 8b 	cebook.....)."..
00 04 4d a6 cb 48 00 81 00 01 01 00 85 00 04 4d 	..M..H.........M
a6 cb 48 00 82 00 01 01 00 98 00 04 00 00 00 01 	..H.............
00 00 00 00 00 06 00 15 00 06 00 c8 00 02 00 02 	................
00 00 00 00 00 08 00 28 00 08 01 c2 00 04 4d a6 	.......(......M.
cc 28 00 0d 2b 39 37 32 35 32 33 35 35 31 30 32 	.(..+97252355102
31 00 00 00 09 00 19 00 0c 00 6d 00 08 4d a6 cc 	1.........m..M..
e8 3f 80 00 00 00 00 00 00 00 0a 00 1d 00 70 00 	.?............p.
67 00 04 4d a6 cd ac 01 50 00 04 00 00 00 04 01 	g..M....P.......
53 00 04 00 00 00 01 01 52 00 04 00 00 00 00 01 	S.......R.......
51 00 04 00 00 22 5a 01 60 00 04 4d a7 0b 98 01 	Q...."Z.`..M....
64 00 04 00 00 00 00 01 6f 00 04 00 00 00 00 01 	d.......o.......
70 00 04 00 00 00 00 01 71 00 04 00 00 00 00 01 	p.......q.......
c3 00 04 4d a6 cd ac 01 c4 00 04 4d a6 cd ac 01 	...M.......M....
c5 00 04 4d a6 cd ac 01 c6 00 04 4d a6 cb 05 00 	...M.......M....
0d 2b 39 37 32 35 34 34 35 32 36 33 39 31 00 00 	.+972544526391..
00 0d 00 19 00 0c 00 6d 00 08 4d a7 09 f8 3f 80 	.......m..M...?.
00 00 00 05 50 68 6f 6e 65 00 01 00 00 00 01 00 	....Phone.......
08 00 c8 00 04 00 01 00 02 00 0a 4f 66 65 72 20 	...........Ofer 
70 68 6f 6e 65 00 01 00 01 00 00 00 23 01 4a 00 	phone.......#.J.
00 01 3a 00 0d 2b 39 37 32 35 34 34 35 32 36 33 	..:..+9725445263
39 31 01 31 00 0a 4f 66 65 72 20 70 68 6f 6e 65 	91.1..Ofer phone
00 09 36 35 31 37 39 23 65 78 74 00 01 00 02 00 	..65179#ext.....
00 00 24 01 4a 00 00 01 3a 00 0d 2b 39 37 32 35 	..$.J...:..+9725
32 33 35 35 31 30 32 31 01 31 00 0b 49 69 72 69 	23551021.1..Iiri
74 20 50 68 6f 6e 65 00 0b 4e 6f 74 20 49 6e 20 	t Phone..Not In 
4c 69 73 74 00 02 00 00 00 01 00 12 00 6a 00 00 	List.........j..
00 76 00 04 00 00 01 52 00 c8 00 02 00 02 00 09 	.v.....R........
32 32 31 33 34 35 31 38 32 00 02 00 02 00 00 00 	221345182.......
14 01 49 00 00 00 6a 00 00 00 6d 00 08 4d a6 cf 	..I...j...m..M..
81 3f 80 00 00 00 07 46 72 69 65 6e 64 73 00 03 	.?.....Friends..
00 00 00 01 00 06 00 c8 00 02 00 01 00 09 33 38 	..............38
39 34 34 34 31 31 38 00 03 00 01 00 00 00 04 00 	9444118.........
66 00 00 4d a7 0b 98 	f..M...

14/04/2011 17:59:40 - Got unrecognized SSI item of type 32

14/04/2011 17:59:40 - Got unrecognized SSI item of type 41

14/04/2011 17:59:40 - Got unrecognized SSI item of type 21

14/04/2011 17:59:40 - Got unrecognized SSI item of type 40

14/04/2011 17:59:40 - Got unrecognized SSI item of type 25

14/04/2011 17:59:40 - Got unrecognized SSI item of type 29

14/04/2011 17:59:40 - Got unrecognized SSI item of type 25

14/04/2011 17:59:40 - Connection 1 sent SNAC(02,04), 84 bytes
2a 02 00 0c 00 4e 00 02 00 04 00 00 00 00 00 0c 	*....N..........
00 05 00 40 09 19 19 82 de ad be ef ca fe 44 45 	...@..........DE
53 54 00 00 09 46 13 43 4c 7f 11 d1 82 22 44 45 	ST...F.CL...."DE
53 54 00 00 09 46 13 45 4c 7f 11 d1 82 22 44 45 	ST...F.EL...."DE
53 54 00 00 74 8f 24 20 62 87 11 d1 82 22 44 45 	ST..t.$ b...."DE
53 54 00 00 	ST..

14/04/2011 17:59:40 - Connection 1 sent SNAC(01,1e), 28 bytes
2a 02 00 0d 00 16 00 01 00 1e 00 00 00 00 00 0f 	*...............
00 1d 00 08 00 02 04 04 00 00 00 00 	............

14/04/2011 17:59:40 - Connection 1 sent SNAC(02,04), 16 bytes
2a 02 00 0e 00 0a 00 02 00 04 00 00 00 00 00 0d 	*...............
	

14/04/2011 17:59:40 - Connection 1 sent SNAC(01,1e), 24 bytes
2a 02 00 0f 00 12 00 01 00 1e 00 00 00 00 00 10 	*...............
00 06 00 04 00 00 00 00 	........

14/04/2011 17:59:40 - SNAC: (0003,0003), flags = 0000, requestID = 00000009
FLAP: channel = 2, sequence = 359e, datasize = 22
00 03 00 03 00 00 00 00 00 09 00 02 00 02 0b b8 	................
00 01 00 02 05 dc 00 03 00 02 02 00 00 04 00 02 	................
00 a0 	..

14/04/2011 17:59:40 - SNAC: (0002,0003), flags = 0000, requestID = 00000008
FLAP: channel = 2, sequence = 359d, datasize = 28
00 02 00 03 00 00 00 00 00 08 00 01 00 02 10 00 	................
00 02 00 02 00 12 00 05 00 02 00 80 00 03 00 02 	................
00 0a 00 04 00 02 10 00 	........

14/04/2011 17:59:40 - SNAC: (0004,0005), flags = 0000, requestID = 0000000a
FLAP: channel = 2, sequence = 359f, datasize = 1a
00 04 00 05 00 00 00 00 00 0a 00 04 00 00 00 03 	................
0f a0 03 84 03 e7 00 00 03 e8 	..........

14/04/2011 17:59:40 - Connection 1 sent SNAC(01,02), 112 bytes
2a 02 00 10 00 6a 00 01 00 02 00 00 00 00 00 0e 	*....j..........
00 15 00 01 01 10 04 7c 00 13 00 04 01 10 06 29 	.......|.......)
00 0c 00 01 01 04 00 01 00 0b 00 01 01 04 00 01 	................
00 0a 00 01 01 10 06 29 00 09 00 01 01 10 06 29 	.......).......)
00 08 00 01 01 04 00 01 00 06 00 01 01 10 06 29 	...............)
00 04 00 01 01 10 06 29 00 03 00 01 01 10 06 29 	.......).......)
00 02 00 01 01 10 06 29 00 01 00 03 01 10 06 29 	.......).......)
	

14/04/2011 17:59:40 - Connection 1 sent SNAC(13,07), 16 bytes
2a 02 00 11 00 0a 00 13 00 07 00 00 00 00 00 11 	*...............
	

14/04/2011 17:59:40 - Connection 1 sent SNAC(02,04), 84 bytes
2a 02 00 12 00 4e 00 02 00 04 00 00 00 00 00 12 	*....N..........
00 05 00 40 09 19 19 82 de ad be ef ca fe 44 45 	...@..........DE
53 54 00 00 09 46 13 43 4c 7f 11 d1 82 22 44 45 	ST...F.CL...."DE
53 54 00 00 09 46 13 45 4c 7f 11 d1 82 22 44 45 	ST...F.EL...."DE
53 54 00 00 74 8f 24 20 62 87 11 d1 82 22 44 45 	ST..t.$ b...."DE
53 54 00 00 	ST..

14/04/2011 17:59:40 - Connection 1 sent SNAC(04,02), 32 bytes
2a 02 00 13 00 1a 00 04 00 02 00 00 00 00 00 13 	*...............
00 00 00 00 01 1b 1f 40 03 e7 03 e7 00 00 00 00 	.......@........
	

14/04/2011 17:59:40 - SNAC: (0001,0021), flags = 0000, requestID = c4a0237c
FLAP: channel = 2, sequence = 35a1, datasize = 12
00 01 00 21 00 00 c4 a0 23 7c 00 02 04 00 00 0d 	...!....#|......
04 00 	..

14/04/2011 17:59:40 - SNAC: (0009,0003), flags = 0000, requestID = 0000000b
FLAP: channel = 2, sequence = 35a0, datasize = 16
00 09 00 03 00 00 00 00 00 0b 00 02 00 02 03 e8 	................
00 01 00 02 03 e8 	......

14/04/2011 17:59:40 - SNAC: (0002,0001), flags = 0000, requestID = 0000000d
FLAP: channel = 2, sequence = 35a2, datasize = 0c
00 02 00 01 00 00 00 00 00 0d 00 0e 	............

14/04/2011 17:59:40 - SNAC: (000b,0002), flags = 0000, requestID = c4a02489
FLAP: channel = 2, sequence = 35a3, datasize = 0e
00 0b 00 02 00 00 c4 a0 24 89 00 1e 00 00 	........$.....

14/04/2011 17:59:40 - SNAC: (0003,000a), flags = 0000, requestID = c4a0248a
FLAP: channel = 2, sequence = 35a4, datasize = 28
00 03 00 0a 00 00 c4 a0 24 8a 09 6f 66 65 72 70 	........$..oferp
68 6f 6e 65 09 36 35 31 37 39 23 65 78 74 09 32 	hone.65179#ext.2
32 31 33 34 35 31 38 32 	21345182

14/04/2011 17:59:40 - SNAC: (0001,000f), flags = 8000, requestID = c4a0248f
FLAP: channel = 2, sequence = 35a5, datasize = cd
00 01 00 0f 80 00 c4 a0 24 8f 00 06 00 01 00 02 	........$.......
00 03 09 36 32 35 38 35 30 36 32 36 00 00 00 0e 	...625850626....
00 01 00 02 00 51 00 05 00 04 4d a6 cb 05 00 0d 	.....Q....M.....
00 40 09 19 19 82 de ad be ef ca fe 44 45 53 54 	.@..........DEST
00 00 09 46 13 43 4c 7f 11 d1 82 22 44 45 53 54 	...F.CL...."DEST
00 00 09 46 13 45 4c 7f 11 d1 82 22 44 45 53 54 	...F.EL...."DEST
00 00 74 8f 24 20 62 87 11 d1 82 22 44 45 53 54 	..t.$ b...."DEST
00 00 00 0f 00 04 00 00 00 02 00 03 00 04 4d a7 	..............M.
0b e0 00 15 00 04 00 00 08 00 00 0a 00 04 84 40 	...............@
51 bc 00 22 00 02 0f f8 00 1e 00 04 00 00 00 00 	Q.."............
00 28 00 01 0c 00 2d 00 04 00 00 00 00 00 2c 00 	.(....-.......,.
04 00 00 00 00 00 18 00 0c 4f 66 65 72 66 72 69 	.........Oferfri
64 20 53 4d 53 00 37 00 04 00 00 00 00 	d SMS.7......

14/04/2011 18:00:00 - SNAC: (0004,0007), flags = 0000, requestID = c4a07446
FLAP: channel = 2, sequence = 35a6, datasize = 13f
00 04 00 07 00 00 c4 a0 74 46 4d a7 0b f5 00 28 	........tFM....(
90 c8 00 04 04 31 30 30 32 00 00 00 02 00 01 00 	.....1002.......
02 00 d0 00 37 00 04 00 00 00 00 00 05 00 e8 ea 	....7...........
03 00 00 1a 00 01 00 00 20 00 0e 28 f6 00 11 e7 	........ ..(....
d3 11 bc f3 00 04 ac 96 9d c2 00 00 07 00 00 00 	................
49 43 51 53 4d 53 00 00 00 00 b9 00 00 00 b5 00 	ICQSMS..........
00 00 3c 73 6d 73 5f 6d 65 73 73 61 67 65 3e 3c 	..<sms_message><
73 6f 75 72 63 65 3e 49 43 51 3c 2f 73 6f 75 72 	source>ICQ</sour
63 65 3e 3c 64 65 73 74 69 6e 61 74 69 6f 6e 5f 	ce><destination_
55 49 4e 3e 36 32 35 38 35 30 36 32 36 3c 2f 64 	UIN>625850626</d
65 73 74 69 6e 61 74 69 6f 6e 5f 55 49 4e 3e 3c 	estination_UIN><
73 65 6e 64 65 72 3e 2b 39 37 32 35 34 34 35 32 	sender>+97254452
36 33 39 31 3c 2f 73 65 6e 64 65 72 3e 3c 74 65 	6391</sender><te
78 74 3e 4b 69 6c 6f 77 3c 2f 74 65 78 74 3e 3c 	xt>Kilow</text><
74 69 6d 65 3e 54 68 75 2c 20 31 34 20 41 70 72 	time>Thu, 14 Apr
20 32 30 31 31 20 31 31 3a 30 30 3a 30 35 20 45 	 2011 11:00:05 E
44 54 3c 2f 74 69 6d 65 3e 3c 2f 73 6d 73 5f 6d 	DT</time></sms_m
65 73 73 61 67 65 3e 00 24 00 24 65 31 61 62 37 	essage>.$.$e1ab7
38 38 63 2d 36 36 61 37 2d 31 31 65 30 2d 39 66 	88c-66a7-11e0-9f
30 61 2d 30 30 32 33 37 64 64 62 62 38 63 32 	0a-00237ddbb8c2

14/04/2011 18:03:23 - Sent keepalive over connection 1

14/04/2011 18:04:23 - Sent keepalive over connection 1

14/04/2011 18:05:23 - Sent keepalive over connection 1

14/04/2011 18:05:50 - SNAC: (0013,0019), flags = 8000, requestID = c4a63a2f
FLAP: channel = 2, sequence = 35a7, datasize = 21
00 13 00 19 80 00 c4 a6 3a 2f 00 06 00 01 00 02 	........:/......
00 04 09 33 38 39 34 34 34 31 31 38 00 01 20 00 	...389444118.. .
00 	.

14/04/2011 18:05:50 - SNAC: (0013,0011), flags = 8000, requestID = c4a63a40
FLAP: channel = 2, sequence = 35a8, datasize = 12
00 13 00 11 80 00 c4 a6 3a 40 00 06 00 01 00 02 	........:@......
00 04 	..

14/04/2011 18:05:50 - SNAC: (0013,0009), flags = 8000, requestID = c4a63a41
FLAP: channel = 2, sequence = 35a9, datasize = 25
00 13 00 09 80 00 c4 a6 3a 41 00 06 00 01 00 02 	........:A......
00 04 00 09 33 38 39 34 34 34 31 31 38 00 03 00 	....389444118...
01 00 00 00 00 	.....

14/04/2011 18:05:50 - SNAC: (0013,0012), flags = 8000, requestID = c4a63a42
FLAP: channel = 2, sequence = 35aa, datasize = 12
00 13 00 12 80 00 c4 a6 3a 42 00 06 00 01 00 02 	........:B......
00 04 	..

14/04/2011 18:05:50 - SNAC: (0003,000b), flags = 0000, requestID = c4a63a44
FLAP: channel = 2, sequence = 35ab, datasize = 8d
00 03 00 0b 00 00 c4 a6 3a 44 09 33 38 39 34 34 	........:D.38944
34 31 31 38 00 00 00 08 00 01 00 02 00 10 00 05 	4118............
00 04 47 9d c2 02 00 0f 00 04 00 00 00 1b 00 03 	..G.............
00 04 4d a7 0d 38 00 29 00 04 4d a3 9c cc 00 37 	..M..8.)..M....7
00 04 00 00 00 00 00 0d 00 10 09 46 13 4e 4c 7f 	...........F.NL.
11 d1 82 22 44 45 53 54 00 00 00 1d 00 2f 00 01 	..."DEST...../..
00 05 02 01 d2 04 72 00 0d 04 04 4d a3 9c cc 00 	......r....M....
02 04 1a 00 16 49 27 6d 20 6e 6f 74 20 68 65 72 	.....I'm not her
65 20 72 69 67 68 74 20 6e 6f 77 00 00 	e right now..

14/04/2011 18:05:50 - Connection 1 sent SNAC(02,05), 28 bytes
2a 02 00 17 00 16 00 02 00 05 00 00 00 00 00 14 	*...............
00 03 09 33 38 39 34 34 34 31 31 38 	...389444118

14/04/2011 18:05:50 - SNAC: (0002,0006), flags = 0000, requestID = 00000014
FLAP: channel = 2, sequence = 35ac, datasize = 93
00 02 00 06 00 00 00 00 00 14 09 33 38 39 34 34 	...........38944
34 31 31 38 00 00 00 09 00 01 00 02 00 10 00 05 	4118............
00 04 47 9d c2 02 00 0d 00 10 09 46 13 4e 4c 7f 	..G........F.NL.
11 d1 82 22 44 45 53 54 00 00 00 19 00 02 13 4e 	..."DEST.......N
00 0f 00 04 00 00 00 1c 00 1d 00 2f 00 01 00 05 	.........../....
02 01 d2 04 72 00 02 04 1a 00 16 49 27 6d 20 6e 	....r......I'm n
6f 74 20 68 65 72 65 20 72 69 67 68 74 20 6e 6f 	ot here right no
77 00 00 00 0d 04 04 4d a3 9c cc 00 03 00 04 4d 	w......M.......M
a7 0d 38 00 29 00 04 4d a3 9c cc 00 37 00 04 00 	..8.)..M....7...
00 00 00 	...

14/04/2011 18:05:52 - SNAC: (0003,000b), flags = 0000, requestID = c4a6445c
FLAP: channel = 2, sequence = 35ad, datasize = 8d
00 03 00 0b 00 00 c4 a6 44 5c 09 33 38 39 34 34 	........D\.38944
34 31 31 38 00 00 00 08 00 01 00 02 00 10 00 05 	4118............
00 04 47 9d c2 02 00 0f 00 04 00 00 00 1d 00 03 	..G.............
00 04 4d a7 0d 38 00 29 00 04 4d a3 9c cc 00 37 	..M..8.)..M....7
00 04 00 00 00 00 00 0d 00 10 09 46 13 4e 4c 7f 	...........F.NL.
11 d1 82 22 44 45 53 54 00 00 00 1d 00 2f 00 01 	..."DEST...../..
00 05 02 01 d2 04 72 00 0d 04 04 4d a3 9c cc 00 	......r....M....
02 04 1a 00 16 49 27 6d 20 6e 6f 74 20 68 65 72 	.....I'm not her
65 20 72 69 67 68 74 20 6e 6f 77 00 00 	e right now..

14/04/2011 18:05:52 - Connection 1 sent SNAC(02,05), 28 bytes
2a 02 00 18 00 16 00 02 00 05 00 00 00 00 00 15 	*...............
00 03 09 33 38 39 34 34 34 31 31 38 	...389444118

14/04/2011 18:05:52 - SNAC: (0002,0006), flags = 0000, requestID = 00000015
FLAP: channel = 2, sequence = 35ae, datasize = 93
00 02 00 06 00 00 00 00 00 15 09 33 38 39 34 34 	...........38944
34 31 31 38 00 00 00 09 00 01 00 02 00 10 00 05 	4118............
00 04 47 9d c2 02 00 0d 00 10 09 46 13 4e 4c 7f 	..G........F.NL.
11 d1 82 22 44 45 53 54 00 00 00 19 00 02 13 4e 	..."DEST.......N
00 0f 00 04 00 00 00 1e 00 1d 00 2f 00 01 00 05 	.........../....
02 01 d2 04 72 00 02 04 1a 00 16 49 27 6d 20 6e 	....r......I'm n
6f 74 20 68 65 72 65 20 72 69 67 68 74 20 6e 6f 	ot here right no
77 00 00 00 0d 04 04 4d a3 9c cc 00 03 00 04 4d 	w......M.......M
a7 0d 38 00 29 00 04 4d a3 9c cc 00 37 00 04 00 	..8.)..M....7...
00 00 00 	...

14/04/2011 18:06:03 - SNAC: (0003,000b), flags = 0000, requestID = c4a675f4
FLAP: channel = 2, sequence = 35af, datasize = 8d
00 03 00 0b 00 00 c4 a6 75 f4 09 33 38 39 34 34 	........u..38944
34 31 31 38 00 00 00 08 00 01 00 02 00 10 00 05 	4118............
00 04 47 9d c2 02 00 0f 00 04 00 00 00 29 00 03 	..G..........)..
00 04 4d a7 0d 38 00 29 00 04 4d a3 9c cc 00 37 	..M..8.)..M....7
00 04 00 00 00 00 00 0d 00 10 09 46 13 4e 4c 7f 	...........F.NL.
11 d1 82 22 44 45 53 54 00 00 00 1d 00 2f 00 01 	..."DEST...../..
00 05 02 01 d2 04 72 00 0d 04 04 4d a3 9c cc 00 	......r....M....
02 04 1a 00 16 49 27 6d 20 6e 6f 74 20 68 65 72 	.....I'm not her
65 20 72 69 67 68 74 20 6e 6f 77 00 00 	e right now..

14/04/2011 18:06:03 - Connection 1 sent SNAC(02,05), 28 bytes
2a 02 00 19 00 16 00 02 00 05 00 00 00 00 00 16 	*...............
00 03 09 33 38 39 34 34 34 31 31 38 	...389444118

14/04/2011 18:06:04 - SNAC: (0002,0006), flags = 0000, requestID = 00000016
FLAP: channel = 2, sequence = 35b0, datasize = 93
00 02 00 06 00 00 00 00 00 16 09 33 38 39 34 34 	...........38944
34 31 31 38 00 00 00 09 00 01 00 02 00 10 00 05 	4118............
00 04 47 9d c2 02 00 0d 00 10 09 46 13 4e 4c 7f 	..G........F.NL.
11 d1 82 22 44 45 53 54 00 00 00 19 00 02 13 4e 	..."DEST.......N
00 0f 00 04 00 00 00 29 00 1d 00 2f 00 01 00 05 	.......).../....
02 01 d2 04 72 00 02 04 1a 00 16 49 27 6d 20 6e 	....r......I'm n
6f 74 20 68 65 72 65 20 72 69 67 68 74 20 6e 6f 	ot here right no
77 00 00 00 0d 04 04 4d a3 9c cc 00 03 00 04 4d 	w......M.......M
a7 0d 38 00 29 00 04 4d a3 9c cc 00 37 00 04 00 	..8.)..M....7...
00 00 00 	...

14/04/2011 18:06:17 - SNAC: (0004,0014), flags = 0000, requestID = c4a6aff4
FLAP: channel = 2, sequence = 35b1, datasize = 20
00 04 00 14 00 00 c4 a6 af f4 6e 0d a7 4d 00 00 	..........n..M..
00 00 00 01 09 33 38 39 34 34 34 31 31 38 00 02 	.....389444118..
	

14/04/2011 18:06:20 - SNAC: (0004,0007), flags = 0000, requestID = c4a6bf27
FLAP: channel = 2, sequence = 35b3, datasize = d3
00 04 00 07 00 00 c4 a6 bf 27 71 0d a7 4d 00 00 	.........'q..M..
00 00 00 01 09 33 38 39 34 34 34 31 31 38 00 00 	.....389444118..
00 09 00 01 00 02 00 10 00 05 00 04 47 9d c2 02 	............G...
00 0d 00 10 09 46 13 4e 4c 7f 11 d1 82 22 44 45 	.....F.NL...."DE
53 54 00 00 00 19 00 02 13 4e 00 0f 00 04 00 00 	ST.......N......
00 39 00 1d 00 09 00 01 00 05 02 01 d2 04 72 00 	.9............r.
03 00 04 4d a7 0d 38 00 29 00 04 4d a3 9c cc 00 	...M..8.)..M....
37 00 04 00 00 00 00 00 02 00 1f 05 01 00 02 01 	7...............
06 01 01 00 15 00 00 00 00 36 32 35 38 35 30 36 	.........6258506
32 36 20 67 73 64 66 67 6a 67 00 24 00 24 63 34 	26 gsdfgjg.$.$c4
32 64 33 33 31 32 2d 36 36 61 38 2d 31 31 65 30 	2d3312-66a8-11e0
2d 38 65 36 61 2d 30 30 32 33 37 64 35 65 36 63 	-8e6a-00237d5e6c
39 34 00 0b 00 00 00 16 00 04 4d a7 0d 71 00 13 	94........M..q..
00 01 15 	...

14/04/2011 18:06:20 - SNAC: (0004,0014), flags = 0000, requestID = c4a6bf1e
FLAP: channel = 2, sequence = 35b2, datasize = 20
00 04 00 14 00 00 c4 a6 bf 1e 71 0d a7 4d 00 00 	..........q..M..
00 00 00 01 09 33 38 39 34 34 34 31 31 38 00 00 	.....389444118..
	

14/04/2011 18:07:19 - SNAC: (0003,000b), flags = 0000, requestID = c4a6bf8f
FLAP: channel = 2, sequence = 35b4, datasize = 8d
00 03 00 0b 00 00 c4 a6 bf 8f 09 33 38 39 34 34 	...........38944
34 31 31 38 00 00 00 08 00 01 00 02 00 10 00 05 	4118............
00 04 47 9d c2 02 00 0f 00 04 00 00 00 39 00 03 	..G..........9..
00 04 4d a7 0d 38 00 29 00 04 4d a3 9c cc 00 37 	..M..8.)..M....7
00 04 00 00 00 00 00 0d 00 10 09 46 13 4e 4c 7f 	...........F.NL.
11 d1 82 22 44 45 53 54 00 00 00 1d 00 2f 00 01 	..."DEST...../..
00 05 02 01 d2 04 72 00 0d 04 04 4d a3 9c cc 00 	......r....M....
02 04 1a 00 16 49 27 6d 20 6e 6f 74 20 68 65 72 	.....I'm not her
65 20 72 69 67 68 74 20 6e 6f 77 00 00 	e right now..

14/04/2011 18:07:19 - Connection 1 sent SNAC(02,05), 28 bytes
2a 02 00 1a 00 16 00 02 00 05 00 00 00 00 00 17 	*...............
00 03 09 33 38 39 34 34 34 31 31 38 	...389444118

14/04/2011 18:07:19 - SNAC: (0002,0006), flags = 0000, requestID = 00000017
FLAP: channel = 2, sequence = 35b5, datasize = 93
00 02 00 06 00 00 00 00 00 17 09 33 38 39 34 34 	...........38944
34 31 31 38 00 00 00 09 00 01 00 02 00 10 00 05 	4118............
00 04 47 9d c2 02 00 0d 00 10 09 46 13 4e 4c 7f 	..G........F.NL.
11 d1 82 22 44 45 53 54 00 00 00 19 00 02 13 4e 	..."DEST.......N
00 0f 00 04 00 00 00 75 00 1d 00 2f 00 01 00 05 	.......u.../....
02 01 d2 04 72 00 02 04 1a 00 16 49 27 6d 20 6e 	....r......I'm n
6f 74 20 68 65 72 65 20 72 69 67 68 74 20 6e 6f 	ot here right no
77 00 00 00 0d 04 04 4d a3 9c cc 00 03 00 04 4d 	w......M.......M
a7 0d 38 00 29 00 04 4d a3 9c cc 00 37 00 04 00 	..8.)..M....7...
00 00 00 	...

14/04/2011 18:08:19 - Sent keepalive over connection 1

14/04/2011 18:08:33 - SNAC: (0004,0007), flags = 0000, requestID = c4a9047c
FLAP: channel = 2, sequence = 35b6, datasize = 13e
00 04 00 07 00 00 c4 a9 04 7c 4d a7 0d f6 00 28 	.........|M....(
91 53 00 04 04 31 30 30 32 00 00 00 02 00 01 00 	.S...1002.......
02 00 d0 00 37 00 04 00 00 00 00 00 05 00 e7 ea 	....7...........
03 00 00 1a 00 01 00 00 20 00 0e 28 f6 00 11 e7 	........ ..(....
d3 11 bc f3 00 04 ac 96 9d c2 00 00 07 00 00 00 	................
49 43 51 53 4d 53 00 00 00 00 b8 00 00 00 b4 00 	ICQSMS..........
00 00 3c 73 6d 73 5f 6d 65 73 73 61 67 65 3e 3c 	..<sms_message><
73 6f 75 72 63 65 3e 49 43 51 3c 2f 73 6f 75 72 	source>ICQ</sour
63 65 3e 3c 64 65 73 74 69 6e 61 74 69 6f 6e 5f 	ce><destination_
55 49 4e 3e 36 32 35 38 35 30 36 32 36 3c 2f 64 	UIN>625850626</d
65 73 74 69 6e 61 74 69 6f 6e 5f 55 49 4e 3e 3c 	estination_UIN><
73 65 6e 64 65 72 3e 2b 39 37 32 35 34 34 35 32 	sender>+97254452
36 33 39 31 3c 2f 73 65 6e 64 65 72 3e 3c 74 65 	6391</sender><te
78 74 3e 31 32 33 34 3c 2f 74 65 78 74 3e 3c 74 	xt>1234</text><t
69 6d 65 3e 54 68 75 2c 20 31 34 20 41 70 72 20 	ime>Thu, 14 Apr 
32 30 31 31 20 31 31 3a 30 38 3a 33 38 20 45 44 	2011 11:08:38 ED
54 3c 2f 74 69 6d 65 3e 3c 2f 73 6d 73 5f 6d 65 	T</time></sms_me
73 73 61 67 65 3e 00 24 00 24 31 33 62 36 64 37 	ssage>.$.$13b6d7
34 65 2d 36 36 61 39 2d 31 31 65 30 2d 39 38 37 	4e-66a9-11e0-987
61 2d 30 30 32 33 37 64 64 62 62 38 63 32 	a-00237ddbb8c2

14/04/2011 18:13:00 - Sent keepalive over connection 1

14/04/2011 18:14:00 - Sent keepalive over connection 1

14/04/2011 18:15:00 - Sent keepalive over connection 1

14/04/2011 18:15:51 - SNAC: (0004,0007), flags = 0000, requestID = c4b02501
FLAP: channel = 2, sequence = 35b7, datasize = 142
00 04 00 07 00 00 c4 b0 25 01 4d a7 0f ac 00 28 	........%.M....(
91 dd 00 04 04 31 30 30 32 00 00 00 02 00 01 00 	.....1002.......
02 00 d0 00 37 00 04 00 00 00 00 00 05 00 eb ea 	....7...........
03 00 00 1a 00 01 00 00 20 00 0e 28 f6 00 11 e7 	........ ..(....
d3 11 bc f3 00 04 ac 96 9d c2 00 00 07 00 00 00 	................
49 43 51 53 4d 53 00 00 00 00 bc 00 00 00 b8 00 	ICQSMS..........
00 00 3c 73 6d 73 5f 6d 65 73 73 61 67 65 3e 3c 	..<sms_message><
73 6f 75 72 63 65 3e 49 43 51 3c 2f 73 6f 75 72 	source>ICQ</sour
63 65 3e 3c 64 65 73 74 69 6e 61 74 69 6f 6e 5f 	ce><destination_
55 49 4e 3e 36 32 35 38 35 30 36 32 36 3c 2f 64 	UIN>625850626</d
65 73 74 69 6e 61 74 69 6f 6e 5f 55 49 4e 3e 3c 	estination_UIN><
73 65 6e 64 65 72 3e 2b 39 37 32 35 34 34 35 32 	sender>+97254452
36 33 39 31 3c 2f 73 65 6e 64 65 72 3e 3c 74 65 	6391</sender><te
78 74 3e 32 33 34 35 36 37 38 39 3c 2f 74 65 78 	xt>23456789</tex
74 3e 3c 74 69 6d 65 3e 54 68 75 2c 20 31 34 20 	t><time>Thu, 14 
41 70 72 20 32 30 31 31 20 31 31 3a 31 35 3a 35 	Apr 2011 11:15:5
36 20 45 44 54 3c 2f 74 69 6d 65 3e 3c 2f 73 6d 	6 EDT</time></sm
73 5f 6d 65 73 73 61 67 65 3e 00 24 00 24 31 38 	s_message>.$.$18
62 33 31 65 34 36 2d 36 36 61 61 2d 31 31 65 30 	b31e46-66aa-11e0
2d 62 66 63 37 2d 30 30 32 33 37 64 64 62 62 38 	-bfc7-00237ddbb8
63 32 	c2

14/04/2011 18:16:51 - Sent keepalive over connection 1

14/04/2011 18:17:19 - SNAC: (0004,0007), flags = 0000, requestID = c4b18ea4
FLAP: channel = 2, sequence = 35b8, datasize = 142
00 04 00 07 00 00 c4 b1 8e a4 4d a7 10 04 00 28 	..........M....(
91 f9 00 04 04 31 30 30 32 00 00 00 02 00 01 00 	.....1002.......
02 00 d0 00 37 00 04 00 00 00 00 00 05 00 eb ea 	....7...........
03 00 00 1a 00 01 00 00 20 00 0e 28 f6 00 11 e7 	........ ..(....
d3 11 bc f3 00 04 ac 96 9d c2 00 00 07 00 00 00 	................
49 43 51 53 4d 53 00 00 00 00 bc 00 00 00 b8 00 	ICQSMS..........
00 00 3c 73 6d 73 5f 6d 65 73 73 61 67 65 3e 3c 	..<sms_message><
73 6f 75 72 63 65 3e 49 43 51 3c 2f 73 6f 75 72 	source>ICQ</sour
63 65 3e 3c 64 65 73 74 69 6e 61 74 69 6f 6e 5f 	ce><destination_
55 49 4e 3e 36 32 35 38 35 30 36 32 36 3c 2f 64 	UIN>625850626</d
65 73 74 69 6e 61 74 69 6f 6e 5f 55 49 4e 3e 3c 	estination_UIN><
73 65 6e 64 65 72 3e 2b 39 37 32 35 34 34 35 32 	sender>+97254452
36 33 39 31 3c 2f 73 65 6e 64 65 72 3e 3c 74 65 	6391</sender><te
78 74 3e 31 32 33 34 35 36 37 38 3c 2f 74 65 78 	xt>12345678</tex
74 3e 3c 74 69 6d 65 3e 54 68 75 2c 20 31 34 20 	t><time>Thu, 14 
41 70 72 20 32 30 31 31 20 31 31 3a 31 37 3a 32 	Apr 2011 11:17:2
34 20 45 44 54 3c 2f 74 69 6d 65 3e 3c 2f 73 6d 	4 EDT</time></sm
73 5f 6d 65 73 73 61 67 65 3e 00 24 00 24 34 64 	s_message>.$.$4d
30 62 33 35 36 36 2d 36 36 61 61 2d 31 31 65 30 	0b3566-66aa-11e0
2d 62 66 30 37 2d 30 30 32 33 37 64 64 62 62 38 	-bf07-00237ddbb8
63 32 	c2

14/04/2011 18:19:10 - SNAC: (0004,0014), flags = 0000, requestID = c4b38222
FLAP: channel = 2, sequence = 35b9, datasize = 20
00 04 00 14 00 00 c4 b3 82 22 6c 10 a7 4d 00 00 	........."l..M..
00 00 00 01 09 33 38 39 34 34 34 31 31 38 00 02 	.....389444118..
	

14/04/2011 18:19:10 - SNAC: (0004,0014), flags = 0000, requestID = c4b389c6
FLAP: channel = 2, sequence = 35ba, datasize = 20
00 04 00 14 00 00 c4 b3 89 c6 6e 10 a7 4d 00 00 	..........n..M..
00 00 00 01 09 33 38 39 34 34 34 31 31 38 00 00 	.....389444118..
	

14/04/2011 18:19:10 - SNAC: (0004,0007), flags = 0000, requestID = c4b38a50
FLAP: channel = 2, sequence = 35bb, datasize = c8
00 04 00 07 00 00 c4 b3 8a 50 6e 10 a7 4d 00 00 	.........Pn..M..
00 00 00 01 09 33 38 39 34 34 34 31 31 38 00 00 	.....389444118..
00 09 00 01 00 02 00 10 00 05 00 04 47 9d c2 02 	............G...
00 0d 00 10 09 46 13 4e 4c 7f 11 d1 82 22 44 45 	.....F.NL...."DE
53 54 00 00 00 19 00 02 13 4e 00 0f 00 04 00 00 	ST.......N......
03 36 00 1d 00 09 00 01 00 05 02 01 d2 04 72 00 	.6............r.
03 00 04 4d a7 0d 38 00 29 00 04 4d a3 9c cc 00 	...M..8.)..M....
37 00 04 00 00 00 00 00 02 00 14 05 01 00 02 01 	7...............
06 01 01 00 0a 00 00 00 00 68 67 66 68 64 67 00 	.........hgfhdg.
24 00 24 38 63 37 66 39 61 61 32 2d 36 36 61 61 	$.$8c7f9aa2-66aa
2d 31 31 65 30 2d 61 31 34 39 2d 30 30 32 33 37 	-11e0-a149-00237
64 35 65 36 63 39 34 00 0b 00 00 00 16 00 04 4d 	d5e6c94........M
a7 10 6e 00 13 00 01 15 	..n.....

14/04/2011 18:19:11 - Sent keepalive over connection 1

14/04/2011 18:19:11 - SNAC: (0003,000b), flags = 0000, requestID = c4b38ac4
FLAP: channel = 2, sequence = 35bc, datasize = 8d
00 03 00 0b 00 00 c4 b3 8a c4 09 33 38 39 34 34 	...........38944
34 31 31 38 00 00 00 08 00 01 00 02 00 10 00 05 	4118............
00 04 47 9d c2 02 00 0f 00 04 00 00 03 37 00 03 	..G..........7..
00 04 4d a7 0d 38 00 29 00 04 4d a3 9c cc 00 37 	..M..8.)..M....7
00 04 00 00 00 00 00 0d 00 10 09 46 13 4e 4c 7f 	...........F.NL.
11 d1 82 22 44 45 53 54 00 00 00 1d 00 2f 00 01 	..."DEST...../..
00 05 02 01 d2 04 72 00 0d 04 04 4d a3 9c cc 00 	......r....M....
02 04 1a 00 16 49 27 6d 20 6e 6f 74 20 68 65 72 	.....I'm not her
65 20 72 69 67 68 74 20 6e 6f 77 00 00 	e right now..

14/04/2011 18:19:11 - Connection 1 sent SNAC(02,05), 28 bytes
2a 02 00 21 00 16 00 02 00 05 00 00 00 00 00 18 	*..!............
00 03 09 33 38 39 34 34 34 31 31 38 	...389444118

14/04/2011 18:19:12 - SNAC: (0002,0006), flags = 0000, requestID = 00000018
FLAP: channel = 2, sequence = 35bd, datasize = 93
00 02 00 06 00 00 00 00 00 18 09 33 38 39 34 34 	...........38944
34 31 31 38 00 00 00 09 00 01 00 02 00 10 00 05 	4118............
00 04 47 9d c2 02 00 0d 00 10 09 46 13 4e 4c 7f 	..G........F.NL.
11 d1 82 22 44 45 53 54 00 00 00 19 00 02 13 4e 	..."DEST.......N
00 0f 00 04 00 00 03 3d 00 1d 00 2f 00 01 00 05 	.......=.../....
02 01 d2 04 72 00 02 04 1a 00 16 49 27 6d 20 6e 	....r......I'm n
6f 74 20 68 65 72 65 20 72 69 67 68 74 20 6e 6f 	ot here right no
77 00 00 00 0d 04 04 4d a3 9c cc 00 03 00 04 4d 	w......M.......M
a7 0d 38 00 29 00 04 4d a3 9c cc 00 37 00 04 00 	..8.)..M....7...
00 00 00 	...

14/04/2011 18:19:26 - SNAC: (0004,0014), flags = 0000, requestID = c4b3eabe
FLAP: channel = 2, sequence = 35be, datasize = 20
00 04 00 14 00 00 c4 b3 ea be 84 10 a7 4d 00 00 	.............M..
00 00 00 01 09 33 38 39 34 34 34 31 31 38 00 02 	.....389444118..
	

14/04/2011 18:19:30 - SNAC: (0004,0007), flags = 0000, requestID = c4b3fc9f
FLAP: channel = 2, sequence = 35c0, datasize = cb
00 04 00 07 00 00 c4 b3 fc 9f 87 10 a7 4d 00 00 	.............M..
00 00 00 01 09 33 38 39 34 34 34 31 31 38 00 00 	.....389444118..
00 09 00 01 00 02 00 10 00 05 00 04 47 9d c2 02 	............G...
00 0d 00 10 09 46 13 4e 4c 7f 11 d1 82 22 44 45 	.....F.NL...."DE
53 54 00 00 00 19 00 02 13 4e 00 0f 00 04 00 00 	ST.......N......
03 4f 00 1d 00 09 00 01 00 05 02 01 d2 04 72 00 	.O............r.
03 00 04 4d a7 0d 38 00 29 00 04 4d a3 9c cc 00 	...M..8.)..M....
37 00 04 00 00 00 00 00 02 00 17 05 01 00 02 01 	7...............
06 01 01 00 0d 00 00 00 00 31 32 33 34 35 36 37 	.........1234567
38 39 00 24 00 24 39 62 36 37 35 63 35 38 2d 36 	89.$.$9b675c58-6
36 61 61 2d 31 31 65 30 2d 61 62 64 32 2d 30 30 	6aa-11e0-abd2-00
32 33 37 64 35 65 36 63 39 34 00 0b 00 00 00 16 	237d5e6c94......
00 04 4d a7 10 87 00 13 00 01 15 	..M........

14/04/2011 18:19:30 - SNAC: (0004,0014), flags = 0000, requestID = c4b3fc9c
FLAP: channel = 2, sequence = 35bf, datasize = 20
00 04 00 14 00 00 c4 b3 fc 9c 87 10 a7 4d 00 00 	.............M..
00 00 00 01 09 33 38 39 34 34 34 31 31 38 00 00 	.....389444118..
	

14/04/2011 18:26:59 - Sent keepalive over connection 1

14/04/2011 18:27:27 - SNAC: (0004,0007), flags = 0000, requestID = c4bc2587
FLAP: channel = 2, sequence = 35c1, datasize = 140
00 04 00 07 00 00 c4 bc 25 87 4d a7 12 64 00 28 	........%.M..d.(
92 ed 00 04 04 31 30 30 32 00 00 00 02 00 01 00 	.....1002.......
02 00 d0 00 37 00 04 00 00 00 00 00 05 00 e9 ea 	....7...........
03 00 00 1a 00 01 00 00 20 00 0e 28 f6 00 11 e7 	........ ..(....
d3 11 bc f3 00 04 ac 96 9d c2 00 00 07 00 00 00 	................
49 43 51 53 4d 53 00 00 00 00 ba 00 00 00 b6 00 	ICQSMS..........
00 00 3c 73 6d 73 5f 6d 65 73 73 61 67 65 3e 3c 	..<sms_message><
73 6f 75 72 63 65 3e 49 43 51 3c 2f 73 6f 75 72 	source>ICQ</sour
63 65 3e 3c 64 65 73 74 69 6e 61 74 69 6f 6e 5f 	ce><destination_
55 49 4e 3e 36 32 35 38 35 30 36 32 36 3c 2f 64 	UIN>625850626</d
65 73 74 69 6e 61 74 69 6f 6e 5f 55 49 4e 3e 3c 	estination_UIN><
73 65 6e 64 65 72 3e 2b 39 37 32 35 34 34 35 32 	sender>+97254452
36 33 39 31 3c 2f 73 65 6e 64 65 72 3e 3c 74 65 	6391</sender><te
78 74 3e 31 32 33 34 35 36 3c 2f 74 65 78 74 3e 	xt>123456</text>
3c 74 69 6d 65 3e 54 68 75 2c 20 31 34 20 41 70 	<time>Thu, 14 Ap
72 20 32 30 31 31 20 31 31 3a 32 37 3a 33 32 20 	r 2011 11:27:32 
45 44 54 3c 2f 74 69 6d 65 3e 3c 2f 73 6d 73 5f 	EDT</time></sms_
6d 65 73 73 61 67 65 3e 00 24 00 24 62 37 38 30 	message>.$.$b780
61 33 62 32 2d 36 36 61 62 2d 31 31 65 30 2d 39 	a3b2-66ab-11e0-9
33 62 62 2d 30 30 32 33 37 64 64 62 62 38 63 32 	3bb-00237ddbb8c2
	

14/04/2011 18:28:27 - Sent keepalive over connection 1

14/04/2011 18:28:43 - SNAC: (0004,0007), flags = 0000, requestID = c4bd3afa
FLAP: channel = 2, sequence = 35c2, datasize = 13e
00 04 00 07 00 00 c4 bd 3a fa 4d a7 12 b0 00 28 	........:.M....(
93 04 00 04 04 31 30 30 32 00 00 00 02 00 01 00 	.....1002.......
02 00 d0 00 37 00 04 00 00 00 00 00 05 00 e7 ea 	....7...........
03 00 00 1a 00 01 00 00 20 00 0e 28 f6 00 11 e7 	........ ..(....
d3 11 bc f3 00 04 ac 96 9d c2 00 00 07 00 00 00 	................
49 43 51 53 4d 53 00 00 00 00 b8 00 00 00 b4 00 	ICQSMS..........
00 00 3c 73 6d 73 5f 6d 65 73 73 61 67 65 3e 3c 	..<sms_message><
73 6f 75 72 63 65 3e 49 43 51 3c 2f 73 6f 75 72 	source>ICQ</sour
63 65 3e 3c 64 65 73 74 69 6e 61 74 69 6f 6e 5f 	ce><destination_
55 49 4e 3e 36 32 35 38 35 30 36 32 36 3c 2f 64 	UIN>625850626</d
65 73 74 69 6e 61 74 69 6f 6e 5f 55 49 4e 3e 3c 	estination_UIN><
73 65 6e 64 65 72 3e 2b 39 37 32 35 34 34 35 32 	sender>+97254452
36 33 39 31 3c 2f 73 65 6e 64 65 72 3e 3c 74 65 	6391</sender><te
78 74 3e 31 32 33 34 3c 2f 74 65 78 74 3e 3c 74 	xt>1234</text><t
69 6d 65 3e 54 68 75 2c 20 31 34 20 41 70 72 20 	ime>Thu, 14 Apr 
32 30 31 31 20 31 31 3a 32 38 3a 34 38 20 45 44 	2011 11:28:48 ED
54 3c 2f 74 69 6d 65 3e 3c 2f 73 6d 73 5f 6d 65 	T</time></sms_me
73 73 61 67 65 3e 00 24 00 24 65 35 30 61 36 65 	ssage>.$.$e50a6e
34 34 2d 36 36 61 62 2d 31 31 65 30 2d 61 35 64 	44-66ab-11e0-a5d
35 2d 30 30 32 33 37 64 64 62 62 38 63 32 	5-00237ddbb8c2

14/04/2011 18:33:21 - Sent keepalive over connection 1

14/04/2011 18:34:14 - SNAC: (0004,0014), flags = 0000, requestID = c4c30105
FLAP: channel = 2, sequence = 35c3, datasize = 20
00 04 00 14 00 00 c4 c3 01 05 fb 13 a7 4d 00 00 	.............M..
00 00 00 01 09 33 38 39 34 34 34 31 31 38 00 02 	.....389444118..
	

14/04/2011 18:34:14 - SNAC: (0004,0014), flags = 0000, requestID = c4c302dc
FLAP: channel = 2, sequence = 35c4, datasize = 20
00 04 00 14 00 00 c4 c3 02 dc fc 13 a7 4d 00 00 	.............M..
00 00 00 01 09 33 38 39 34 34 34 31 31 38 00 00 	.....389444118..
	

14/04/2011 18:34:14 - SNAC: (0004,0007), flags = 0000, requestID = c4c3038b
FLAP: channel = 2, sequence = 35c5, datasize = c6
00 04 00 07 00 00 c4 c3 03 8b fc 13 a7 4d 00 00 	.............M..
00 00 00 01 09 33 38 39 34 34 34 31 31 38 00 00 	.....389444118..
00 09 00 01 00 02 00 10 00 05 00 04 47 9d c2 02 	............G...
00 0d 00 10 09 46 13 4e 4c 7f 11 d1 82 22 44 45 	.....F.NL...."DE
53 54 00 00 00 19 00 02 13 4e 00 0f 00 04 00 00 	ST.......N......
06 c4 00 1d 00 09 00 01 00 05 02 01 d2 04 72 00 	..............r.
03 00 04 4d a7 0d 38 00 29 00 04 4d a3 9c cc 00 	...M..8.)..M....
37 00 04 00 00 00 00 00 02 00 12 05 01 00 02 01 	7...............
06 01 01 00 08 00 00 00 00 31 31 31 31 00 24 00 	.........1111.$.
24 61 61 38 33 33 31 66 36 2d 36 36 61 63 2d 31 	$aa8331f6-66ac-1
31 65 30 2d 62 30 36 66 2d 30 30 32 33 37 64 35 	1e0-b06f-00237d5
65 36 63 39 34 00 0b 00 00 00 16 00 04 4d a7 13 	e6c94........M..
fc 00 13 00 01 15 	......

14/04/2011 18:35:12 - SNAC: (0003,000b), flags = 0000, requestID = c4c30434
FLAP: channel = 2, sequence = 35c6, datasize = 8d
00 03 00 0b 00 00 c4 c3 04 34 09 33 38 39 34 34 	.........4.38944
34 31 31 38 00 00 00 08 00 01 00 02 00 10 00 05 	4118............
00 04 47 9d c2 02 00 0f 00 04 00 00 06 c4 00 03 	..G.............
00 04 4d a7 0d 38 00 29 00 04 4d a3 9c cc 00 37 	..M..8.)..M....7
00 04 00 00 00 00 00 0d 00 10 09 46 13 4e 4c 7f 	...........F.NL.
11 d1 82 22 44 45 53 54 00 00 00 1d 00 2f 00 01 	..."DEST...../..
00 05 02 01 d2 04 72 00 0d 04 04 4d a3 9c cc 00 	......r....M....
02 04 1a 00 16 49 27 6d 20 6e 6f 74 20 68 65 72 	.....I'm not her
65 20 72 69 67 68 74 20 6e 6f 77 00 00 	e right now..

14/04/2011 18:35:44 - Connection 1 sent SNAC(02,05), 28 bytes
2a 02 00 25 00 16 00 02 00 05 00 00 00 00 00 19 	*..%............
00 03 09 33 38 39 34 34 34 31 31 38 	...389444118

14/04/2011 18:36:20 - SNAC: (0002,0006), flags = 0000, requestID = 00000019
FLAP: channel = 2, sequence = 35c7, datasize = 93
00 02 00 06 00 00 00 00 00 19 09 33 38 39 34 34 	...........38944
34 31 31 38 00 00 00 09 00 01 00 02 00 10 00 05 	4118............
00 04 47 9d c2 02 00 0d 00 10 09 46 13 4e 4c 7f 	..G........F.NL.
11 d1 82 22 44 45 53 54 00 00 00 19 00 02 13 4e 	..."DEST.......N
00 0f 00 04 00 00 07 1e 00 1d 00 2f 00 01 00 05 	.........../....
02 01 d2 04 72 00 02 04 1a 00 16 49 27 6d 20 6e 	....r......I'm n
6f 74 20 68 65 72 65 20 72 69 67 68 74 20 6e 6f 	ot here right no
77 00 00 00 0d 04 04 4d a3 9c cc 00 03 00 04 4d 	w......M.......M
a7 0d 38 00 29 00 04 4d a3 9c cc 00 37 00 04 00 	..8.)..M....7...
00 00 00 	...

14/04/2011 18:38:20 - Sent keepalive over connection 1

14/04/2011 18:39:00 - SNAC: (0004,0007), flags = 0000, requestID = c4c7e3b9
FLAP: channel = 2, sequence = 35c8, datasize = 13d
00 04 00 07 00 00 c4 c7 e3 b9 4d a7 15 1a 00 28 	..........M....(
93 f8 00 04 04 31 30 30 32 00 00 00 02 00 01 00 	.....1002.......
02 00 d0 00 37 00 04 00 00 00 00 00 05 00 e6 ea 	....7...........
03 00 00 1a 00 01 00 00 20 00 0e 28 f6 00 11 e7 	........ ..(....
d3 11 bc f3 00 04 ac 96 9d c2 00 00 07 00 00 00 	................
49 43 51 53 4d 53 00 00 00 00 b7 00 00 00 b3 00 	ICQSMS..........
00 00 3c 73 6d 73 5f 6d 65 73 73 61 67 65 3e 3c 	..<sms_message><
73 6f 75 72 63 65 3e 49 43 51 3c 2f 73 6f 75 72 	source>ICQ</sour
63 65 3e 3c 64 65 73 74 69 6e 61 74 69 6f 6e 5f 	ce><destination_
55 49 4e 3e 36 32 35 38 35 30 36 32 36 3c 2f 64 	UIN>625850626</d
65 73 74 69 6e 61 74 69 6f 6e 5f 55 49 4e 3e 3c 	estination_UIN><
73 65 6e 64 65 72 3e 2b 39 37 32 35 34 34 35 32 	sender>+97254452
36 33 39 31 3c 2f 73 65 6e 64 65 72 3e 3c 74 65 	6391</sender><te
78 74 3e 31 32 33 3c 2f 74 65 78 74 3e 3c 74 69 	xt>123</text><ti
6d 65 3e 54 68 75 2c 20 31 34 20 41 70 72 20 32 	me>Thu, 14 Apr 2
30 31 31 20 31 31 3a 33 39 3a 30 36 20 45 44 54 	011 11:39:06 EDT
3c 2f 74 69 6d 65 3e 3c 2f 73 6d 73 5f 6d 65 73 	</time></sms_mes
73 61 67 65 3e 00 24 00 24 35 35 30 38 39 63 61 	sage>.$.$55089ca
36 2d 36 36 61 64 2d 31 31 65 30 2d 38 62 30 64 	6-66ad-11e0-8b0d
2d 30 30 32 33 37 64 64 62 62 38 63 32 	-00237ddbb8c2

14/04/2011 18:44:48 - Sent keepalive over connection 1

14/04/2011 18:45:48 - Sent keepalive over connection 1

14/04/2011 18:46:48 - Sent keepalive over connection 1

14/04/2011 18:47:48 - Sent keepalive over connection 1

14/04/2011 18:48:48 - Sent keepalive over connection 1

14/04/2011 18:49:18 - SNAC: (0004,0014), flags = 0000, requestID = c4d23adb
FLAP: channel = 2, sequence = 35c9, datasize = 20
00 04 00 14 00 00 c4 d2 3a db 84 17 a7 4d 00 00 	........:....M..
00 00 00 01 09 33 38 39 34 34 34 31 31 38 00 02 	.....389444118..
	

14/04/2011 18:49:22 - SNAC: (0004,0014), flags = 0000, requestID = c4d24cb6
FLAP: channel = 2, sequence = 35ca, datasize = 20
00 04 00 14 00 00 c4 d2 4c b6 88 17 a7 4d 00 00 	........L....M..
00 00 00 01 09 33 38 39 34 34 34 31 31 38 00 00 	.....389444118..
	

14/04/2011 18:49:23 - SNAC: (0004,0007), flags = 0000, requestID = c4d24d4e
FLAP: channel = 2, sequence = 35cb, datasize = cb
00 04 00 07 00 00 c4 d2 4d 4e 88 17 a7 4d 00 00 	........MN...M..
00 00 00 01 09 33 38 39 34 34 34 31 31 38 00 00 	.....389444118..
00 09 00 01 00 02 00 10 00 05 00 04 47 9d c2 02 	............G...
00 0d 00 10 09 46 13 4e 4c 7f 11 d1 82 22 44 45 	.....F.NL...."DE
53 54 00 00 00 19 00 02 13 4e 00 0f 00 04 00 00 	ST.......N......
0a 50 00 1d 00 09 00 01 00 05 02 01 d2 04 72 00 	.P............r.
03 00 04 4d a7 0d 38 00 29 00 04 4d a3 9c cc 00 	...M..8.)..M....
37 00 04 00 00 00 00 00 02 00 17 05 01 00 02 01 	7...............
06 01 01 00 0d 00 00 00 00 31 32 33 34 35 36 37 	.........1234567
38 39 00 24 00 24 63 37 63 33 37 35 62 63 2d 36 	89.$.$c7c375bc-6
36 61 65 2d 31 31 65 30 2d 39 36 37 33 2d 30 30 	6ae-11e0-9673-00
32 33 37 64 35 65 36 63 39 34 00 0b 00 00 00 16 	237d5e6c94......
00 04 4d a7 17 88 00 13 00 01 15 	..M........

14/04/2011 18:49:31 - SNAC: (0003,000b), flags = 0000, requestID = c4d24de3
FLAP: channel = 2, sequence = 35cc, datasize = 8d
00 03 00 0b 00 00 c4 d2 4d e3 09 33 38 39 34 34 	........M..38944
34 31 31 38 00 00 00 08 00 01 00 02 00 10 00 05 	4118............
00 04 47 9d c2 02 00 0f 00 04 00 00 0a 50 00 03 	..G..........P..
00 04 4d a7 0d 38 00 29 00 04 4d a3 9c cc 00 37 	..M..8.)..M....7
00 04 00 00 00 00 00 0d 00 10 09 46 13 4e 4c 7f 	...........F.NL.
11 d1 82 22 44 45 53 54 00 00 00 1d 00 2f 00 01 	..."DEST...../..
00 05 02 01 d2 04 72 00 0d 04 04 4d a3 9c cc 00 	......r....M....
02 04 1a 00 16 49 27 6d 20 6e 6f 74 20 68 65 72 	.....I'm not her
65 20 72 69 67 68 74 20 6e 6f 77 00 00 	e right now..

14/04/2011 18:49:34 - Connection 1 sent SNAC(02,05), 28 bytes
2a 02 00 2c 00 16 00 02 00 05 00 00 00 00 00 1a 	*..,............
00 03 09 33 38 39 34 34 34 31 31 38 	...389444118

14/04/2011 18:49:38 - SNAC: (0002,0006), flags = 0000, requestID = 0000001a
FLAP: channel = 2, sequence = 35cd, datasize = 93
00 02 00 06 00 00 00 00 00 1a 09 33 38 39 34 34 	...........38944
34 31 31 38 00 00 00 09 00 01 00 02 00 10 00 05 	4118............
00 04 47 9d c2 02 00 0d 00 10 09 46 13 4e 4c 7f 	..G........F.NL.
11 d1 82 22 44 45 53 54 00 00 00 19 00 02 13 4e 	..."DEST.......N
00 0f 00 04 00 00 0a 5c 00 1d 00 2f 00 01 00 05 	.......\.../....
02 01 d2 04 72 00 02 04 1a 00 16 49 27 6d 20 6e 	....r......I'm n
6f 74 20 68 65 72 65 20 72 69 67 68 74 20 6e 6f 	ot here right no
77 00 00 00 0d 04 04 4d a3 9c cc 00 03 00 04 4d 	w......M.......M
a7 0d 38 00 29 00 04 4d a3 9c cc 00 37 00 04 00 	..8.)..M....7...
00 00 00 	...

14/04/2011 18:55:51 - Sent keepalive over connection 1

14/04/2011 18:55:51 - SNAC: (0003,000b), flags = 0000, requestID = c4d36a12
FLAP: channel = 2, sequence = 35ce, datasize = 8d
00 03 00 0b 00 00 c4 d3 6a 12 09 33 38 39 34 34 	........j..38944
34 31 31 38 00 00 00 08 00 01 00 02 00 10 00 05 	4118............
00 04 47 9d c2 02 00 0f 00 04 00 00 0a 8c 00 03 	..G.............
00 04 4d a7 0d 38 00 29 00 04 4d a3 9c cc 00 37 	..M..8.)..M....7
00 04 00 00 00 00 00 0d 00 10 09 46 13 4e 4c 7f 	...........F.NL.
11 d1 82 22 44 45 53 54 00 00 00 1d 00 2f 00 01 	..."DEST...../..
00 05 02 01 d2 04 72 00 0d 04 04 4d a3 9c cc 00 	......r....M....
02 04 1a 00 16 49 27 6d 20 6e 6f 74 20 68 65 72 	.....I'm not her
65 20 72 69 67 68 74 20 6e 6f 77 00 00 	e right now..

14/04/2011 18:55:55 - Connection 1 sent SNAC(02,05), 28 bytes
2a 02 00 2e 00 16 00 02 00 05 00 00 00 00 00 1b 	*...............
00 03 09 33 38 39 34 34 34 31 31 38 	...389444118

14/04/2011 18:55:55 - SNAC: (0002,0006), flags = 0000, requestID = 0000001b
FLAP: channel = 2, sequence = 35cf, datasize = 93
00 02 00 06 00 00 00 00 00 1b 09 33 38 39 34 34 	...........38944
34 31 31 38 00 00 00 09 00 01 00 02 00 10 00 05 	4118............
00 04 47 9d c2 02 00 0d 00 10 09 46 13 4e 4c 7f 	..G........F.NL.
11 d1 82 22 44 45 53 54 00 00 00 19 00 02 13 4e 	..."DEST.......N
00 0f 00 04 00 00 0b d8 00 1d 00 2f 00 01 00 05 	.........../....
02 01 d2 04 72 00 02 04 1a 00 16 49 27 6d 20 6e 	....r......I'm n
6f 74 20 68 65 72 65 20 72 69 67 68 74 20 6e 6f 	ot here right no
77 00 00 00 0d 04 04 4d a3 9c cc 00 03 00 04 4d 	w......M.......M
a7 0d 38 00 29 00 04 4d a3 9c cc 00 37 00 04 00 	..8.)..M....7...
00 00 00 	...

14/04/2011 18:56:02 - SNAC: (0004,0014), flags = 0000, requestID = c4d9544a
FLAP: channel = 2, sequence = 35d0, datasize = 20
00 04 00 14 00 00 c4 d9 54 4a 18 19 a7 4d 00 00 	........TJ...M..
00 00 00 01 09 33 38 39 34 34 34 31 31 38 00 02 	.....389444118..
	

14/04/2011 18:56:05 - SNAC: (0004,0014), flags = 0000, requestID = c4d96658
FLAP: channel = 2, sequence = 35d1, datasize = 20
00 04 00 14 00 00 c4 d9 66 58 1b 19 a7 4d 00 00 	........fX...M..
00 00 00 01 09 33 38 39 34 34 34 31 31 38 00 01 	.....389444118..
	

14/04/2011 18:56:07 - SNAC: (0004,0014), flags = 0000, requestID = c4d96c3f
FLAP: channel = 2, sequence = 35d2, datasize = 20
00 04 00 14 00 00 c4 d9 6c 3f 1c 19 a7 4d 00 00 	........l?...M..
00 00 00 01 09 33 38 39 34 34 34 31 31 38 00 02 	.....389444118..
	

14/04/2011 18:56:07 - SNAC: (0004,0014), flags = 0000, requestID = c4d96d33
FLAP: channel = 2, sequence = 35d3, datasize = 20
00 04 00 14 00 00 c4 d9 6d 33 1c 19 a7 4d 00 00 	........m3...M..
00 00 00 01 09 33 38 39 34 34 34 31 31 38 00 00 	.....389444118..
	

14/04/2011 18:56:08 - SNAC: (0004,0014), flags = 0000, requestID = c4d972fa
FLAP: channel = 2, sequence = 35d4, datasize = 20
00 04 00 14 00 00 c4 d9 72 fa 1d 19 a7 4d 00 00 	........r....M..
00 00 00 01 09 33 38 39 34 34 34 31 31 38 00 02 	.....389444118..
	

14/04/2011 18:56:11 - SNAC: (0004,0014), flags = 0000, requestID = c4d9816f
FLAP: channel = 2, sequence = 35d5, datasize = 20
00 04 00 14 00 00 c4 d9 81 6f 21 19 a7 4d 00 00 	.........o!..M..
00 00 00 01 09 33 38 39 34 34 34 31 31 38 00 01 	.....389444118..
	

14/04/2011 18:56:12 - SNAC: (0004,0014), flags = 0000, requestID = c4d98376
FLAP: channel = 2, sequence = 35d6, datasize = 20
00 04 00 14 00 00 c4 d9 83 76 21 19 a7 4d 00 00 	.........v!..M..
00 00 00 01 09 33 38 39 34 34 34 31 31 38 00 00 	.....389444118..
	

14/04/2011 18:56:12 - SNAC: (0004,0007), flags = 0000, requestID = c4d98379
FLAP: channel = 2, sequence = 35d7, datasize = c5
00 04 00 07 00 00 c4 d9 83 79 21 19 a7 4d 00 00 	.........y!..M..
00 00 00 01 09 33 38 39 34 34 34 31 31 38 00 00 	.....389444118..
00 09 00 01 00 02 00 10 00 05 00 04 47 9d c2 02 	............G...
00 0d 00 10 09 46 13 4e 4c 7f 11 d1 82 22 44 45 	.....F.NL...."DE
53 54 00 00 00 19 00 02 13 4e 00 0f 00 04 00 00 	ST.......N......
0b e9 00 1d 00 09 00 01 00 05 02 01 d2 04 72 00 	..............r.
03 00 04 4d a7 0d 38 00 29 00 04 4d a3 9c cc 00 	...M..8.)..M....
37 00 04 00 00 00 00 00 02 00 11 05 01 00 02 01 	7...............
06 01 01 00 07 00 00 00 00 33 32 31 00 24 00 24 	.........321.$.$
62 62 62 31 34 65 34 32 2d 36 36 61 66 2d 31 31 	bbb14e42-66af-11
65 30 2d 39 64 34 33 2d 30 30 32 33 37 64 35 65 	e0-9d43-00237d5e
36 63 39 34 00 0b 00 00 00 16 00 04 4d a7 19 21 	6c94........M..!
00 13 00 01 15 	.....

14/04/2011 18:58:53 - Sent keepalive over connection 1

14/04/2011 18:59:26 - SNAC: (0004,0007), flags = 0000, requestID = c4dd007b
FLAP: channel = 2, sequence = 35d8, datasize = 13d
00 04 00 07 00 00 c4 dd 00 7b 4d a7 19 e3 00 28 	.........{M....(
96 02 00 04 04 31 30 30 32 00 00 00 02 00 01 00 	.....1002.......
02 00 d0 00 37 00 04 00 00 00 00 00 05 00 e6 ea 	....7...........
03 00 00 1a 00 01 00 00 20 00 0e 28 f6 00 11 e7 	........ ..(....
d3 11 bc f3 00 04 ac 96 9d c2 00 00 07 00 00 00 	................
49 43 51 53 4d 53 00 00 00 00 b7 00 00 00 b3 00 	ICQSMS..........
00 00 3c 73 6d 73 5f 6d 65 73 73 61 67 65 3e 3c 	..<sms_message><
73 6f 75 72 63 65 3e 49 43 51 3c 2f 73 6f 75 72 	source>ICQ</sour
63 65 3e 3c 64 65 73 74 69 6e 61 74 69 6f 6e 5f 	ce><destination_
55 49 4e 3e 36 32 35 38 35 30 36 32 36 3c 2f 64 	UIN>625850626</d
65 73 74 69 6e 61 74 69 6f 6e 5f 55 49 4e 3e 3c 	estination_UIN><
73 65 6e 64 65 72 3e 2b 39 37 32 35 34 34 35 32 	sender>+97254452
36 33 39 31 3c 2f 73 65 6e 64 65 72 3e 3c 74 65 	6391</sender><te
78 74 3e 31 32 33 3c 2f 74 65 78 74 3e 3c 74 69 	xt>123</text><ti
6d 65 3e 54 68 75 2c 20 31 34 20 41 70 72 20 32 	me>Thu, 14 Apr 2
30 31 31 20 31 31 3a 35 39 3a 33 31 20 45 44 54 	011 11:59:31 EDT
3c 2f 74 69 6d 65 3e 3c 2f 73 6d 73 5f 6d 65 73 	</time></sms_mes
73 61 67 65 3e 00 24 00 24 32 66 34 33 37 35 31 	sage>.$.$2f43751
61 2d 36 36 62 30 2d 31 31 65 30 2d 62 35 34 33 	a-66b0-11e0-b543
2d 30 30 32 33 37 64 64 62 62 38 63 32 	-00237ddbb8c2

14/04/2011 19:36:12 - Sent keepalive over connection 1

14/04/2011 19:37:12 - Sent keepalive over connection 1

