17/04/2011 10:42:19 - Connection 0 sent SNAC(17,06), 37 bytes
2a 02 00 02 00 1f 00 17 00 06 00 00 00 00 00 00 	*...............
00 01 00 09 36 32 35 38 35 30 36 32 36 00 4b 00 	....625850626.K.
00 00 5a 00 00 	..Z..

17/04/2011 10:42:20 - SNAC: (0017,0007), flags = 0000, requestID = 00000000
FLAP: channel = 2, sequence = 1c2a, datasize = 16
00 17 00 07 00 00 00 00 00 00 00 0a 32 39 33 39 	............2939
38 36 31 34 37 36 	861476

17/04/2011 10:42:20 - Connection 0 sent SNAC(17,02), 157 bytes
2a 02 00 03 00 97 00 17 00 02 00 00 00 00 00 01 	*...............
00 01 00 09 36 32 35 38 35 30 36 32 36 00 03 00 	....625850626...
2d 41 4f 4c 20 49 6e 73 74 61 6e 74 20 4d 65 73 	-AOL Instant Mes
73 65 6e 67 65 72 2c 20 76 65 72 73 69 6f 6e 20 	senger, version 
35 2e 31 2e 33 30 33 36 2f 57 49 4e 33 32 00 0f 	5.1.3036/WIN32..
00 02 65 6e 00 0e 00 02 75 73 00 14 00 04 00 00 	..en....us......
00 d2 00 16 00 02 01 09 00 17 00 02 00 05 00 18 	................
00 02 00 01 00 19 00 02 00 00 00 1a 00 02 0b dc 	................
00 25 00 10 6a cf fa be 40 81 fa 36 ba 39 ea 79 	.%..j...@..6.9.y
e9 1e d7 43 00 4a 00 01 01 00 4c 00 00 	...C.J....L..

17/04/2011 10:42:20 - Received close connection FLAP

17/04/2011 10:42:20 - SNAC: (0017,0003), flags = 0000, requestID = 00000001
FLAP: channel = 2, sequence = 1c2b, datasize = 26b
00 17 00 03 00 00 00 00 00 01 00 8e 00 01 00 00 	................
01 00 09 36 32 35 38 35 30 36 32 36 00 05 00 11 	...625850626....
32 30 35 2e 31 38 38 2e 34 2e 34 38 3a 35 31 39 	205.188.4.48:519
30 00 06 01 00 da 42 3c 26 03 63 14 65 c5 0c 90 	0.....B<&.c.e...
78 e1 2d b6 1a 5b a2 87 c7 fc b1 b8 05 e2 ba 08 	x.-..[..........
a0 5d 70 6f 15 b2 67 e6 66 00 63 d9 63 a9 c6 16 	.]po..g.f.c.c...
12 46 17 eb d6 b6 7d d5 8e 5b d8 aa 87 c0 2a 91 	.F....}..[....*.
45 c6 46 6f 2f 50 bb 36 cd 6f 5e 19 3c 7a a2 39 	E.Fo/P.6.o^.<z.9
58 03 32 38 5c b4 b5 ff be 2b 68 14 35 3d 94 2e 	X.28\....+h.5=..
ab 27 ce c4 24 b8 24 69 7d 09 4b a5 05 c0 92 64 	.'..$.$i}.K....d
71 f2 92 cd da df d7 4f d9 b3 29 9d 2a 63 d0 bc 	q......O..).*c..
02 59 f0 d6 b9 7a 5c fc 31 e3 36 94 6e 78 45 c5 	.Y...z\.1.6.nxE.
03 47 a5 90 35 ce f8 96 29 33 10 b0 0d d1 6f 67 	.G..5...)3....og
81 53 58 ae 97 84 72 4a fe 62 51 8d 54 ca 9d 58 	.SX...rJ.bQ.T..X
84 47 82 60 5d 46 6d c9 77 73 dc c6 32 91 e1 5a 	.G.`]Fm.ws..2..Z
ef ff db 6e df ab d9 ae 94 c3 21 d5 29 5e ba 04 	...n......!.)^..
7e 73 48 ba 58 3e 44 76 69 12 22 6d c7 4f 39 92 	~sH.X>Dvi."m.O9.
e8 57 bf a7 98 cf e3 a0 ba a2 de 33 45 df 0e 7f 	.W.........3E...
58 d0 fb 13 bf 83 83 34 64 4b 09 2d 07 2f 1f 11 	X......4dK.-./..
7c 9d af 9a c9 00 40 00 04 00 00 1b 6d 00 43 00 	|.....@.....m.C.
07 37 2e 32 2e 36 2e 31 00 41 00 4a 68 74 74 70 	.7.2.6.1.A.Jhttp
3a 2f 2f 64 6f 77 6e 6c 6f 61 64 2e 6e 65 77 61 	://download.newa
6f 6c 2e 63 6f 6d 2f 61 69 6d 2f 77 69 6e 39 35 	ol.com/aim/win95
2f 49 6e 73 74 61 6c 6c 5f 41 49 4d 5f 55 70 67 	/Install_AIM_Upg
72 61 64 65 41 49 4d 35 2e 78 5f 37 2e 32 2e 36 	radeAIM5.x_7.2.6
2e 31 2e 65 78 65 00 42 00 12 68 74 74 70 3a 2f 	.1.exe.B..http:/
2f 77 77 77 2e 61 69 6d 2e 63 6f 6d 00 48 00 20 	/www.aim.com.H. 
35 33 64 31 32 65 32 33 39 32 31 62 38 32 39 34 	53d12e23921b8294
61 64 65 30 30 66 36 35 35 37 36 35 64 65 38 33 	ade00f655765de83
00 44 00 04 00 00 1b 6e 00 47 00 07 37 2e 32 2e 	.D.....n.G..7.2.
36 2e 31 00 45 00 4a 68 74 74 70 3a 2f 2f 64 6f 	6.1.E.Jhttp://do
77 6e 6c 6f 61 64 2e 6e 65 77 61 6f 6c 2e 63 6f 	wnload.newaol.co
6d 2f 61 69 6d 2f 77 69 6e 39 35 2f 49 6e 73 74 	m/aim/win95/Inst
61 6c 6c 5f 41 49 4d 5f 55 70 67 72 61 64 65 41 	all_AIM_UpgradeA
49 4d 35 2e 78 5f 37 2e 32 2e 36 2e 31 2e 65 78 	IM5.x_7.2.6.1.ex
65 00 46 00 12 68 74 74 70 3a 2f 2f 77 77 77 2e 	e.F..http://www.
61 69 6d 2e 63 6f 6d 00 49 00 20 35 33 64 31 32 	aim.com.I. 53d12
65 32 33 39 32 31 62 38 32 39 34 61 64 65 30 30 	e23921b8294ade00
66 36 35 35 37 36 35 64 65 38 33 	f655765de83

17/04/2011 10:42:28 - SNAC: (0001,0003), flags = 0000, requestID = ce62347e
FLAP: channel = 2, sequence = 6fbe, datasize = 28
00 01 00 03 00 00 ce 62 34 7e 00 01 00 02 00 03 	.......b4~......
00 04 00 06 00 08 00 09 00 0a 00 0b 00 0c 00 13 	................
00 15 00 22 00 24 00 25 	...".$.%

17/04/2011 10:42:28 - Connection 1 sent SNAC(01,17), 64 bytes
2a 02 00 02 00 3a 00 01 00 17 00 00 00 00 00 02 	*....:..........
00 15 00 01 00 13 00 04 00 0c 00 01 00 0b 00 01 	................
00 0a 00 01 00 09 00 01 00 08 00 01 00 06 00 01 	................
00 04 00 01 00 03 00 01 00 02 00 01 00 01 00 03 	................
	

17/04/2011 10:42:28 - SNAC: (0001,0015), flags = 0000, requestID = ce62347f
FLAP: channel = 2, sequence = 6fbf, datasize = 13c
00 01 00 15 00 00 ce 62 34 7f 00 03 00 1e 68 74 	.......b4.....ht
74 70 3a 2f 2f 61 70 69 2e 69 63 71 2e 6e 65 74 	tp://api.icq.net
2f 6c 69 66 65 73 74 72 65 61 6d 2f 00 07 00 25 	/lifestream/...%
68 74 74 70 3a 2f 2f 6f 2e 69 63 71 63 64 6e 2e 	http://o.icqcdn.
63 6f 6d 2f 6c 69 66 65 73 74 72 65 61 6d 2f 70 	com/lifestream/p
68 6f 74 6f 2f 00 08 00 27 68 74 74 70 3a 2f 2f 	hoto/...'http://
6c 69 66 65 73 74 72 65 61 6d 2e 69 63 71 2e 63 	lifestream.icq.c
6f 6d 2f 70 68 6f 74 6f 2f 75 70 6c 6f 61 64 3f 	om/photo/upload?
00 09 00 13 68 74 74 70 3a 2f 2f 61 70 69 2e 69 	....http://api.i
63 71 2e 6e 65 74 2f 00 0a 00 22 68 74 74 70 3a 	cq.net/..."http:
2f 2f 6c 69 66 65 73 74 72 65 61 6d 2e 69 63 71 	//lifestream.icq
2e 63 6f 6d 2f 73 65 74 74 69 6e 67 73 00 0f 00 	.com/settings...
1a 68 74 74 70 3a 2f 2f 6c 69 66 65 73 74 72 65 	.http://lifestre
61 6d 2e 69 63 71 2e 63 6f 6d 2f 00 10 00 2b 68 	am.icq.com/...+h
74 74 70 3a 2f 2f 6c 69 66 65 73 74 72 65 61 6d 	ttp://lifestream
2e 69 63 71 2e 63 6f 6d 2f 70 68 6f 74 6f 2f 6c 	.icq.com/photo/l
69 66 65 73 74 72 65 61 6d 2f 00 13 00 2e 68 74 	ifestream/....ht
74 70 3a 2f 2f 6f 2e 61 6f 6c 63 64 6e 2e 63 6f 	tp://o.aolcdn.co
6d 2f 6c 69 66 65 73 74 72 65 61 6d 2f 63 6c 69 	m/lifestream/cli
65 6e 74 2f 77 61 74 63 68 65 72 73 	ent/watchers

17/04/2011 10:42:29 - SNAC: (0001,0018), flags = 0000, requestID = ce623523
FLAP: channel = 2, sequence = 6fc0, datasize = 46
00 01 00 18 00 00 ce 62 35 23 00 01 00 04 00 02 	.......b5#......
00 01 00 03 00 01 00 04 00 01 00 06 00 01 00 08 	................
00 01 00 09 00 01 00 0a 00 01 00 0b 00 01 00 0c 	................
00 01 00 13 00 05 00 15 00 02 00 22 00 01 00 24 	..........."...$
00 01 00 25 00 01 	...%..

17/04/2011 10:42:29 - Connection 1 sent SNAC(01,06), 16 bytes
2a 02 00 03 00 0a 00 01 00 06 00 00 00 00 00 03 	*...............
	

17/04/2011 10:42:29 - SNAC: (0001,0013), flags = 0000, requestID = ce623524
FLAP: channel = 2, sequence = 6fc1, datasize = 18
00 01 00 13 00 00 ce 62 35 24 00 05 00 02 00 02 	.......b5$......
00 1e 00 03 00 02 04 b0 	........

17/04/2011 10:42:29 - SNAC: (0001,0007), flags = 0000, requestID = 00000003
FLAP: channel = 2, sequence = 6fc2, datasize = 5ff
00 01 00 07 00 00 00 00 00 03 00 05 00 01 00 00 	................
00 50 00 00 09 c4 00 00 07 d0 00 00 05 dc 00 00 	.P..............
03 20 00 00 17 27 00 00 17 70 00 00 00 00 00 00 	. ...'...p......
02 00 00 00 50 00 00 0b b8 00 00 07 d0 00 00 05 	....P...........
dc 00 00 03 e8 00 00 17 70 00 00 17 70 00 01 11 	........p...p...
46 00 00 03 00 00 00 14 00 00 0c 1c 00 00 09 c4 	F...............
00 00 07 d0 00 00 05 dc 00 00 0d ac 00 00 11 94 	................
00 01 11 46 00 00 04 00 00 00 14 00 00 15 7c 00 	...F..........|.
00 14 b4 00 00 10 68 00 00 0b b8 00 00 17 70 00 	......h.......p.
00 1f 40 00 01 11 46 00 00 05 00 00 00 0a 00 00 	..@...F.........
15 7c 00 00 14 b4 00 00 10 68 00 00 0b b8 00 00 	.|.......h......
17 70 00 00 1f 40 00 01 11 46 00 00 01 01 41 00 	.p...@...F....A.
01 00 01 00 01 00 02 00 01 00 03 00 01 00 04 00 	................
01 00 05 00 01 00 06 00 01 00 07 00 01 00 08 00 	................
01 00 09 00 01 00 0a 00 01 00 0b 00 01 00 0c 00 	................
01 00 0d 00 01 00 0e 00 01 00 0f 00 01 00 10 00 	................
01 00 11 00 01 00 12 00 01 00 13 00 01 00 14 00 	................
01 00 15 00 01 00 16 00 01 00 17 00 01 00 18 00 	................
01 00 19 00 01 00 1a 00 01 00 1b 00 01 00 1c 00 	................
01 00 1d 00 01 00 1f 00 01 00 20 00 01 00 21 00 	.......... ...!.
01 00 22 00 01 00 23 00 01 00 24 00 01 00 25 00 	.."...#...$...%.
01 00 26 00 01 00 27 00 01 00 28 00 01 00 29 00 	..&...'...(...).
01 00 2a 00 02 00 01 00 02 00 02 00 02 00 03 00 	..*.............
02 00 04 00 02 00 06 00 02 00 07 00 02 00 08 00 	................
02 00 0a 00 02 00 0c 00 02 00 0d 00 02 00 0e 00 	................
02 00 0f 00 02 00 10 00 02 00 11 00 02 00 12 00 	................
02 00 13 00 02 00 14 00 02 00 15 00 02 00 16 00 	................
02 00 17 00 02 00 18 00 02 00 19 00 03 00 01 00 	................
03 00 02 00 03 00 03 00 03 00 06 00 03 00 07 00 	................
03 00 08 00 03 00 09 00 03 00 0a 00 03 00 0b 00 	................
03 00 0c 00 03 00 0d 00 03 00 0e 00 03 00 0f 00 	................
03 00 10 00 03 00 11 00 03 00 12 00 03 00 13 00 	................
03 00 14 00 03 00 15 00 04 00 01 00 04 00 02 00 	................
04 00 03 00 04 00 04 00 04 00 05 00 04 00 07 00 	................
04 00 08 00 04 00 09 00 04 00 0a 00 04 00 0b 00 	................
04 00 0c 00 04 00 0d 00 04 00 0e 00 04 00 0f 00 	................
04 00 10 00 04 00 11 00 04 00 12 00 04 00 13 00 	................
04 00 14 00 04 00 15 00 04 00 16 00 04 00 17 00 	................
04 00 18 00 04 00 19 00 06 00 01 00 06 00 02 00 	................
06 00 03 00 08 00 01 00 08 00 02 00 09 00 01 00 	................
09 00 02 00 09 00 03 00 09 00 04 00 09 00 09 00 	................
09 00 0a 00 09 00 0b 00 0a 00 01 00 0a 00 02 00 	................
0a 00 03 00 0b 00 01 00 0b 00 02 00 0b 00 03 00 	................
0b 00 04 00 0c 00 01 00 0c 00 02 00 0c 00 03 00 	................
13 00 01 00 13 00 02 00 13 00 03 00 13 00 04 00 	................
13 00 05 00 13 00 06 00 13 00 07 00 13 00 08 00 	................
13 00 09 00 13 00 0a 00 13 00 0b 00 13 00 0c 00 	................
13 00 0d 00 13 00 0e 00 13 00 0f 00 13 00 10 00 	................
13 00 11 00 13 00 12 00 13 00 13 00 13 00 14 00 	................
13 00 15 00 13 00 16 00 13 00 17 00 13 00 18 00 	................
13 00 19 00 13 00 1a 00 13 00 1b 00 13 00 1c 00 	................
13 00 1d 00 13 00 1e 00 13 00 1f 00 13 00 20 00 	.............. .
13 00 21 00 13 00 22 00 13 00 23 00 13 00 24 00 	..!..."...#...$.
13 00 25 00 13 00 26 00 13 00 27 00 13 00 28 00 	..%...&...'...(.
13 00 29 00 13 00 2a 00 13 00 2b 00 13 00 2c 00 	..)...*...+...,.
13 00 2d 00 13 00 2e 00 13 00 2f 00 13 00 30 00 	..-......./...0.
13 00 31 00 13 00 32 00 13 00 33 00 13 00 34 00 	..1...2...3...4.
13 00 35 00 13 00 36 00 13 00 37 00 13 00 38 00 	..5...6...7...8.
13 00 39 00 13 00 3a 00 13 00 3b 00 13 00 3c 00 	..9...:...;...<.
13 00 3d 00 13 00 3e 00 13 00 3f 00 13 00 40 00 	..=...>...?...@.
13 00 41 00 13 00 42 00 13 00 43 00 13 00 44 00 	..A...B...C...D.
13 00 45 00 13 00 46 00 13 00 47 00 13 00 48 00 	..E...F...G...H.
13 00 49 00 13 00 4a 00 13 00 4b 00 13 00 4c 00 	..I...J...K...L.
13 00 4d 00 13 00 4e 00 13 00 4f 00 13 00 50 00 	..M...N...O...P.
13 00 51 00 13 00 52 00 13 00 53 00 13 00 54 00 	..Q...R...S...T.
13 00 55 00 13 00 56 00 15 00 01 00 15 00 02 00 	..U...V.........
15 00 03 00 22 00 01 00 22 00 02 00 22 00 03 00 	...."..."..."...
24 00 01 00 24 00 02 00 24 00 03 00 24 00 04 00 	$...$...$...$...
24 00 05 00 24 00 06 00 24 00 07 00 24 00 08 00 	$...$...$...$...
24 00 09 00 24 00 0a 00 24 00 0b 00 24 00 0c 00 	$...$...$...$...
24 00 0d 00 24 00 0e 00 24 00 0f 00 24 00 10 00 	$...$...$...$...
24 00 11 00 24 00 12 00 24 00 13 00 24 00 14 00 	$...$...$...$...
24 00 15 00 24 00 16 00 24 00 17 00 24 00 18 00 	$...$...$...$...
24 00 19 00 24 00 1a 00 24 00 1b 00 24 00 1c 00 	$...$...$...$...
24 00 1d 00 24 00 1e 00 24 00 1f 00 24 00 20 00 	$...$...$...$. .
24 00 21 00 24 00 22 00 24 00 23 00 24 00 24 00 	$.!.$.".$.#.$.$.
24 00 25 00 24 00 26 00 24 00 27 00 24 00 28 00 	$.%.$.&.$.'.$.(.
24 00 29 00 24 00 2a 00 24 00 2b 00 24 00 2c 00 	$.).$.*.$.+.$.,.
24 00 2d 00 24 00 2e 00 24 00 2f 00 24 00 30 00 	$.-.$...$./.$.0.
24 00 31 00 24 00 32 00 24 00 33 00 24 00 34 00 	$.1.$.2.$.3.$.4.
24 00 35 00 24 00 36 00 24 00 37 00 24 00 38 00 	$.5.$.6.$.7.$.8.
24 00 39 00 24 00 3a 00 24 00 3b 00 24 00 3c 00 	$.9.$.:.$.;.$.<.
24 00 3d 00 24 00 3e 00 24 00 3f 00 24 00 40 00 	$.=.$.>.$.?.$.@.
24 00 41 00 24 00 42 00 24 00 43 00 24 00 44 00 	$.A.$.B.$.C.$.D.
24 00 45 00 24 00 46 00 24 00 47 00 24 00 48 00 	$.E.$.F.$.G.$.H.
24 00 49 00 24 00 4a 00 24 00 4b 00 24 00 4c 00 	$.I.$.J.$.K.$.L.
24 00 4d 00 24 00 4e 00 24 00 4f 00 24 00 50 00 	$.M.$.N.$.O.$.P.
24 00 51 00 24 00 52 00 24 00 53 00 24 00 54 00 	$.Q.$.R.$.S.$.T.
24 00 55 00 24 00 56 00 24 00 57 00 24 00 58 00 	$.U.$.V.$.W.$.X.
24 00 59 00 24 00 5a 00 24 00 5b 00 24 00 5c 00 	$.Y.$.Z.$.[.$.\.
25 00 01 00 25 00 02 00 25 00 03 00 25 00 04 00 	%...%...%...%...
25 00 05 00 25 00 06 00 25 00 07 00 25 00 08 00 	%...%...%...%...
25 00 09 00 02 00 06 00 03 00 04 00 03 00 05 00 	%...............
09 00 05 00 09 00 06 00 09 00 07 00 09 00 08 00 	................
03 00 03 00 01 00 1e 00 02 00 05 00 04 00 06 00 	................
04 00 02 00 02 00 09 00 02 00 0b 00 05 00 00 	...............

17/04/2011 10:42:29 - Connection 1 sent SNAC(01,08), 26 bytes
2a 02 00 04 00 14 00 01 00 08 00 00 00 00 00 04 	*...............
00 01 00 02 00 03 00 04 00 05 	..........

17/04/2011 10:42:29 - Connection 1 sent SNAC(01,0e), 16 bytes
2a 02 00 05 00 0a 00 01 00 0e 00 00 00 00 00 05 	*...............
	

17/04/2011 10:42:29 - Connection 1 sent SNAC(13,02), 16 bytes
2a 02 00 06 00 0a 00 13 00 02 00 00 00 00 00 06 	*...............
	

17/04/2011 10:42:29 - Connection 1 sent SNAC(13,04), 16 bytes
2a 02 00 07 00 0a 00 13 00 04 00 00 00 00 00 07 	*...............
	

17/04/2011 10:42:29 - Connection 1 sent SNAC(02,02), 16 bytes
2a 02 00 08 00 0a 00 02 00 02 00 00 00 00 00 08 	*...............
	

17/04/2011 10:42:29 - Connection 1 sent SNAC(03,02), 16 bytes
2a 02 00 09 00 0a 00 03 00 02 00 00 00 00 00 09 	*...............
	

17/04/2011 10:42:29 - SNAC: (0001,000f), flags = 0000, requestID = 00000005
FLAP: channel = 2, sequence = 6fc3, datasize = 128
00 01 00 0f 00 00 00 00 00 05 09 36 32 35 38 35 	...........62585
30 36 32 36 00 00 00 0e 00 01 00 02 00 51 00 0c 	0626.........Q..
00 25 00 00 00 00 00 00 00 00 00 00 00 00 00 00 	.%..............
00 00 00 00 00 00 00 00 00 00 00 00 00 00 00 00 	................
00 00 00 00 00 00 00 00 0a 00 04 84 40 51 bc 00 	............@Q..
05 00 04 4d a6 cb 05 00 0f 00 04 00 00 00 01 00 	...M............
03 00 04 4d aa 99 e4 00 15 00 04 00 00 08 00 00 	...M............
22 00 02 05 ce 00 1e 00 04 00 00 00 00 00 28 00 	".............(.
01 0f 00 2d 00 04 00 00 00 00 00 2c 00 04 00 00 	...-.......,....
00 00 00 18 00 0c 4f 66 65 72 66 72 69 64 20 53 	......Oferfrid S
4d 53 00 37 00 04 00 00 00 00 09 36 32 35 38 35 	MS.7.......62585
30 36 32 36 00 00 00 0b 00 01 00 02 00 51 00 0c 	0626.........Q..
00 25 00 00 00 00 00 00 00 00 00 00 00 00 00 00 	.%..............
00 00 00 00 00 00 00 00 00 00 00 00 00 00 00 00 	................
00 00 00 00 00 00 00 00 0a 00 04 84 40 51 bc 00 	............@Q..
0f 00 04 00 00 00 01 00 2a 00 02 69 6c 00 14 00 	........*..il...
01 0f 00 03 00 04 4d aa 99 e4 00 15 00 04 00 00 	......M.........
08 00 00 22 00 02 05 ce 00 1e 00 04 00 00 00 00 	..."............
00 05 00 04 4d a6 cb 05 	....M...

17/04/2011 10:42:29 - Connection 1 sent SNAC(04,04), 16 bytes
2a 02 00 0a 00 0a 00 04 00 04 00 00 00 00 00 0a 	*...............
	

17/04/2011 10:42:33 - SNAC: (0013,0003), flags = 0000, requestID = 00000006
FLAP: channel = 2, sequence = 6fc4, datasize = b8
00 13 00 03 00 00 00 00 00 06 00 04 00 5e 0d ac 	.............^..
00 64 05 dc 05 dc 00 01 00 01 00 32 00 00 00 00 	.d.........2....
00 03 00 00 00 00 00 00 00 80 03 e8 00 14 00 c8 	................
00 01 00 00 00 01 00 0f 00 01 00 28 00 00 00 00 	...........(....
00 c8 00 01 00 14 00 c8 00 01 00 08 00 14 00 01 	................
00 00 00 00 00 00 00 32 00 00 00 05 01 f4 00 01 	.......2........
00 08 05 dc 00 01 00 00 00 00 05 dc 00 02 00 02 	................
00 fe 00 03 00 02 06 a2 00 05 00 02 00 64 00 06 	.............d..
00 02 00 61 00 07 00 02 00 c8 00 08 00 02 00 0a 	...a............
00 09 00 04 00 06 97 80 00 0a 00 04 00 00 00 0e 	................
00 0b 00 02 00 00 00 0c 00 02 02 58 00 0d 00 02 	...........X....
00 00 00 0e 00 02 00 20 	....... 

17/04/2011 10:42:33 - Connection 1 sent SNAC(09,02), 16 bytes
2a 02 00 0b 00 0a 00 09 00 02 00 00 00 00 00 0b 	*...............
	

17/04/2011 10:42:34 - Connection 1 sent SNAC(02,04), 84 bytes
2a 02 00 0c 00 4e 00 02 00 04 00 00 00 00 00 0c 	*....N..........
00 05 00 40 09 19 19 82 de ad be ef ca fe 44 45 	...@..........DE
53 54 00 00 09 46 13 43 4c 7f 11 d1 82 22 44 45 	ST...F.CL...."DE
53 54 00 00 09 46 13 45 4c 7f 11 d1 82 22 44 45 	ST...F.EL...."DE
53 54 00 00 74 8f 24 20 62 87 11 d1 82 22 44 45 	ST..t.$ b...."DE
53 54 00 00 	ST..

17/04/2011 10:42:34 - Connection 1 sent SNAC(02,04), 16 bytes
2a 02 00 0d 00 0a 00 02 00 04 00 00 00 00 00 0d 	*...............
	

17/04/2011 10:42:34 - SNAC: (0002,0003), flags = 0000, requestID = 00000008
FLAP: channel = 2, sequence = 6fc5, datasize = 28
00 02 00 03 00 00 00 00 00 08 00 01 00 02 10 00 	................
00 02 00 02 00 12 00 05 00 02 00 80 00 03 00 02 	................
00 0a 00 04 00 02 10 00 	........

17/04/2011 10:42:34 - SNAC: (0003,0003), flags = 0000, requestID = 00000009
FLAP: channel = 2, sequence = 6fc6, datasize = 22
00 03 00 03 00 00 00 00 00 09 00 02 00 02 0b b8 	................
00 01 00 02 05 dc 00 03 00 02 02 00 00 04 00 02 	................
00 a0 	..

17/04/2011 10:42:34 - SNAC: (0013,0006), flags = 0000, requestID = 00000007
FLAP: channel = 2, sequence = 6fc7, datasize = 29f
00 13 00 06 00 00 00 00 00 07 00 00 11 00 00 00 	................
00 00 00 00 01 00 0a 00 c8 00 06 00 01 00 03 00 	................
02 00 00 00 00 00 01 00 04 00 05 01 6e 00 01 03 	............n...
00 00 00 00 00 02 00 05 00 10 00 c9 00 04 00 00 	................
00 00 00 d6 00 04 00 00 00 00 00 08 49 43 51 2d 	............ICQ-
4d 44 49 52 00 00 00 03 00 20 00 20 01 5c 00 10 	MDIR..... . .\..
e1 3a 1c c5 d2 53 4e 0f ab e0 af 1b 81 7b 55 3e 	.:...SN......{U>
01 5d 00 08 40 e3 d8 ad d8 45 c8 a1 00 08 66 61 	.]..@....E....fa
63 65 62 6f 6f 6b 00 00 00 05 00 29 00 22 00 8b 	cebook.....)."..
00 04 4d a6 cb 48 00 81 00 01 01 00 85 00 04 4d 	..M..H.........M
a6 cb 48 00 82 00 01 01 00 98 00 04 00 00 00 01 	..H.............
00 00 00 00 00 06 00 15 00 06 00 c8 00 02 00 02 	................
00 00 00 00 00 08 00 28 00 08 01 c2 00 04 4d a6 	.......(......M.
cc 28 00 0d 2b 39 37 32 35 32 33 35 35 31 30 32 	.(..+97252355102
31 00 00 00 09 00 19 00 0c 00 6d 00 08 4d a6 cc 	1.........m..M..
e8 3f 80 00 00 00 00 00 00 00 0a 00 1d 00 70 00 	.?............p.
67 00 04 4d a6 cd ac 01 50 00 04 00 00 00 04 01 	g..M....P.......
53 00 04 00 00 00 0a 01 52 00 04 00 00 00 00 01 	S.......R.......
51 00 04 00 00 57 d2 01 60 00 04 4d a7 44 ee 01 	Q....W..`..M.D..
64 00 04 00 00 00 00 01 6f 00 04 00 00 00 00 01 	d.......o.......
70 00 04 00 00 00 00 01 71 00 04 00 00 00 00 01 	p.......q.......
c3 00 04 4d a6 cd ac 01 c4 00 04 4d a6 cd ac 01 	...M.......M....
c5 00 04 4d a6 cd ac 01 c6 00 04 4d a6 cb 05 00 	...M.......M....
0d 2b 39 37 32 35 34 34 35 32 36 33 39 31 00 00 	.+972544526391..
00 0d 00 19 00 0c 00 6d 00 08 4d a7 09 f8 3f 80 	.......m..M...?.
00 00 00 05 50 68 6f 6e 65 00 01 00 00 00 01 00 	....Phone.......
08 00 c8 00 04 00 01 00 02 00 0a 4f 66 65 72 20 	...........Ofer 
70 68 6f 6e 65 00 01 00 01 00 00 00 23 01 4a 00 	phone.......#.J.
00 01 3a 00 0d 2b 39 37 32 35 34 34 35 32 36 33 	..:..+9725445263
39 31 01 31 00 0a 4f 66 65 72 20 70 68 6f 6e 65 	91.1..Ofer phone
00 09 36 35 31 37 39 23 65 78 74 00 01 00 02 00 	..65179#ext.....
00 00 24 01 4a 00 00 01 3a 00 0d 2b 39 37 32 35 	..$.J...:..+9725
32 33 35 35 31 30 32 31 01 31 00 0b 49 69 72 69 	23551021.1..Iiri
74 20 50 68 6f 6e 65 00 0b 4e 6f 74 20 49 6e 20 	t Phone..Not In 
4c 69 73 74 00 02 00 00 00 01 00 12 00 6a 00 00 	List.........j..
00 c8 00 02 00 02 00 76 00 04 00 00 01 52 00 09 	.......v.....R..
32 32 31 33 34 35 31 38 32 00 02 00 02 00 00 00 	221345182.......
14 01 49 00 00 00 6a 00 00 00 6d 00 08 4d a6 cf 	..I...j...m..M..
81 3f 80 00 00 00 07 46 72 69 65 6e 64 73 00 03 	.?.....Friends..
00 00 00 01 00 06 00 c8 00 02 00 01 00 09 33 38 	..............38
39 34 34 34 31 31 38 00 03 00 01 00 00 00 0c 00 	9444118.........
6d 00 08 4d a7 3b 32 00 00 00 00 4d a7 50 d9 	m..M.;2....M.P.

17/04/2011 10:42:38 - Got unrecognized SSI item of type 32

17/04/2011 10:42:38 - Got unrecognized SSI item of type 41

17/04/2011 10:42:38 - Got unrecognized SSI item of type 21

17/04/2011 10:42:38 - Got unrecognized SSI item of type 40

17/04/2011 10:42:38 - Got unrecognized SSI item of type 25

17/04/2011 10:42:38 - Got unrecognized SSI item of type 29

17/04/2011 10:42:38 - Got unrecognized SSI item of type 25

17/04/2011 10:42:38 - SNAC: (0004,0005), flags = 0000, requestID = 0000000a
FLAP: channel = 2, sequence = 6fc8, datasize = 1a
00 04 00 05 00 00 00 00 00 0a 00 04 00 00 00 03 	................
0f a0 03 84 03 e7 00 00 03 e8 	..........

17/04/2011 10:42:38 - Connection 1 sent SNAC(02,04), 84 bytes
2a 02 00 0e 00 4e 00 02 00 04 00 00 00 00 00 0e 	*....N..........
00 05 00 40 09 19 19 82 de ad be ef ca fe 44 45 	...@..........DE
53 54 00 00 09 46 13 43 4c 7f 11 d1 82 22 44 45 	ST...F.CL...."DE
53 54 00 00 09 46 13 45 4c 7f 11 d1 82 22 44 45 	ST...F.EL...."DE
53 54 00 00 74 8f 24 20 62 87 11 d1 82 22 44 45 	ST..t.$ b...."DE
53 54 00 00 	ST..

17/04/2011 10:42:39 - Connection 1 sent SNAC(01,1e), 28 bytes
2a 02 00 0f 00 16 00 01 00 1e 00 00 00 00 00 10 	*...............
00 1d 00 08 00 02 04 04 00 00 00 00 	............

17/04/2011 10:42:39 - SNAC: (0009,0003), flags = 0000, requestID = 0000000b
FLAP: channel = 2, sequence = 6fc9, datasize = 16
00 09 00 03 00 00 00 00 00 0b 00 02 00 02 03 e8 	................
00 01 00 02 03 e8 	......

17/04/2011 10:42:39 - SNAC: (0002,0001), flags = 0000, requestID = 0000000d
FLAP: channel = 2, sequence = 6fca, datasize = 0c
00 02 00 01 00 00 00 00 00 0d 00 0e 	............

17/04/2011 10:42:39 - SNAC: (0001,000f), flags = 0000, requestID = ce624153
FLAP: channel = 2, sequence = 6fcb, datasize = c5
00 01 00 0f 00 00 ce 62 41 53 09 36 32 35 38 35 	.......bAS.62585
30 36 32 36 00 00 00 0e 00 01 00 02 00 51 00 05 	0626.........Q..
00 04 4d a6 cb 05 00 0d 00 40 09 19 19 82 de ad 	..M......@......
be ef ca fe 44 45 53 54 00 00 09 46 13 43 4c 7f 	....DEST...F.CL.
11 d1 82 22 44 45 53 54 00 00 09 46 13 45 4c 7f 	..."DEST...F.EL.
11 d1 82 22 44 45 53 54 00 00 74 8f 24 20 62 87 	..."DEST..t.$ b.
11 d1 82 22 44 45 53 54 00 00 00 0f 00 04 00 00 	..."DEST........
00 06 00 03 00 04 4d aa 99 e4 00 15 00 04 00 00 	......M.........
08 00 00 0a 00 04 84 40 51 bc 00 22 00 02 05 ce 	.......@Q.."....
00 1e 00 04 00 00 00 00 00 28 00 01 0f 00 2d 00 	.........(....-.
04 00 00 00 00 00 2c 00 04 00 00 00 00 00 18 00 	......,.........
0c 4f 66 65 72 66 72 69 64 20 53 4d 53 00 37 00 	.Oferfrid SMS.7.
04 00 00 00 00 	.....

17/04/2011 10:42:39 - Connection 1 sent SNAC(01,02), 112 bytes
2a 02 00 10 00 6a 00 01 00 02 00 00 00 00 00 0f 	*....j..........
00 15 00 01 01 10 04 7c 00 13 00 04 01 10 06 29 	.......|.......)
00 0c 00 01 01 04 00 01 00 0b 00 01 01 04 00 01 	................
00 0a 00 01 01 10 06 29 00 09 00 01 01 10 06 29 	.......).......)
00 08 00 01 01 04 00 01 00 06 00 01 01 10 06 29 	...............)
00 04 00 01 01 10 06 29 00 03 00 01 01 10 06 29 	.......).......)
00 02 00 01 01 10 06 29 00 01 00 03 01 10 06 29 	.......).......)
	

17/04/2011 10:42:39 - Connection 1 sent SNAC(01,1e), 24 bytes
2a 02 00 11 00 12 00 01 00 1e 00 00 00 00 00 11 	*...............
00 06 00 04 00 00 00 00 	........

17/04/2011 10:42:39 - Connection 1 sent SNAC(13,07), 16 bytes
2a 02 00 12 00 0a 00 13 00 07 00 00 00 00 00 12 	*...............
	

17/04/2011 10:42:39 - SNAC: (0001,000f), flags = 0000, requestID = ce624840
FLAP: channel = 2, sequence = 6fcc, datasize = c5
00 01 00 0f 00 00 ce 62 48 40 09 36 32 35 38 35 	.......bH@.62585
30 36 32 36 00 00 00 0e 00 01 00 02 00 51 00 05 	0626.........Q..
00 04 4d a6 cb 05 00 0d 00 40 09 19 19 82 de ad 	..M......@......
be ef ca fe 44 45 53 54 00 00 09 46 13 43 4c 7f 	....DEST...F.CL.
11 d1 82 22 44 45 53 54 00 00 09 46 13 45 4c 7f 	..."DEST...F.EL.
11 d1 82 22 44 45 53 54 00 00 74 8f 24 20 62 87 	..."DEST..t.$ b.
11 d1 82 22 44 45 53 54 00 00 00 0f 00 04 00 00 	..."DEST........
00 0a 00 03 00 04 4d aa 99 e4 00 15 00 04 00 00 	......M.........
08 00 00 0a 00 04 84 40 51 bc 00 22 00 02 05 ce 	.......@Q.."....
00 1e 00 04 00 00 00 00 00 28 00 01 0f 00 2d 00 	.........(....-.
04 00 00 00 00 00 2c 00 04 00 00 00 00 00 18 00 	......,.........
0c 4f 66 65 72 66 72 69 64 20 53 4d 53 00 37 00 	.Oferfrid SMS.7.
04 00 00 00 00 	.....

17/04/2011 10:42:39 - Connection 1 sent SNAC(04,02), 32 bytes
2a 02 00 13 00 1a 00 04 00 02 00 00 00 00 00 13 	*...............
00 00 00 00 01 1b 1f 40 03 e7 03 e7 00 00 00 00 	.......@........
	

17/04/2011 10:42:40 - SNAC: (0001,0021), flags = 0000, requestID = ce624a64
FLAP: channel = 2, sequence = 6fcd, datasize = 12
00 01 00 21 00 00 ce 62 4a 64 00 02 04 00 00 0d 	...!...bJd......
04 00 	..

17/04/2011 10:42:40 - SNAC: (0003,000a), flags = 0000, requestID = ce624aa1
FLAP: channel = 2, sequence = 6fcf, datasize = 28
00 03 00 0a 00 00 ce 62 4a a1 09 6f 66 65 72 70 	.......bJ..oferp
68 6f 6e 65 09 36 35 31 37 39 23 65 78 74 09 32 	hone.65179#ext.2
32 31 33 34 35 31 38 32 	21345182

17/04/2011 10:42:40 - SNAC: (0001,000f), flags = 8000, requestID = ce624aa5
FLAP: channel = 2, sequence = 6fd0, datasize = cd
00 01 00 0f 80 00 ce 62 4a a5 00 06 00 01 00 02 	.......bJ.......
00 03 09 36 32 35 38 35 30 36 32 36 00 00 00 0e 	...625850626....
00 01 00 02 00 51 00 05 00 04 4d a6 cb 05 00 0d 	.....Q....M.....
00 40 09 19 19 82 de ad be ef ca fe 44 45 53 54 	.@..........DEST
00 00 09 46 13 43 4c 7f 11 d1 82 22 44 45 53 54 	...F.CL...."DEST
00 00 09 46 13 45 4c 7f 11 d1 82 22 44 45 53 54 	...F.EL...."DEST
00 00 74 8f 24 20 62 87 11 d1 82 22 44 45 53 54 	..t.$ b...."DEST
00 00 00 0f 00 04 00 00 00 0b 00 03 00 04 4d aa 	..............M.
99 e4 00 15 00 04 00 00 08 00 00 0a 00 04 84 40 	...............@
51 bc 00 22 00 02 05 ce 00 1e 00 04 00 00 00 00 	Q.."............
00 28 00 01 0f 00 2d 00 04 00 00 00 00 00 2c 00 	.(....-.......,.
04 00 00 00 00 00 18 00 0c 4f 66 65 72 66 72 69 	.........Oferfri
64 20 53 4d 53 00 37 00 04 00 00 00 00 	d SMS.7......

17/04/2011 10:42:40 - SNAC: (000b,0002), flags = 0000, requestID = ce624aa0
FLAP: channel = 2, sequence = 6fce, datasize = 0e
00 0b 00 02 00 00 ce 62 4a a0 00 1e 00 00 	.......bJ.....

17/04/2011 10:42:40 - SNAC: (0003,000c), flags = 0000, requestID = ce624ad3
FLAP: channel = 2, sequence = 6fd1, datasize = 50
00 03 00 0c 00 00 ce 62 4a d3 09 33 38 39 34 34 	.......bJ..38944
34 31 31 38 00 00 00 03 00 01 00 02 00 00 00 37 	4118...........7
00 04 00 00 00 00 00 1d 00 26 00 02 04 1a 00 16 	.........&......
49 27 6d 20 6e 6f 74 20 68 65 72 65 20 72 69 67 	I'm not here rig
68 74 20 6e 6f 77 00 00 00 0d 04 04 4d a3 9c cc 	ht now......M...
	

17/04/2011 10:43:40 - Sent keepalive over connection 1

17/04/2011 10:43:42 - SNAC: (0003,000b), flags = 0000, requestID = ce62b6bf
FLAP: channel = 2, sequence = 6fd2, datasize = 8d
00 03 00 0b 00 00 ce 62 b6 bf 09 33 38 39 34 34 	.......b...38944
34 31 31 38 00 00 00 08 00 01 00 02 00 10 00 05 	4118............
00 04 47 9d c2 02 00 0f 00 04 00 00 00 00 00 03 	..G.............
00 04 4d aa 9a 2e 00 29 00 04 4d a3 9c cc 00 37 	..M....)..M....7
00 04 00 00 00 00 00 0d 00 10 09 46 13 4e 4c 7f 	...........F.NL.
11 d1 82 22 44 45 53 54 00 00 00 1d 00 2f 00 01 	..."DEST...../..
00 05 02 01 d2 04 72 00 0d 04 04 4d a3 9c cc 00 	......r....M....
02 04 1a 00 16 49 27 6d 20 6e 6f 74 20 68 65 72 	.....I'm not her
65 20 72 69 67 68 74 20 6e 6f 77 00 00 	e right now..

17/04/2011 10:43:42 - Connection 1 sent SNAC(02,05), 28 bytes
2a 02 00 15 00 16 00 02 00 05 00 00 00 00 00 14 	*...............
00 03 09 33 38 39 34 34 34 31 31 38 	...389444118

17/04/2011 10:43:42 - SNAC: (0002,0006), flags = 0000, requestID = 00000014
FLAP: channel = 2, sequence = 6fd3, datasize = 93
00 02 00 06 00 00 00 00 00 14 09 33 38 39 34 34 	...........38944
34 31 31 38 00 00 00 09 00 01 00 02 00 10 00 05 	4118............
00 04 47 9d c2 02 00 0d 00 10 09 46 13 4e 4c 7f 	..G........F.NL.
11 d1 82 22 44 45 53 54 00 00 00 19 00 02 13 4e 	..."DEST.......N
00 0f 00 04 00 00 00 00 00 1d 00 2f 00 01 00 05 	.........../....
02 01 d2 04 72 00 02 04 1a 00 16 49 27 6d 20 6e 	....r......I'm n
6f 74 20 68 65 72 65 20 72 69 67 68 74 20 6e 6f 	ot here right no
77 00 00 00 0d 04 04 4d a3 9c cc 00 03 00 04 4d 	w......M.......M
aa 9a 2e 00 29 00 04 4d a3 9c cc 00 37 00 04 00 	....)..M....7...
00 00 00 	...

17/04/2011 10:44:11 - SNAC: (0003,000b), flags = 0000, requestID = ce62ff5d
FLAP: channel = 2, sequence = 6fd4, datasize = 8d
00 03 00 0b 00 00 ce 62 ff 5d 09 33 38 39 34 34 	.......b.].38944
34 31 31 38 00 00 00 08 00 01 00 02 00 10 00 05 	4118............
00 04 47 9d c2 02 00 0f 00 04 00 00 00 1d 00 03 	..G.............
00 04 4d aa 9a 2e 00 29 00 04 4d a3 9c cc 00 37 	..M....)..M....7
00 04 00 00 00 00 00 0d 00 10 09 46 13 4e 4c 7f 	...........F.NL.
11 d1 82 22 44 45 53 54 00 00 00 1d 00 2f 00 01 	..."DEST...../..
00 05 02 01 d2 04 72 00 0d 04 04 4d a3 9c cc 00 	......r....M....
02 04 1a 00 16 49 27 6d 20 6e 6f 74 20 68 65 72 	.....I'm not her
65 20 72 69 67 68 74 20 6e 6f 77 00 00 	e right now..

17/04/2011 10:44:11 - Connection 1 sent SNAC(02,05), 28 bytes
2a 02 00 16 00 16 00 02 00 05 00 00 00 00 00 15 	*...............
00 03 09 33 38 39 34 34 34 31 31 38 	...389444118

17/04/2011 10:44:11 - SNAC: (0002,0006), flags = 0000, requestID = 00000015
FLAP: channel = 2, sequence = 6fd5, datasize = 93
00 02 00 06 00 00 00 00 00 15 09 33 38 39 34 34 	...........38944
34 31 31 38 00 00 00 09 00 01 00 02 00 10 00 05 	4118............
00 04 47 9d c2 02 00 0d 00 10 09 46 13 4e 4c 7f 	..G........F.NL.
11 d1 82 22 44 45 53 54 00 00 00 19 00 02 13 4e 	..."DEST.......N
00 0f 00 04 00 00 00 1d 00 1d 00 2f 00 01 00 05 	.........../....
02 01 d2 04 72 00 02 04 1a 00 16 49 27 6d 20 6e 	....r......I'm n
6f 74 20 68 65 72 65 20 72 69 67 68 74 20 6e 6f 	ot here right no
77 00 00 00 0d 04 04 4d a3 9c cc 00 03 00 04 4d 	w......M.......M
aa 9a 2e 00 29 00 04 4d a3 9c cc 00 37 00 04 00 	....)..M....7...
00 00 00 	...

17/04/2011 10:44:35 - SNAC: (0004,0014), flags = 0000, requestID = ce6339d6
FLAP: channel = 2, sequence = 6fd6, datasize = 20
00 04 00 14 00 00 ce 63 39 d6 63 9a aa 4d 00 00 	.......c9.c..M..
00 00 00 01 09 33 38 39 34 34 34 31 31 38 00 02 	.....389444118..
	

17/04/2011 10:44:44 - SNAC: (0004,0014), flags = 0000, requestID = ce63438f
FLAP: channel = 2, sequence = 6fd7, datasize = 20
00 04 00 14 00 00 ce 63 43 8f 67 9a aa 4d 00 00 	.......cC.g..M..
00 00 00 01 09 33 38 39 34 34 34 31 31 38 00 01 	.....389444118..
	

17/04/2011 10:44:58 - SNAC: (0004,0014), flags = 0000, requestID = ce636e3b
FLAP: channel = 2, sequence = 6fd8, datasize = 20
00 04 00 14 00 00 ce 63 6e 3b 79 9a aa 4d 00 00 	.......cn;y..M..
00 00 00 01 09 33 38 39 34 34 34 31 31 38 00 00 	.....389444118..
	

17/04/2011 10:44:58 - SNAC: (0004,0007), flags = 0000, requestID = ce636e47
FLAP: channel = 2, sequence = 6fd9, datasize = c6
00 04 00 07 00 00 ce 63 6e 47 79 9a aa 4d 00 00 	.......cnGy..M..
00 00 00 01 09 33 38 39 34 34 34 31 31 38 00 00 	.....389444118..
00 09 00 01 00 02 00 10 00 05 00 04 47 9d c2 02 	............G...
00 0d 00 10 09 46 13 4e 4c 7f 11 d1 82 22 44 45 	.....F.NL...."DE
53 54 00 00 00 19 00 02 13 4e 00 0f 00 04 00 00 	ST.......N......
00 4b 00 1d 00 09 00 01 00 05 02 01 d2 04 72 00 	.K............r.
03 00 04 4d aa 9a 2e 00 29 00 04 4d a3 9c cc 00 	...M....)..M....
37 00 04 00 00 00 00 00 02 00 12 05 01 00 02 01 	7...............
06 01 01 00 08 00 00 00 00 31 32 33 34 00 24 00 	.........1234.$.
24 39 37 63 31 34 33 35 32 2d 36 38 63 36 2d 31 	$97c14352-68c6-1
31 65 30 2d 61 61 62 34 2d 30 30 32 33 37 64 35 	1e0-aab4-00237d5
65 36 63 39 34 00 0b 00 00 00 16 00 04 4d aa 9a 	e6c94........M..
79 00 13 00 01 16 	y.....

17/04/2011 10:45:01 - SNAC: (0003,000b), flags = 0000, requestID = ce636ed5
FLAP: channel = 2, sequence = 6fda, datasize = 8d
00 03 00 0b 00 00 ce 63 6e d5 09 33 38 39 34 34 	.......cn..38944
34 31 31 38 00 00 00 08 00 01 00 02 00 10 00 05 	4118............
00 04 47 9d c2 02 00 0f 00 04 00 00 00 4c 00 03 	..G..........L..
00 04 4d aa 9a 2e 00 29 00 04 4d a3 9c cc 00 37 	..M....)..M....7
00 04 00 00 00 00 00 0d 00 10 09 46 13 4e 4c 7f 	...........F.NL.
11 d1 82 22 44 45 53 54 00 00 00 1d 00 2f 00 01 	..."DEST...../..
00 05 02 01 d2 04 72 00 0d 04 04 4d a3 9c cc 00 	......r....M....
02 04 1a 00 16 49 27 6d 20 6e 6f 74 20 68 65 72 	.....I'm not her
65 20 72 69 67 68 74 20 6e 6f 77 00 00 	e right now..

17/04/2011 10:45:02 - Connection 1 sent SNAC(02,05), 28 bytes
2a 02 00 17 00 16 00 02 00 05 00 00 00 00 00 16 	*...............
00 03 09 33 38 39 34 34 34 31 31 38 	...389444118

17/04/2011 10:45:02 - SNAC: (0002,0006), flags = 0000, requestID = 00000016
FLAP: channel = 2, sequence = 6fdb, datasize = 93
00 02 00 06 00 00 00 00 00 16 09 33 38 39 34 34 	...........38944
34 31 31 38 00 00 00 09 00 01 00 02 00 10 00 05 	4118............
00 04 47 9d c2 02 00 0d 00 10 09 46 13 4e 4c 7f 	..G........F.NL.
11 d1 82 22 44 45 53 54 00 00 00 19 00 02 13 4e 	..."DEST.......N
00 0f 00 04 00 00 00 50 00 1d 00 2f 00 01 00 05 	.......P.../....
02 01 d2 04 72 00 02 04 1a 00 16 49 27 6d 20 6e 	....r......I'm n
6f 74 20 68 65 72 65 20 72 69 67 68 74 20 6e 6f 	ot here right no
77 00 00 00 0d 04 04 4d a3 9c cc 00 03 00 04 4d 	w......M.......M
aa 9a 2e 00 29 00 04 4d a3 9c cc 00 37 00 04 00 	....)..M....7...
00 00 00 	...

17/04/2011 10:46:02 - Sent keepalive over connection 1

17/04/2011 10:46:04 - SNAC: (0004,0014), flags = 0000, requestID = ce640cf4
FLAP: channel = 2, sequence = 6fdc, datasize = 20
00 04 00 14 00 00 ce 64 0c f4 bc 9a aa 4d 00 00 	.......d.....M..
00 00 00 01 09 33 38 39 34 34 34 31 31 38 00 02 	.....389444118..
	

17/04/2011 10:46:09 - SNAC: (0004,0014), flags = 0000, requestID = ce64170f
FLAP: channel = 2, sequence = 6fdd, datasize = 20
00 04 00 14 00 00 ce 64 17 0f c0 9a aa 4d 00 00 	.......d.....M..
00 00 00 01 09 33 38 39 34 34 34 31 31 38 00 01 	.....389444118..
	

17/04/2011 10:46:14 - SNAC: (0004,0014), flags = 0000, requestID = ce642655
FLAP: channel = 2, sequence = 6fde, datasize = 20
00 04 00 14 00 00 ce 64 26 55 c5 9a aa 4d 00 00 	.......d&U...M..
00 00 00 01 09 33 38 39 34 34 34 31 31 38 00 00 	.....389444118..
	

17/04/2011 10:46:14 - SNAC: (0004,0007), flags = 0000, requestID = ce642657
FLAP: channel = 2, sequence = 6fdf, datasize = c6
00 04 00 07 00 00 ce 64 26 57 c5 9a aa 4d 00 00 	.......d&W...M..
00 00 00 01 09 33 38 39 34 34 34 31 31 38 00 00 	.....389444118..
00 09 00 01 00 02 00 10 00 05 00 04 47 9d c2 02 	............G...
00 0d 00 10 09 46 13 4e 4c 7f 11 d1 82 22 44 45 	.....F.NL...."DE
53 54 00 00 00 19 00 02 13 4e 00 0f 00 04 00 00 	ST.......N......
00 97 00 1d 00 09 00 01 00 05 02 01 d2 04 72 00 	..............r.
03 00 04 4d aa 9a 2e 00 29 00 04 4d a3 9c cc 00 	...M....)..M....
37 00 04 00 00 00 00 00 02 00 12 05 01 00 02 01 	7...............
06 01 01 00 08 00 00 00 00 31 32 33 34 00 24 00 	.........1234.$.
24 63 34 65 36 63 35 39 36 2d 36 38 63 36 2d 31 	$c4e6c596-68c6-1
31 65 30 2d 39 62 30 61 2d 30 30 32 33 37 64 35 	1e0-9b0a-00237d5
65 36 63 39 34 00 0b 00 00 00 16 00 04 4d aa 9a 	e6c94........M..
c5 00 13 00 01 16 	......

17/04/2011 11:14:28 - Sent keepalive over connection 1

17/04/2011 11:15:06 - SNAC: (0004,0014), flags = 0000, requestID = ce73de66
FLAP: channel = 2, sequence = 6fe0, datasize = 20
00 04 00 14 00 00 ce 73 de 66 89 a1 aa 4d 00 00 	.......s.f...M..
00 00 00 01 09 33 38 39 34 34 34 31 31 38 00 02 	.....389444118..
	

17/04/2011 11:15:07 - SNAC: (0004,0014), flags = 0000, requestID = ce73e338
FLAP: channel = 2, sequence = 6fe1, datasize = 20
00 04 00 14 00 00 ce 73 e3 38 8b a1 aa 4d 00 00 	.......s.8...M..
00 00 00 01 09 33 38 39 34 34 34 31 31 38 00 00 	.....389444118..
	

17/04/2011 11:15:09 - SNAC: (0004,0014), flags = 0000, requestID = ce73e721
FLAP: channel = 2, sequence = 6fe2, datasize = 20
00 04 00 14 00 00 ce 73 e7 21 8c a1 aa 4d 00 00 	.......s.!...M..
00 00 00 01 09 33 38 39 34 34 34 31 31 38 00 02 	.....389444118..
	

17/04/2011 11:15:14 - SNAC: (0004,0014), flags = 0000, requestID = ce73f2a7
FLAP: channel = 2, sequence = 6fe3, datasize = 20
00 04 00 14 00 00 ce 73 f2 a7 91 a1 aa 4d 00 00 	.......s.....M..
00 00 00 01 09 33 38 39 34 34 34 31 31 38 00 01 	.....389444118..
	

17/04/2011 11:15:14 - SNAC: (0004,0014), flags = 0000, requestID = ce73f346
FLAP: channel = 2, sequence = 6fe4, datasize = 20
00 04 00 14 00 00 ce 73 f3 46 91 a1 aa 4d 00 00 	.......s.F...M..
00 00 00 01 09 33 38 39 34 34 34 31 31 38 00 00 	.....389444118..
	

17/04/2011 11:15:14 - SNAC: (0004,0007), flags = 0000, requestID = ce73f381
FLAP: channel = 2, sequence = 6fe5, datasize = c6
00 04 00 07 00 00 ce 73 f3 81 91 a1 aa 4d 00 00 	.......s.....M..
00 00 00 01 09 33 38 39 34 34 34 31 31 38 00 00 	.....389444118..
00 09 00 01 00 02 00 10 00 05 00 04 47 9d c2 02 	............G...
00 0d 00 10 09 46 13 4e 4c 7f 11 d1 82 22 44 45 	.....F.NL...."DE
53 54 00 00 00 19 00 02 13 4e 00 0f 00 04 00 00 	ST.......N......
07 63 00 1d 00 09 00 01 00 05 02 01 d2 04 72 00 	.c............r.
03 00 04 4d aa 9a 2e 00 29 00 04 4d a3 9c cc 00 	...M....)..M....
37 00 04 00 00 00 00 00 02 00 12 05 01 00 02 01 	7...............
06 01 01 00 08 00 00 00 00 34 33 32 31 00 24 00 	.........4321.$.
24 64 32 32 38 62 34 35 34 2d 36 38 63 61 2d 31 	$d228b454-68ca-1
31 65 30 2d 61 62 65 66 2d 30 30 32 33 37 64 35 	1e0-abef-00237d5
65 36 63 39 34 00 0b 00 00 00 16 00 04 4d aa a1 	e6c94........M..
91 00 13 00 01 16 	......

17/04/2011 11:18:27 - Sent keepalive over connection 1

17/04/2011 11:18:27 - SNAC: (0003,000b), flags = 0000, requestID = ce73f3d6
FLAP: channel = 2, sequence = 6fe6, datasize = 8d
00 03 00 0b 00 00 ce 73 f3 d6 09 33 38 39 34 34 	.......s...38944
34 31 31 38 00 00 00 08 00 01 00 02 00 10 00 05 	4118............
00 04 47 9d c2 02 00 0f 00 04 00 00 07 64 00 03 	..G..........d..
00 04 4d aa 9a 2e 00 29 00 04 4d a3 9c cc 00 37 	..M....)..M....7
00 04 00 00 00 00 00 0d 00 10 09 46 13 4e 4c 7f 	...........F.NL.
11 d1 82 22 44 45 53 54 00 00 00 1d 00 2f 00 01 	..."DEST...../..
00 05 02 01 d2 04 72 00 0d 04 04 4d a3 9c cc 00 	......r....M....
02 04 1a 00 16 49 27 6d 20 6e 6f 74 20 68 65 72 	.....I'm not her
65 20 72 69 67 68 74 20 6e 6f 77 00 00 	e right now..

17/04/2011 11:18:27 - Connection 1 sent SNAC(02,05), 28 bytes
2a 02 00 1b 00 16 00 02 00 05 00 00 00 00 00 17 	*...............
00 03 09 33 38 39 34 34 34 31 31 38 	...389444118

17/04/2011 11:18:28 - SNAC: (0002,0006), flags = 0000, requestID = 00000017
FLAP: channel = 2, sequence = 6fe7, datasize = 93
00 02 00 06 00 00 00 00 00 17 09 33 38 39 34 34 	...........38944
34 31 31 38 00 00 00 09 00 01 00 02 00 10 00 05 	4118............
00 04 47 9d c2 02 00 0d 00 10 09 46 13 4e 4c 7f 	..G........F.NL.
11 d1 82 22 44 45 53 54 00 00 00 19 00 02 13 4e 	..."DEST.......N
00 0f 00 04 00 00 08 25 00 1d 00 2f 00 01 00 05 	.......%.../....
02 01 d2 04 72 00 02 04 1a 00 16 49 27 6d 20 6e 	....r......I'm n
6f 74 20 68 65 72 65 20 72 69 67 68 74 20 6e 6f 	ot here right no
77 00 00 00 0d 04 04 4d a3 9c cc 00 03 00 04 4d 	w......M.......M
aa 9a 2e 00 29 00 04 4d a3 9c cc 00 37 00 04 00 	....)..M....7...
00 00 00 	...

17/04/2011 11:19:28 - Sent keepalive over connection 1

17/04/2011 11:20:28 - Sent keepalive over connection 1

17/04/2011 11:21:28 - Sent keepalive over connection 1

17/04/2011 11:22:28 - Sent keepalive over connection 1

17/04/2011 11:23:28 - Sent keepalive over connection 1

17/04/2011 11:24:28 - Sent keepalive over connection 1

17/04/2011 11:25:28 - Sent keepalive over connection 1

17/04/2011 11:26:28 - Sent keepalive over connection 1

17/04/2011 11:27:28 - Sent keepalive over connection 1

17/04/2011 11:28:28 - Sent keepalive over connection 1

17/04/2011 11:29:28 - Sent keepalive over connection 1

17/04/2011 11:30:28 - Sent keepalive over connection 1

17/04/2011 11:30:55 - SNAC: (0003,000b), flags = 0000, requestID = ce7d1072
FLAP: channel = 2, sequence = 6fe8, datasize = 8d
00 03 00 0b 00 00 ce 7d 10 72 09 33 38 39 34 34 	.......}.r.38944
34 31 31 38 00 00 00 08 00 01 00 02 00 10 00 05 	4118............
00 04 47 9d c2 02 00 0f 00 04 00 00 0b 11 00 03 	..G.............
00 04 4d aa 9a 2e 00 29 00 04 4d a3 9c cc 00 37 	..M....)..M....7
00 04 00 00 00 00 00 0d 00 10 09 46 13 4e 4c 7f 	...........F.NL.
11 d1 82 22 44 45 53 54 00 00 00 1d 00 2f 00 01 	..."DEST...../..
00 05 02 01 d2 04 72 00 0d 04 04 4d a3 9c cc 00 	......r....M....
02 04 1a 00 16 49 27 6d 20 6e 6f 74 20 68 65 72 	.....I'm not her
65 20 72 69 67 68 74 20 6e 6f 77 00 00 	e right now..

17/04/2011 11:30:55 - Connection 1 sent SNAC(02,05), 28 bytes
2a 02 00 28 00 16 00 02 00 05 00 00 00 00 00 18 	*..(............
00 03 09 33 38 39 34 34 34 31 31 38 	...389444118

17/04/2011 11:30:56 - SNAC: (0002,0006), flags = 0000, requestID = 00000018
FLAP: channel = 2, sequence = 6fe9, datasize = 93
00 02 00 06 00 00 00 00 00 18 09 33 38 39 34 34 	...........38944
34 31 31 38 00 00 00 09 00 01 00 02 00 10 00 05 	4118............
00 04 47 9d c2 02 00 0d 00 10 09 46 13 4e 4c 7f 	..G........F.NL.
11 d1 82 22 44 45 53 54 00 00 00 19 00 02 13 4e 	..."DEST.......N
00 0f 00 04 00 00 0b 11 00 1d 00 2f 00 01 00 05 	.........../....
02 01 d2 04 72 00 02 04 1a 00 16 49 27 6d 20 6e 	....r......I'm n
6f 74 20 68 65 72 65 20 72 69 67 68 74 20 6e 6f 	ot here right no
77 00 00 00 0d 04 04 4d a3 9c cc 00 03 00 04 4d 	w......M.......M
aa 9a 2e 00 29 00 04 4d a3 9c cc 00 37 00 04 00 	....)..M....7...
00 00 00 	...

17/04/2011 11:31:56 - Sent keepalive over connection 1

17/04/2011 11:32:56 - Sent keepalive over connection 1

17/04/2011 11:33:45 - Connection 1 sent SNAC(15,02), 359 bytes
2a 02 00 2b 01 61 00 15 00 02 00 00 00 00 00 19 	*..+.a..........
00 01 01 53 51 01 02 b9 4d 25 d0 07 19 00 82 14 	...SQ...M%......
00 01 00 16 00 00 00 00 00 00 00 00 00 00 00 00 	................
00 00 00 00 00 00 01 2f 3c 69 63 71 5f 73 6d 73 	......./<icq_sms
5f 6d 65 73 73 61 67 65 3e 3c 64 65 73 74 69 6e 	_message><destin
61 74 69 6f 6e 3e 2b 39 37 32 35 34 34 35 32 36 	ation>+972544526
33 39 31 3c 2f 64 65 73 74 69 6e 61 74 69 6f 6e 	391</destination
3e 3c 74 65 78 74 3e 66 67 61 73 64 67 73 3c 2f 	><text>fgasdgs</
74 65 78 74 3e 3c 63 6f 64 65 70 61 67 65 3e 31 	text><codepage>1
32 35 32 3c 2f 63 6f 64 65 70 61 67 65 3e 3c 65 	252</codepage><e
6e 63 6f 64 69 6e 67 3e 75 74 66 38 3c 2f 65 6e 	ncoding>utf8</en
63 6f 64 69 6e 67 3e 3c 73 65 6e 64 65 72 73 5f 	coding><senders_
55 49 4e 3e 36 32 35 38 35 30 36 32 36 3c 2f 73 	UIN>625850626</s
65 6e 64 65 72 73 5f 55 49 4e 3e 3c 73 65 6e 64 	enders_UIN><send
65 72 73 5f 6e 61 6d 65 3e 6f 66 65 72 20 70 68 	ers_name>ofer ph
6f 6e 65 3c 2f 73 65 6e 64 65 72 73 5f 6e 61 6d 	one</senders_nam
65 3e 3c 64 65 6c 69 76 65 72 79 5f 72 65 63 65 	e><delivery_rece
69 70 74 3e 59 65 73 3c 2f 64 65 6c 69 76 65 72 	ipt>Yes</deliver
79 5f 72 65 63 65 69 70 74 3e 3c 74 69 6d 65 3e 	y_receipt><time>
53 75 6e 2c 20 31 37 20 41 70 72 20 32 30 31 31 	Sun, 17 Apr 2011
20 31 31 3a 33 33 3a 34 35 20 47 4d 54 3c 2f 74 	 11:33:45 GMT</t
69 6d 65 3e 3c 2f 69 63 71 5f 73 6d 73 5f 6d 65 	ime></icq_sms_me
73 73 61 67 65 3e 00 	ssage>.

17/04/2011 11:33:46 - SNAC: (0015,0003), flags = 0000, requestID = 00000019
FLAP: channel = 2, sequence = 6fea, datasize = 10b
00 15 00 03 00 00 00 00 00 19 00 01 00 fd fb 00 	................
02 b9 4d 25 da 07 19 00 96 00 0a 00 01 00 08 00 	..M%............
01 00 00 00 e6 3c 73 6d 73 5f 72 65 73 70 6f 6e 	.....<sms_respon
73 65 3e 3c 73 6f 75 72 63 65 3e 6f 72 61 6e 67 	se><source>orang
65 20 49 4c 20 0d 0a 09 68 74 74 70 3a 2f 2f 77 	e IL ...http://w
77 77 2e 6f 72 61 6e 67 65 2e 63 6f 2e 69 6c 3c 	ww.orange.co.il<
2f 73 6f 75 72 63 65 3e 3c 64 65 6c 69 76 65 72 	/source><deliver
61 62 6c 65 3e 59 65 73 3c 2f 64 65 6c 69 76 65 	able>Yes</delive
72 61 62 6c 65 3e 3c 6e 65 74 77 6f 72 6b 3e 4f 	rable><network>O
72 61 6e 67 65 3c 2f 6e 65 74 77 6f 72 6b 3e 3c 	range</network><
6d 65 73 73 61 67 65 5f 69 64 3e 36 32 35 38 35 	message_id>62585
30 36 32 36 2d 31 35 2d 31 33 30 33 30 32 39 32 	0626-15-13030292
32 35 2d 39 37 32 35 34 34 35 32 36 33 39 31 3c 	25-972544526391<
2f 6d 65 73 73 61 67 65 5f 69 64 3e 3c 6d 65 73 	/message_id><mes
73 61 67 65 73 5f 6c 65 66 74 3e 30 3c 2f 6d 65 	sages_left>0</me
73 73 61 67 65 73 5f 6c 65 66 74 3e 3c 2f 73 6d 	ssages_left></sm
73 5f 72 65 73 70 6f 6e 73 65 3e 	s_response>

17/04/2011 11:34:46 - Sent keepalive over connection 1

17/04/2011 11:35:15 - SNAC: (0004,0007), flags = 0000, requestID = ce7f93ee
FLAP: channel = 2, sequence = 6feb, datasize = 140
00 04 00 07 00 00 ce 7f 93 ee 4d aa a6 43 00 2a 	..........M..C.*
0c e4 00 04 04 31 30 30 32 00 00 00 02 00 01 00 	.....1002.......
02 00 d0 00 37 00 04 00 00 00 00 00 05 00 e9 ea 	....7...........
03 00 00 1a 00 01 00 00 20 00 0e 28 f6 00 11 e7 	........ ..(....
d3 11 bc f3 00 04 ac 96 9d c2 00 00 07 00 00 00 	................
49 43 51 53 4d 53 00 00 00 00 ba 00 00 00 b6 00 	ICQSMS..........
00 00 3c 73 6d 73 5f 6d 65 73 73 61 67 65 3e 3c 	..<sms_message><
73 6f 75 72 63 65 3e 49 43 51 3c 2f 73 6f 75 72 	source>ICQ</sour
63 65 3e 3c 64 65 73 74 69 6e 61 74 69 6f 6e 5f 	ce><destination_
55 49 4e 3e 36 32 35 38 35 30 36 32 36 3c 2f 64 	UIN>625850626</d
65 73 74 69 6e 61 74 69 6f 6e 5f 55 49 4e 3e 3c 	estination_UIN><
73 65 6e 64 65 72 3e 2b 39 37 32 35 34 34 35 32 	sender>+97254452
36 33 39 31 3c 2f 73 65 6e 64 65 72 3e 3c 74 65 	6391</sender><te
78 74 3e 31 32 33 34 35 36 3c 2f 74 65 78 74 3e 	xt>123456</text>
3c 74 69 6d 65 3e 53 75 6e 2c 20 31 37 20 41 70 	<time>Sun, 17 Ap
72 20 32 30 31 31 20 30 34 3a 33 35 3a 31 35 20 	r 2011 04:35:15 
45 44 54 3c 2f 74 69 6d 65 3e 3c 2f 73 6d 73 5f 	EDT</time></sms_
6d 65 73 73 61 67 65 3e 00 24 00 24 39 65 31 33 	message>.$.$9e13
37 37 31 34 2d 36 38 63 64 2d 31 31 65 30 2d 61 	7714-68cd-11e0-a
36 63 64 2d 30 30 32 33 37 64 64 62 62 38 63 32 	6cd-00237ddbb8c2
	

17/04/2011 12:41:10 - Sent keepalive over connection 1

17/04/2011 12:41:20 - SNAC: (0003,000b), flags = 0000, requestID = ce9bd9c9
FLAP: channel = 2, sequence = 6fec, datasize = 8d
00 03 00 0b 00 00 ce 9b d9 c9 09 33 38 39 34 34 	...........38944
34 31 31 38 00 00 00 08 00 01 00 02 00 10 00 05 	4118............
00 04 47 9d c2 02 00 0f 00 04 00 00 16 d7 00 03 	..G.............
00 04 4d aa 9a 2e 00 29 00 04 4d a3 9c cc 00 37 	..M....)..M....7
00 04 00 00 00 00 00 0d 00 10 09 46 13 4e 4c 7f 	...........F.NL.
11 d1 82 22 44 45 53 54 00 00 00 1d 00 2f 00 01 	..."DEST...../..
00 05 02 01 d2 04 72 00 0d 04 04 4d a3 9c cc 00 	......r....M....
02 04 1a 00 16 49 27 6d 20 6e 6f 74 20 68 65 72 	.....I'm not her
65 20 72 69 67 68 74 20 6e 6f 77 00 00 	e right now..

17/04/2011 12:41:20 - SNAC: (0004,0007), flags = 0000, requestID = cea841b1
FLAP: channel = 2, sequence = 6fed, datasize = 14e
00 04 00 07 00 00 ce a8 41 b1 4d aa b5 88 00 2a 	........A.M....*
0e 40 00 04 04 31 30 30 32 00 00 00 02 00 01 00 	.@...1002.......
02 00 d0 00 37 00 04 00 00 00 00 00 05 00 f7 ea 	....7...........
03 00 00 1a 00 01 00 00 20 00 0e 28 f6 00 11 e7 	........ ..(....
d3 11 bc f3 00 04 ac 96 9d c2 00 00 07 00 00 00 	................
49 43 51 53 4d 53 00 00 00 00 c8 00 00 00 c4 00 	ICQSMS..........
00 00 3c 73 6d 73 5f 6d 65 73 73 61 67 65 3e 3c 	..<sms_message><
73 6f 75 72 63 65 3e 49 43 51 3c 2f 73 6f 75 72 	source>ICQ</sour
63 65 3e 3c 64 65 73 74 69 6e 61 74 69 6f 6e 5f 	ce><destination_
55 49 4e 3e 36 32 35 38 35 30 36 32 36 3c 2f 64 	UIN>625850626</d
65 73 74 69 6e 61 74 69 6f 6e 5f 55 49 4e 3e 3c 	estination_UIN><
73 65 6e 64 65 72 3e 2b 39 37 32 35 34 34 35 32 	sender>+97254452
36 33 39 31 3c 2f 73 65 6e 64 65 72 3e 3c 74 65 	6391</sender><te
78 74 3e 30 31 32 33 34 35 36 37 38 39 30 31 32 	xt>0123456789012
33 34 35 36 37 38 39 3c 2f 74 65 78 74 3e 3c 74 	3456789</text><t
69 6d 65 3e 53 75 6e 2c 20 31 37 20 41 70 72 20 	ime>Sun, 17 Apr 
32 30 31 31 20 30 35 3a 34 30 3a 32 34 20 45 44 	2011 05:40:24 ED
54 3c 2f 74 69 6d 65 3e 3c 2f 73 6d 73 5f 6d 65 	T</time></sms_me
73 73 61 67 65 3e 00 24 00 24 62 38 38 65 64 30 	ssage>.$.$b88ed0
34 65 2d 36 38 64 36 2d 31 31 65 30 2d 61 62 34 	4e-68d6-11e0-ab4
62 2d 30 30 32 33 37 64 64 62 62 38 63 32 	b-00237ddbb8c2

17/04/2011 12:41:21 - Connection 1 sent SNAC(02,05), 28 bytes
2a 02 00 2e 00 16 00 02 00 05 00 00 00 00 00 1a 	*...............
00 03 09 33 38 39 34 34 34 31 31 38 	...389444118

17/04/2011 12:41:21 - SNAC: (0002,0006), flags = 0000, requestID = 0000001a
FLAP: channel = 2, sequence = 6fee, datasize = 93
00 02 00 06 00 00 00 00 00 1a 09 33 38 39 34 34 	...........38944
34 31 31 38 00 00 00 09 00 01 00 02 00 10 00 05 	4118............
00 04 47 9d c2 02 00 0d 00 10 09 46 13 4e 4c 7f 	..G........F.NL.
11 d1 82 22 44 45 53 54 00 00 00 19 00 02 13 4e 	..."DEST.......N
00 0f 00 04 00 00 1b 92 00 1d 00 2f 00 01 00 05 	.........../....
02 01 d2 04 72 00 02 04 1a 00 16 49 27 6d 20 6e 	....r......I'm n
6f 74 20 68 65 72 65 20 72 69 67 68 74 20 6e 6f 	ot here right no
77 00 00 00 0d 04 04 4d a3 9c cc 00 03 00 04 4d 	w......M.......M
aa 9a 2e 00 29 00 04 4d a3 9c cc 00 37 00 04 00 	....)..M....7...
00 00 00 	...

17/04/2011 12:42:21 - Sent keepalive over connection 1

17/04/2011 12:42:26 - SNAC: (0004,0007), flags = 0000, requestID = cea98d58
FLAP: channel = 2, sequence = 6fef, datasize = 154
00 04 00 07 00 00 ce a9 8d 58 4d aa b6 02 00 2a 	.........XM....*
0e 4b 00 04 04 31 30 30 32 00 00 00 02 00 01 00 	.K...1002.......
02 00 d0 00 37 00 04 00 00 00 00 00 05 00 fd ea 	....7...........
03 00 00 1a 00 01 00 00 20 00 0e 28 f6 00 11 e7 	........ ..(....
d3 11 bc f3 00 04 ac 96 9d c2 00 00 07 00 00 00 	................
49 43 51 53 4d 53 00 00 00 00 ce 00 00 00 ca 00 	ICQSMS..........
00 00 3c 73 6d 73 5f 6d 65 73 73 61 67 65 3e 3c 	..<sms_message><
73 6f 75 72 63 65 3e 49 43 51 3c 2f 73 6f 75 72 	source>ICQ</sour
63 65 3e 3c 64 65 73 74 69 6e 61 74 69 6f 6e 5f 	ce><destination_
55 49 4e 3e 36 32 35 38 35 30 36 32 36 3c 2f 64 	UIN>625850626</d
65 73 74 69 6e 61 74 69 6f 6e 5f 55 49 4e 3e 3c 	estination_UIN><
73 65 6e 64 65 72 3e 2b 39 37 32 35 34 34 35 32 	sender>+97254452
36 33 39 31 3c 2f 73 65 6e 64 65 72 3e 3c 74 65 	6391</sender><te
78 74 3e 30 31 32 33 34 35 36 37 38 39 30 31 32 	xt>0123456789012
33 34 35 36 37 38 39 30 20 6f 66 65 72 3c 2f 74 	34567890 ofer</t
65 78 74 3e 3c 74 69 6d 65 3e 53 75 6e 2c 20 31 	ext><time>Sun, 1
37 20 41 70 72 20 32 30 31 31 20 30 35 3a 34 32 	7 Apr 2011 05:42
3a 32 36 20 45 44 54 3c 2f 74 69 6d 65 3e 3c 2f 	:26 EDT</time></
73 6d 73 5f 6d 65 73 73 61 67 65 3e 00 24 00 24 	sms_message>.$.$
30 31 31 30 32 34 33 61 2d 36 38 64 37 2d 31 31 	0110243a-68d7-11
65 30 2d 39 34 66 65 2d 30 30 32 33 37 64 64 62 	e0-94fe-00237ddb
62 38 63 32 	b8c2

17/04/2011 13:00:03 - Sent keepalive over connection 1

